A D/855resolution////
A D/915resolution////
A D/9base////
A D/GWLib////
A D/acpi-iasl////
A D/acpidump////
A D/addnerd////
A D/adjustkernel////
A D/adtool////
A D/afbinit////
A D/amanda////
A D/amanda-client////
A D/amanda-common////
A D/amanda-dev////
A D/amanda-dev-client////
A D/amanda-dev-common////
A D/amanda-dev-plot////
A D/amanda-dev-server////
A D/amanda-plot////
A D/amanda-server////
A D/apcupsd////
A D/aperture////
A D/apotheke////
A D/asapm////
A D/atitvout////
A D/autoswc////
A D/bacula////
A D/bacula-client////
A D/bacula-clientonly////
A D/bacula-doc////
A D/bacula-gnome-console////
A D/bacula-tray-monitor////
A D/bacula-wx-console////
A D/bbsload////
A D/bchunk////
A D/bcmfw////
A D/bkpupsd////
A D/bsdgrep////
A D/bsign////
A D/btpin-qt////
A D/burn////
A D/c++rt0////
A D/capistrano////
A D/ccd2iso////
A D/ccze////
A D/cdbkup////
A D/cdrdao////
A D/cdrecord////
A D/cdrecord-current////
A D/cdrecord-devel////
A D/cdrecord-xcdroast////
A D/cdrkit////
A D/cdrtools////
A D/cdrtools-ossdvd////
A D/cfengine////
A D/cfengine2////
A D/cfengine2-doc////
A D/checkpassword////
A D/checkpassword-pam////
A D/checkperms////
A D/clex////
A D/coreutils////
A D/cpmtools////
A D/cpogm////
A D/cpuburn////
A D/cpuflags////
A D/cpuid////
A D/crashme////
A D/cvsreport////
A D/daemontools////
A D/dbus////
A D/dbus-glib////
A D/dbus-qt3////
A D/dd_rescue////
A D/dd_rhelp////
A D/depot////
A D/desktop-file-utils////
A D/detox////
A D/dfuibe_installer////
A D/dfuife_cgi////
A D/dfuife_curses////
A D/dirsize////
A D/dirvish////
A D/dmassage////
A D/dmesg2gif////
A D/dmidecode////
A D/dmsdos////
A D/dog////
A D/dptutil////
A D/duplicity////
A D/dvd+rw-tools////
A D/dvdisaster////
A D/dvdrecord////
A D/dvdrip////
A D/e2fsprogs////
A D/easydiskpasswd////
A D/estd////
A D/etcmanage////
A D/etcupdate////
A D/extipl////
A D/fakeroot////
A D/fam////
A D/fastfs////
A D/fatback////
A D/fdgw////
A D/file////
A D/filelight////
A D/fileutils////
A D/findutils////
A D/fix4SA110rev2////
A D/fixelfprot////
A D/foremost////
A D/free////
A D/fs-kit////
A D/fsv////
A D/fsviewer////
A D/gamin////
A D/gcdmaster////
A D/gcombust////
A D/genpasswd////
A D/gentoo////
A D/gkrellm////
A D/gkrellm-est////
A D/gkrellm-server////
A D/gkrellm-share////
A D/gkrellm1////
A D/gkx86info////
A D/gmc////
A D/gnome-acme////
A D/gnome-menus////
A D/gnome-pkgview////
A D/gnome-system-monitor////
A D/gnome-vfs////
A D/gnome-vfs-monikers////
A D/gnome-vfs2////
A D/gnome-vfsmm////
A D/gnome-vfsmm26////
A D/gnome2-system-monitor////
A D/gnometoaster////
A D/gpart////
A D/grub////
A D/grun////
A D/gst-plugins-gnomevfs////
A D/gst-plugins0.10-gnomevfs////
A D/gst-plugins0.8-gnomevfs////
A D/gtk-send-pr////
A D/gtop////
A D/gworkspace////
A D/hcidump////
A D/hddtemp////
A D/hfsutils////
A D/htop////
A D/i2ocfg////
A D/i810switch////
A D/idesk////
A D/install-sh////
A D/ipa////
A D/ipmitool////
A D/ipw-firmware////
A D/ir-account////
A D/isapnptools////
A D/iwi-firmware////
A D/iwi-firmware3////
A D/k3b////
A D/kapm////
A D/kdf////
A D/kdirstat////
A D/klavg////
A D/koncd////
A D/krusader////
A D/lambd////
A D/lavaps////
A D/libgtop////
A D/libgtop2////
A D/libirman////
A D/libnotify////
A D/libol////
A D/lilo////
A D/logfinder////
A D/logrot////
A D/logtime////
A D/lsof////
A D/magicrescue////
A D/mbmon////
A D/mc////
A D/mdf2iso////
A D/medusa////
A D/memconf////
A D/memtest////
A D/memtest86////
A D/memtester////
A D/memtestplus////
A D/mencvcd////
A D/mesure////
A D/mgm////
A D/mkhybrid////
A D/mkisofs////
A D/mklivecd////
A D/mksunbootcd////
A D/mktemp////
A D/monit////
A D/mousetar////
A D/mtools////
A D/mtoolsfm////
A D/mtree////
A D/mtscan////
A D/munin-doc////
A D/munin-node////
A D/munin-server////
A D/nautilus////
A D/nautilus-cd-burner////
A D/news////
A D/notification-daemon////
A D/nrg2iso////
A D/ntfsprogs////
A D/nvnet////
A D/oak////
A D/open-vm-tools////
A D/osname////
A D/p5-File-Copy-Recursive////
A D/p5-File-NCopy////
A D/p5-File-Remove////
A D/p5-File-chmod////
A D/p5-GTop////
A D/p5-Lchown////
A D/p5-Parse-Syslog////
A D/p5-Sys-CpuLoad////
A D/p5-Sys-Hostname-Long////
A D/p5-Unix-ConfigFile////
A D/p5-Unix-Syslog////
A D/pciutils////
A D/pcmanfm////
A D/pcvt-utils////
A D/pdumpfs////
A D/pear-Log////
A D/pflogsumm////
A D/pfstat////
A D/pftop////
A D/pkg////
A D/pscpug////
A D/psftools////
A D/psmisc////
A D/pstree////
A D/puppet////
A D/pv////
A D/pwgen////
A D/py-dbus////
A D/py-gnome-menus////
A D/py-notify////
A D/qlogtools////
A D/radeontool////
A D/radmind////
A D/raidutil////
A D/randread////
A D/rconfig////
A D/rdiff-backup////
A D/rename////
A D/rfstool////
A D/roller////
A D/rox////
A D/rox-archive////
A D/rox-base////
A D/rox-edit////
A D/rox-lib////
A D/rox-memo////
A D/rox-session////
A D/rox-system////
A D/rox-wallpaper////
A D/rox-wrappers////
A D/rsnapshot////
A D/rtty////
A D/ruby-directory-watcher////
A D/ruby-facter////
A D/ruby-quota////
A D/ruby-syslog////
A D/safetynet////
A D/same////
A D/sarah////
A D/screentest////
A D/scsiinfo////
A D/service-config////
A D/setquota////
A D/sformat////
A D/sh-utils////
A D/shc////
A D/shmux////
A D/skill////
A D/slay////
A D/smartmontools////
A D/socket////
A D/sredird////
A D/sshsh////
A D/storage-manager////
A D/stow////
A D/strace////
A D/su2////
A D/sux////
A D/swapd////
A D/swatch////
A D/sysbuild////
A D/sysgen////
A D/sysinfo////
A D/syslog-ng////
A D/tcx////
A D/tdir////
A D/tits////
A D/tkcron////
A D/tkdesk////
A D/tload////
A D/tob////
A D/top////
A D/torsmo////
A D/toshutils////
A D/tpb////
A D/tphdisk////
A D/tree////
A D/ups-nut////
A D/ups-nut-cgi////
A D/ups-nut-snmp////
A D/ups-nut-usb////
A D/usbutil////
A D/user////
A D/user_darwin////
A D/user_interix////
A D/vbetool////
A D/vcdimager////
A D/vcdimager-devel////
A D/vidc-tools////
A D/vifm////
A D/vip////
A D/vobcopy////
A D/vxargs////
A D/wbm-apache////
A D/wbm-at////
A D/wbm-bandwidth////
A D/wbm-bind8////
A D/wbm-change-user////
A D/wbm-cluster-copy////
A D/wbm-cluster-cron////
A D/wbm-cluster-passwd////
A D/wbm-cluster-shell////
A D/wbm-cluster-useradmin////
A D/wbm-cluster-webmin////
A D/wbm-custom////
A D/wbm-cyrus-imapd////
A D/wbm-dhcpd////
A D/wbm-dovecot////
A D/wbm-fetchmail////
A D/wbm-file////
A D/wbm-htaccess-htpasswd////
A D/wbm-inetd////
A D/wbm-ipfilter////
A D/wbm-ldap-useradmin////
A D/wbm-lpadmin////
A D/wbm-mailboxes////
A D/wbm-mount////
A D/wbm-mysql////
A D/wbm-net////
A D/wbm-openslp////
A D/wbm-passwd////
A D/wbm-postfix////
A D/wbm-postgresql////
A D/wbm-qmailadmin////
A D/wbm-quota////
A D/wbm-sendmail////
A D/wbm-shell////
A D/wbm-sshd////
A D/wbm-status////
A D/wbm-syslog////
A D/wbm-telnet////
A D/wbm-time////
A D/wbm-tunnel////
A D/wbm-useradmin////
A D/webmin////
A D/whowatch////
A D/wipe////
A D/wmSMPmon////
A D/wmcpuload////
A D/wmmemmon////
A D/wpi-firmware////
A D/wpi-firmware2////
A D/wtail////
A D/xapply////
A D/xbatt////
A D/xbattbar////
A D/xcdroast////
A D/xdu////
A D/xen12////
A D/xenconsole////
A D/xenkernel20////
A D/xenkernel3////
A D/xenkernel30////
A D/xentools12////
A D/xentools20////
A D/xentools3////
A D/xentools3-hvm////
A D/xentools30////
A D/xentools30-hvm////
A D/xenvstat////
A D/xfce4-appfinder////
A D/xfce4-battery-plugin////
A D/xfce4-cpugraph-plugin////
A D/xfce4-diskperf-plugin////
A D/xfce4-fm////
A D/xfce4-fm-icons////
A D/xfce4-fsguard-plugin////
A D/xfce4-genmon-plugin////
A D/xfce4-minicmd-plugin////
A D/xfce4-netload-plugin////
A D/xfce4-quicklauncher-plugin////
A D/xfce4-showdesktop-plugin////
A D/xfce4-systemload-plugin////
A D/xfce4-systray////
A D/xfce4-thunar////
A D/xfce4-xarchiver////
A D/xfce4-xkb-plugin////
A D/xfe////
A D/xfm////
A D/xfsprogs////
A D/xhfs////
A D/xmbmon////
A D/xmeter////
A D/xnc////
A D/xosview////
A D/xps////
A D/xraidadmin////
A D/xuvmstat////
A D/zidrav////
R D/xfce4-systray////
R D/xfce4-showdesktop-plugin////
R D/xfce4-minicmd-plugin////
R D/xfce4-fm-icons////
R D/xfce4-fm////
R D/xentools30-hvm////
R D/xentools30////
R D/xenkernel30////
R D/sysbuild////
R D/sh-utils////
R D/ruby-syslog////
R D/ruby-facter////
R D/ruby-directory-watcher////
R D/rox-wrappers////
R D/rox-wallpaper////
R D/rox-system////
R D/rox-session////
R D/rox-memo////
R D/rox-lib////
R D/rox-edit////
R D/rox-base////
R D/rox-archive////
R D/randread////
R D/raidutil////
R D/puppet////
R D/pkg////
R D/p5-File-NCopy////
R D/mousetar////
R D/mkisofs////
R D/mkhybrid////
R D/memtest////
R D/medusa////
R D/logtime////
R D/lilo////
R D/libgtop2////
R D/koncd////
R D/klavg////
R D/kdf////
R D/kapm////
R D/gtop////
R D/gst-plugins-gnomevfs////
R D/gnome2-system-monitor////
R D/gnome-vfsmm26////
R D/gnome-vfs2////
R D/gnome-acme////
R D/gmc////
R D/gkx86info////
R D/gkrellm1////
R D/fileutils////
R D/etcupdate////
R D/dvdrip////
R D/dmsdos////
R D/cpuflags////
R D/cfengine////
R D/cdrecord-xcdroast////
R D/cdrecord-devel////
R D/cdrecord-current////
R D/cdrecord////
R D/capistrano////
R D/c++rt0////
R D/bsdgrep////
R D/bacula-client////
R D/autoswc////
R D/apotheke////
R D/amanda-dev-server////
R D/amanda-dev-plot////
R D/amanda-dev-common////
R D/amanda-dev-client////
R D/amanda-dev////
R D/addnerd////
R D/GWLib////
