A D/Mosaic////
A D/MozillaFirebird////
A D/MozillaFirebird-bin////
A D/MozillaFirebird-bin-acroread////
A D/MozillaFirebird-bin-acroread3////
A D/MozillaFirebird-bin-acroread5////
A D/MozillaFirebird-bin-flash////
A D/MozillaFirebird-bin-java////
A D/MozillaFirebird-bin-nightly////
A D/MozillaFirebird-bin-realplayer////
A D/MozillaFirebird-gtk2-bin////
A D/MozillaFirebird-gtk2-bin-nightly////
A D/SpeedyCGI////
A D/adzap////
A D/album////
A D/album_themes////
A D/amaya////
A D/analog////
A D/ap-DBI////
A D/ap-Embperl////
A D/ap-access-referer////
A D/ap-aolserver////
A D/ap-auth-cookie////
A D/ap-auth-external////
A D/ap-auth-kerb////
A D/ap-auth-ldap////
A D/ap-auth-mysql////
A D/ap-auth-pam////
A D/ap-auth-pgsql////
A D/ap-auth-postgresql////
A D/ap-auth-radius////
A D/ap-auth-script////
A D/ap-bandwidth////
A D/ap-csacek////
A D/ap-dav////
A D/ap-dtcl////
A D/ap-fastcgi////
A D/ap-gzip////
A D/ap-iasp////
A D/ap-jk////
A D/ap-jserv////
A D/ap-layout////
A D/ap-mod_python////
A D/ap-mp3////
A D/ap-perl////
A D/ap-php////
A D/ap-php3////
A D/ap-php4////
A D/ap-php5////
A D/ap-python////
A D/ap-rivet////
A D/ap-rpaf////
A D/ap-ruby////
A D/ap-ssl////
A D/ap-throttle////
A D/ap-xslt////
A D/ap2-auth-external////
A D/ap2-auth-ldap////
A D/ap2-auth-mysql////
A D/ap2-auth-pgsql////
A D/ap2-auth-radius////
A D/ap2-auth-xradius////
A D/ap2-bw////
A D/ap2-chroot////
A D/ap2-fastcgi////
A D/ap2-fcgid////
A D/ap2-jk////
A D/ap2-perl////
A D/ap2-php4////
A D/ap2-python////
A D/ap2-ruby////
A D/ap2-subversion////
A D/ap2-suphp////
A D/ap2-transform////
A D/ap2-wsgi////
A D/ap2-xslt2////
A D/apache////
A D/apache-current////
A D/apache-modssl////
A D/apache-tomcat55////
A D/apache2////
A D/apache22////
A D/apache6////
A D/apachetop////
A D/apc-gui////
A D/arena////
A D/asWedit////
A D/asp2php////
A D/august////
A D/awstats////
A D/bannerfilter////
A D/bins////
A D/bkedit////
A D/bluefish////
A D/blur6ex////
A D/bozohttpd////
A D/browser-bookmarks-menu////
A D/cadaver////
A D/calamaris////
A D/camping////
A D/cgic////
A D/cgicc////
A D/cgilib////
A D/checkbot////
A D/cherokee////
A D/chimera////
A D/clearsilver////
A D/clearsilver-base////
A D/cocoon////
A D/communicator////
A D/crawl////
A D/cronolog////
A D/curl////
A D/cvsweb////
A D/dansguardian////
A D/dillo////
A D/django////
A D/drivel////
A D/drraw////
A D/drupal////
A D/drupal6////
A D/elinks////
A D/elinks04////
A D/emacs-w3m////
A D/epiphany////
A D/epiphany-extensions////
A D/erubis////
A D/fcgi////
A D/ffproxy////
A D/firefox////
A D/firefox-bin////
A D/firefox-bin-acroread////
A D/firefox-bin-acroread3////
A D/firefox-bin-acroread5////
A D/firefox-bin-acroread7////
A D/firefox-bin-flash////
A D/firefox-bin-java////
A D/firefox-bin-nightly////
A D/firefox-bin-realplayer////
A D/firefox-gtk1////
A D/firefox-gtk2////
A D/firefox-gtk2-bin////
A D/firefox-gtk2-bin-acroread////
A D/firefox-gtk2-bin-flash////
A D/firefox-gtk2-bin-java////
A D/firefox-gtk2-bin-nightly////
A D/firefox15////
A D/firefox15-bin////
A D/firefox15-gtk1////
A D/firefox2////
A D/firefox2-bin////
A D/firefox2-bin-flash////
A D/firefox2-gtk1////
A D/firefox3-bin////
A D/flashplayer////
A D/galeon////
A D/galeon-devel////
A D/galeon12////
A D/galway////
A D/ganglia-webfrontend////
A D/geeklog////
A D/gitweb////
A D/glibwww////
A D/grail////
A D/gtkasp2php////
A D/gtkhtml////
A D/gtkhtml3////
A D/gtkhtml30////
A D/gtkhtml314////
A D/gtkhtml36////
A D/gtkhtml38////
A D/haskell-cgi////
A D/heel////
A D/hiawatha////
A D/horde////
A D/horde3////
A D/htdig////
A D/htdig-devel////
A D/htmldoc////
A D/htmldoc-x11////
A D/htmlfix////
A D/htmllint////
A D/http_load////
A D/hypermail////
A D/iasp////
A D/ijb////
A D/ikiwiki////
A D/instiki////
A D/ja-trac////
A D/jakarta-servletapi////
A D/jakarta-tomcat////
A D/jakarta-tomcat4////
A D/jakarta-tomcat5////
A D/jakarta-tomcat55////
A D/jalbum////
A D/joomla////
A D/jsdk20////
A D/jssi////
A D/kahua////
A D/kannel////
A D/kazehakase////
A D/kdewebdev3////
A D/kimagemapeditor////
A D/lhs////
A D/libghttp////
A D/libgtkhtml////
A D/libwww////
A D/liferea////
A D/lighttpd////
A D/links////
A D/links-gui////
A D/lynx////
A D/lynx-current////
A D/mMosaic////
A D/make_album////
A D/merb////
A D/merb-action-args////
A D/merb-activerecord////
A D/merb-assets////
A D/merb-builder////
A D/merb-cache////
A D/merb-core////
A D/merb-datamapper////
A D/merb-gen////
A D/merb-haml////
A D/merb-has-flash////
A D/merb-helpers////
A D/merb-mailer////
A D/merb-more////
A D/merb-param-protection////
A D/merb-parts////
A D/merb-sequel////
A D/merb-stories////
A D/merb-test-unit////
A D/merbful-authentication////
A D/micro_httpd////
A D/mimetex////
A D/mini_httpd////
A D/mknmz-wwwoffle////
A D/mongrel////
A D/mongrel-cluster////
A D/mongrel-config////
A D/mongrel-console////
A D/mongrel-upload-progress////
A D/mono-xsp////
A D/moz-bin-plugger////
A D/moz-linux-plugger////
A D/mozilla////
A D/mozilla-bin////
A D/mozilla-bin-nightly////
A D/mozilla-flash-bin////
A D/mozilla-flashplugin////
A D/mozilla-gtk2////
A D/mozilla-linux////
A D/mozilla-plugger////
A D/mozilla-stable////
A D/navigator////
A D/navigator3////
A D/neon////
A D/netscape////
A D/netscape7////
A D/netscape7-acroread////
A D/netscape7-acroread3////
A D/netscape7-acroread5////
A D/netscape7-acroread7////
A D/nginx////
A D/ns-plugger////
A D/ns-plugger-common////
A D/ns-plugger-communicator////
A D/ns-plugger-navigator////
A D/ns-remote////
A D/nspluginwrapper////
A D/nvu////
A D/ocsigen////
A D/openacs////
A D/opera////
A D/opera-acroread////
A D/opera-acroread3////
A D/opera-acroread5////
A D/opera-acroread7////
A D/opera-plugins////
A D/opera6////
A D/opera7////
A D/p5-Apache-ASP////
A D/p5-Apache-AuthCookie////
A D/p5-Apache-AuthCookieDBI////
A D/p5-Apache-DBILogConfig////
A D/p5-Apache-DBILogger////
A D/p5-Apache-Filter////
A D/p5-Apache-Gallery////
A D/p5-Apache-Reload////
A D/p5-Apache-SSI////
A D/p5-Apache-Session////
A D/p5-Apache-Session-Wrapper////
A D/p5-Apache-Test////
A D/p5-Apache-ePerl////
A D/p5-CGI////
A D/p5-CGI-Application////
A D/p5-CGI-Application-Plugin-DBH////
A D/p5-CGI-Application-Plugin-ValidateRM////
A D/p5-CGI-FastTemplate////
A D/p5-CGI-FormBuilder////
A D/p5-CGI-Kwiki////
A D/p5-CGI-Minimal////
A D/p5-CGI-ProgressBar////
A D/p5-CGI-Session////
A D/p5-CGI_Lite////
A D/p5-CSS////
A D/p5-CSS-Squish////
A D/p5-Captcha-reCAPTCHA////
A D/p5-Captcha-reCAPTCHA-Mailhide////
A D/p5-ExtUtils-XSBuilder////
A D/p5-FCGI////
A D/p5-FCGI-ProcManager////
A D/p5-HTML-Clean////
A D/p5-HTML-Element-Extended////
A D/p5-HTML-FillInForm////
A D/p5-HTML-FixEntities////
A D/p5-HTML-Format////
A D/p5-HTML-LinkExtractor////
A D/p5-HTML-Mason////
A D/p5-HTML-Parser////
A D/p5-HTML-PrettyPrinter////
A D/p5-HTML-Prototype////
A D/p5-HTML-Prototype-Useful////
A D/p5-HTML-Scrubber////
A D/p5-HTML-SimpleParse////
A D/p5-HTML-StickyQuery////
A D/p5-HTML-Stream////
A D/p5-HTML-Strip////
A D/p5-HTML-Table////
A D/p5-HTML-TableExtract////
A D/p5-HTML-Tagset////
A D/p5-HTML-Template////
A D/p5-HTML-Tiny////
A D/p5-HTML-Tree////
A D/p5-HTML-WikiConverter////
A D/p5-HTMLObject////
A D/p5-HTTP-Cache-Transparent////
A D/p5-HTTP-DAV////
A D/p5-HTTP-GHTTP////
A D/p5-HTTP-Lite////
A D/p5-HTTP-Proxy////
A D/p5-HTTP-Request-Form////
A D/p5-HTTP-Server-Simple////
A D/p5-HTTP-Server-Simple-Kwiki////
A D/p5-HTTP-Server-Simple-Mason////
A D/p5-HTTP-Server-Simple-Static////
A D/p5-HTTPD-User-Manage////
A D/p5-I18N-AcceptLanguage////
A D/p5-Jemplate////
A D/p5-Kwiki////
A D/p5-Kwiki-Archive-Cvs////
A D/p5-Kwiki-Archive-Rcs////
A D/p5-Kwiki-BreadCrumbs////
A D/p5-Kwiki-Edit-RequireUserName////
A D/p5-Kwiki-Favorites////
A D/p5-Kwiki-HtmlBlocks////
A D/p5-Kwiki-Icons-Gnome////
A D/p5-Kwiki-ModPerl////
A D/p5-Kwiki-NewPage////
A D/p5-Kwiki-Notify-Mail////
A D/p5-Kwiki-PagePrivacy////
A D/p5-Kwiki-ParagraphBlocks////
A D/p5-Kwiki-PreformattedBlocks////
A D/p5-Kwiki-RecentChanges////
A D/p5-Kwiki-Revisions////
A D/p5-Kwiki-Scode////
A D/p5-Kwiki-Search////
A D/p5-Kwiki-Simple-Server-HTTP////
A D/p5-Kwiki-UserName////
A D/p5-Kwiki-UserPreferences////
A D/p5-Kwiki-Users-Remote////
A D/p5-Kwiki-Weather////
A D/p5-Kwiki-Wikiwyg////
A D/p5-Kwiki-Zipcode////
A D/p5-LWP-Authen-Negotiate////
A D/p5-LWP-Authen-Wsse////
A D/p5-LWPx-ParanoidAgent////
A D/p5-MasonX-Request-WithApacheSession////
A D/p5-SVN-Web////
A D/p5-Template-Extract////
A D/p5-Template-Generate////
A D/p5-Template-Multilingual////
A D/p5-Template-Stash-EscapeHTML////
A D/p5-Template-Toolkit////
A D/p5-Test-WWW-Mechanize////
A D/p5-URI////
A D/p5-URI-Fetch////
A D/p5-VRML////
A D/p5-WWW-Amazon-Wishlist////
A D/p5-WWW-Curl////
A D/p5-WWW-Facebook-API////
A D/p5-WWW-Mechanize////
A D/p5-libapreq////
A D/p5-libapreq2////
A D/p5-libwww////
A D/paros////
A D/pear-HTML_Common////
A D/pear-HTML_Select////
A D/pear-HTTP////
A D/pear-HTTP_Request////
A D/phoenix////
A D/phoenix-bin////
A D/phoenix-bin-acroread////
A D/phoenix-bin-acroread3////
A D/phoenix-bin-acroread5////
A D/phoenix-bin-flash////
A D/phoenix-bin-java////
A D/phoenix-bin-nightly////
A D/phoenix-bin-realplayer////
A D/phoenix-linux////
A D/phoenix-linux-nightly////
A D/php-FastTemplate////
A D/php-apc////
A D/php-curl////
A D/php-eaccelerator////
A D/php3////
A D/php3-gd////
A D/php3-ldap////
A D/php3-mysql////
A D/php3-pcre////
A D/php3-pdflib////
A D/php3-pgsql////
A D/php3-snmp////
A D/php4////
A D/php4-apc////
A D/php4-curl////
A D/php4-gd////
A D/php4-imap////
A D/php4-ldap////
A D/php4-mcrypt////
A D/php4-mysql////
A D/php4-pcre////
A D/php4-pgsql////
A D/php4-sablot////
A D/pkg////
A D/plone////
A D/plone25////
A D/plone3////
A D/pound////
A D/privoxy////
A D/privoxy-user////
A D/py-HTMLgen////
A D/py-clearsilver////
A D/py-curl////
A D/py-django////
A D/py-flup////
A D/py-jonpy////
A D/py-moin////
A D/py-nevow////
A D/py-pcgi////
A D/py-swish-e////
A D/py-webpy////
A D/py-zpublisher////
A D/qDecoder////
A D/quanta////
A D/quanta-docs////
A D/quanta3////
A D/raggle////
A D/rails////
A D/ramaze////
A D/ruby-actionpack////
A D/ruby-actionwebservice////
A D/ruby-activeresource////
A D/ruby-borges////
A D/ruby-clearsilver////
A D/ruby-cssmin////
A D/ruby-fcgi////
A D/ruby-htmlsplit////
A D/ruby-jsmin////
A D/ruby-mechanize////
A D/ruby-net-flickr////
A D/ruby-rack////
A D/ruby-tag////
A D/ruby-uri////
A D/ruby-webrick////
A D/ruby-webunit////
A D/ruby16-borges////
A D/sarg////
A D/screws////
A D/seamonkey////
A D/seamonkey-bin////
A D/seamonkey-bin-flash////
A D/seamonkey-bin-java////
A D/seamonkey-bin-nightly////
A D/seamonkey-gtk1////
A D/serf////
A D/sitecopy////
A D/skipstone////
A D/snarf////
A D/snownews////
A D/sope////
A D/spfc////
A D/squid////
A D/squid-current////
A D/squidGuard////
A D/squidpurge////
A D/squirm////
A D/surfaw////
A D/surfraw////
A D/swiftsurf////
A D/swiggle////
A D/swill////
A D/swish-e////
A D/tcl-cgi////
A D/thin////
A D/thoth////
A D/thoth-delicious////
A D/thoth-flickr////
A D/thttpd////
A D/thy////
A D/tidy////
A D/tinyproxy////
A D/trac////
A D/urlget////
A D/urlgrabber////
A D/varnish////
A D/viewvc////
A D/visitors////
A D/w3////
A D/w3c-httpd////
A D/w3m////
A D/w3m-img////
A D/w3m-m17n////
A D/wApua////
A D/waplet////
A D/wdg-validate////
A D/web500gw////
A D/webalizer////
A D/webby////
A D/weblint////
A D/webnew////
A D/websvn////
A D/weex////
A D/whisker////
A D/wiliki////
A D/wml////
A D/www6to4////
A D/wwwcount////
A D/wwwoffle////
A D/zope////
A D/zope-confera////
A D/zope-ejsplitter////
A D/zope-jamailhost////
A D/zope210////
A D/zope25////
A D/zope25-AbracadabraObject////
A D/zope25-BTreeFolder////
A D/zope25-BTreeFolder2////
A D/zope25-BackTalk////
A D/zope25-CMF////
A D/zope25-CMFPlone////
A D/zope25-Calendar////
A D/zope25-CookieCrumbler////
A D/zope25-DocumentLibrary////
A D/zope25-EasyImage////
A D/zope25-Epoz////
A D/zope25-ExternalEditor////
A D/zope25-FileSystemSite////
A D/zope25-Formulator////
A D/zope25-Fortune////
A D/zope25-JPicture////
A D/zope25-KnowledgeKit////
A D/zope25-LocalFS////
A D/zope25-MailManager////
A D/zope25-MetaPublisher////
A D/zope25-ParsedXML////
A D/zope25-Photo////
A D/zope25-PropertyFolder////
A D/zope25-PropertyObject////
A D/zope25-RDFSummary////
A D/zope25-RenderableCharts////
A D/zope25-Silva////
A D/zope25-Squishdot////
A D/zope25-StripoGram////
A D/zope25-TinyTablePlus////
A D/zope25-XMLWidgets////
A D/zope25-ZMySQLDA////
A D/zope25-ZNavigator////
A D/zope25-ZPhotoSlides////
A D/zope25-ZPsycopgDA////
A D/zope25-ZWeather////
A D/zope25-ZWeatherApplet////
A D/zope25-ZWiki////
A D/zope25-Zippy////
A D/zope25-colorz////
A D/zope25-zopebook////
A D/zope29////
A D/zope3////
A D/zopeedit////
R D/zope25-ZWeatherApplet////
R D/zope-confera////
R D/webby////
R D/web500gw////
R D/w3m-m17n////
R D/urlgrabber////
R D/thoth-flickr////
R D/thoth-delicious////
R D/thoth////
R D/thin////
R D/surfaw////
R D/squid-current////
R D/ruby16-borges////
R D/ruby-webrick////
R D/ruby-uri////
R D/ruby-rack////
R D/ruby-net-flickr////
R D/ruby-jsmin////
R D/ruby-cssmin////
R D/ruby-activeresource////
R D/ramaze////
R D/quanta3////
R D/quanta-docs////
R D/quanta////
R D/py-zpublisher////
R D/py-pcgi////
R D/privoxy-user////
R D/pkg////
R D/php4-sablot////
R D/php4-pgsql////
R D/php4-pcre////
R D/php4-mysql////
R D/php4-mcrypt////
R D/php4-ldap////
R D/php4-imap////
R D/php4-gd////
R D/php4-curl////
R D/php3-snmp////
R D/php3-pgsql////
R D/php3-pdflib////
R D/php3-pcre////
R D/php3-mysql////
R D/php3-ldap////
R D/php3-gd////
R D/php3////
R D/phoenix-linux-nightly////
R D/phoenix-linux////
R D/phoenix-bin-realplayer////
R D/phoenix-bin-nightly////
R D/phoenix-bin-java////
R D/phoenix-bin-flash////
R D/phoenix-bin-acroread5////
R D/phoenix-bin-acroread3////
R D/phoenix-bin-acroread////
R D/phoenix-bin////
R D/phoenix////
R D/p5-I18N-AcceptLanguage////
R D/p5-HTML-Tiny////
R D/p5-ExtUtils-XSBuilder////
R D/p5-Captcha-reCAPTCHA-Mailhide////
R D/p5-Captcha-reCAPTCHA////
R D/p5-CSS-Squish////
R D/p5-Apache-ePerl////
R D/opera7////
R D/opera6////
R D/opera-acroread3////
R D/openacs////
R D/ns-plugger////
R D/netscape7-acroread7////
R D/netscape7-acroread5////
R D/netscape7-acroread3////
R D/netscape7-acroread////
R D/netscape7////
R D/navigator3////
R D/mozilla-stable////
R D/mozilla-plugger////
R D/mozilla-linux////
R D/mozilla-gtk2////
R D/mozilla-flashplugin////
R D/mozilla-flash-bin////
R D/mozilla-bin-nightly////
R D/mozilla-bin////
R D/mozilla////
R D/moz-linux-plugger////
R D/moz-bin-plugger////
R D/mono-xsp////
R D/mongrel-upload-progress////
R D/mongrel-console////
R D/mongrel-config////
R D/mongrel-cluster////
R D/merbful-authentication////
R D/merb-test-unit////
R D/merb-stories////
R D/merb-sequel////
R D/merb-parts////
R D/merb-param-protection////
R D/merb-more////
R D/merb-mailer////
R D/merb-helpers////
R D/merb-has-flash////
R D/merb-haml////
R D/merb-gen////
R D/merb-datamapper////
R D/merb-core////
R D/merb-cache////
R D/merb-builder////
R D/merb-assets////
R D/merb-activerecord////
R D/merb-action-args////
R D/merb////
R D/lynx-current////
R D/kimagemapeditor////
R D/joomla////
R D/jakarta-tomcat55////
R D/jakarta-tomcat////
R D/iasp////
R D/hypermail////
R D/horde3////
R D/heel////
R D/gtkhtml36////
R D/gtkhtml30////
R D/gtkhtml3////
R D/gtkhtml////
R D/glibwww////
R D/galeon12////
R D/galeon-devel////
R D/flashplayer////
R D/firefox3-bin////
R D/firefox2-gtk1////
R D/firefox2-bin-flash////
R D/firefox2-bin////
R D/firefox2////
R D/firefox-gtk2-bin-nightly////
R D/firefox-gtk2-bin-java////
R D/firefox-gtk2-bin-flash////
R D/firefox-gtk2-bin-acroread////
R D/firefox-gtk2-bin////
R D/firefox-gtk2////
R D/firefox-bin-acroread3////
R D/elinks04////
R D/drupal6////
R D/django////
R D/dansguardian////
R D/camping////
R D/asWedit////
R D/arena////
R D/apache6////
R D/apache-modssl////
R D/apache-current////
R D/ap2-ruby////
R D/ap2-php4////
R D/ap-php5////
R D/ap-php4////
R D/ap-php3////
R D/ap-mod_python////
R D/ap-jserv////
R D/ap-iasp////
R D/ap-csacek////
R D/ap-aolserver////
R D/ap-DBI////
R D/MozillaFirebird-gtk2-bin-nightly////
R D/MozillaFirebird-gtk2-bin////
R D/MozillaFirebird-bin-realplayer////
R D/MozillaFirebird-bin-nightly////
R D/MozillaFirebird-bin-java////
R D/MozillaFirebird-bin-flash////
R D/MozillaFirebird-bin-acroread5////
R D/MozillaFirebird-bin-acroread3////
R D/MozillaFirebird-bin-acroread////
R D/MozillaFirebird-bin////
R D/MozillaFirebird////
R D/Mosaic////
