A D/9e////
A D/advancecomp////
A D/afio////
A D/arc////
A D/archangel////
A D/arj////
A D/bicom////
A D/bsdtar////
A D/bunzip////
A D/bzip////
A D/bzip2////
A D/cabextract////
A D/cxunzip////
A D/dact////
A D/dar////
A D/fastjar////
A D/file-roller////
A D/freeze////
A D/gcpio////
A D/gsharutils////
A D/gtar////
A D/gtar-base////
A D/gtar-info////
A D/gzip////
A D/gzip-base////
A D/gzip-info////
A D/gzrecover////
A D/ha////
A D/hpack////
A D/jamjar////
A D/lbrate////
A D/lcab////
A D/lha////
A D/libarchive////
A D/libcomprex////
A D/liblzo////
A D/libzip////
A D/lzma////
A D/lzo////
A D/lzop////
A D/macutil////
A D/makeself////
A D/mousetar////
A D/mscompress////
A D/nomarch////
A D/nulib2////
A D/p5-Archive-Tar////
A D/p5-Archive-Zip////
A D/p5-Compress-Bzip2////
A D/p5-Compress-Zlib////
A D/p7zip////
A D/par2////
A D/parchive////
A D/pax////
A D/pbzip2////
A D/pdbar////
A D/php-bz2////
A D/php-zip////
A D/php-zlib////
A D/php4-bz2////
A D/php4-zip////
A D/php4-zlib////
A D/pkg////
A D/ppmd////
A D/ppunpack////
A D/rar////
A D/rar-bin////
A D/rar-linux////
A D/rox-archive////
A D/ruby-archive-tar-minitar////
A D/ruby-zip////
A D/ruby-zlib////
A D/rzip////
A D/sarab////
A D/squsq////
A D/star////
A D/stuffit////
A D/szdd////
A D/szip////
A D/ucl////
A D/unace////
A D/unace-bin////
A D/unace22////
A D/unalz////
A D/unarj////
A D/undms////
A D/unlzx////
A D/unrar////
A D/unshield////
A D/unzip////
A D/unzoo////
A D/upx////
A D/xbin////
A D/xmill////
A D/xpk////
A D/yencode////
A D/zip////
A D/zip1////
A D/zoo////
A D/zziplib////
R D/yencode////
R D/unace22////
R D/ucl////
R D/szdd////
R D/ruby-zlib////
R D/ruby-archive-tar-minitar////
R D/rar-linux////
R D/rar-bin////
R D/pkg////
R D/php4-zlib////
R D/php4-zip////
R D/php4-bz2////
R D/parchive////
R D/p5-Compress-Zlib////
R D/gzip-info////
R D/gzip-base////
R D/cxunzip////
R D/bzip////
