A D/0verkill////
A D/4stAttack////
A D/InterLOGIC////
A D/KoboDeluxe////
A D/REminiscence////
A D/Teg-mixedcase////
A D/abuse////
A D/adom////
A D/alephone////
A D/amor////
A D/an////
A D/angband-tty////
A D/angband-x11////
A D/anise////
A D/aop////
A D/asc////
A D/atomix////
A D/backgammon////
A D/baduki////
A D/bastet////
A D/battalion////
A D/battleball////
A D/billardgl////
A D/blindmine////
A D/blobwars////
A D/blokus////
A D/bomberclone////
A D/bomberclone-data////
A D/bos////
A D/boson////
A D/bridge-hands////
A D/bzflag////
A D/cbzone////
A D/ccgo////
A D/cgoban////
A D/cgoban-java////
A D/circuslinux////
A D/civctp-demo////
A D/clanbomber////
A D/cmatrix////
A D/colchess////
A D/colchess-book-colchess////
A D/colchess-book-large////
A D/copter-commander////
A D/corewars////
A D/crack-attack////
A D/crack-attack-sounds////
A D/craft////
A D/crafty////
A D/crafty-book-enormous////
A D/crafty-book-large////
A D/crafty-book-medium////
A D/crafty-book-small////
A D/crafty-doc////
A D/crimsonfields////
A D/criticalmass////
A D/crossfire////
A D/crossfire-cli////
A D/crossfire-client////
A D/crossfire-client-gtk////
A D/crossfire-client-gtk2////
A D/crossfire-maps////
A D/crossfire-server////
A D/crossfire-srv////
A D/cube////
A D/d2x////
A D/dd2////
A D/defendguin////
A D/digger////
A D/dipmap////
A D/dopewars////
A D/eboard////
A D/enigma////
A D/et////
A D/eus-demo////
A D/exchess////
A D/exchess-book-medium////
A D/exchess-book-small////
A D/exult////
A D/falcons-eye////
A D/fillets-ng////
A D/fillets-ng-data////
A D/fillets-ng-data-cs////
A D/finalbattle////
A D/fire////
A D/fkiss////
A D/flightgear////
A D/flightgear-base////
A D/fltk-sudoku////
A D/foobillard////
A D/fortune-strfile////
A D/fortunes-calvin////
A D/fortunes-de////
A D/fortunes-futurama////
A D/fortunes-h2g2////
A D/freeciv////
A D/freeciv-client////
A D/freeciv-client-gtk////
A D/freeciv-client-gtk2////
A D/freeciv-manual////
A D/freeciv-server////
A D/freeciv-share////
A D/freeciv-sounds////
A D/freedom////
A D/freedroid////
A D/freesci////
A D/frotz////
A D/frozen-bubble////
A D/fruit////
A D/galaxa////
A D/gamazons////
A D/gate88////
A D/gbrainy////
A D/gcompris////
A D/gemdropx////
A D/genecys-client////
A D/genecys-data////
A D/glaxium////
A D/glchess////
A D/glickomania////
A D/gltron////
A D/gnocatan////
A D/gnome-breakout////
A D/gnome-chess////
A D/gnome-games////
A D/gnome2-games////
A D/gnuchess////
A D/gnuchess-book////
A D/gnuchess-book-chess////
A D/gnuchess-book-medium////
A D/gnuchess-book-small////
A D/gnuchess4////
A D/gnugo////
A D/gogui////
A D/golddig////
A D/greed////
A D/grhino////
A D/gtetrinet////
A D/gtkballs////
A D/gtkgo////
A D/gtklevel9////
A D/gtkmagnetic////
A D/gturing////
A D/heretic2-demo////
A D/hugo////
A D/icbm3d////
A D/icebreaker////
A D/imaze////
A D/iso-pernangband////
A D/ivan////
A D/jetpack////
A D/jools////
A D/kajaani-kombat////
A D/kapooka////
A D/kdegames////
A D/kdegames2////
A D/kdegames3////
A D/kdetoys////
A D/kdetoys2////
A D/kdetoys3////
A D/ketm////
A D/knightcap////
A D/knightcap-brain////
A D/knights////
A D/koth////
A D/kulki////
A D/kye////
A D/lbreakout////
A D/lbreakout2////
A D/level9////
A D/lgeneral////
A D/lgeneral-data////
A D/lincity////
A D/liquidwar////
A D/lmarbles////
A D/lpairs////
A D/ltris////
A D/maelstrom////
A D/maelstrom-sdl////
A D/maelstrom-x11////
A D/majesty-demo////
A D/marbles////
A D/minami////
A D/mirrormagic////
A D/mirrormagic-sdl////
A D/monsterz////
A D/moon-buggy////
A D/moria////
A D/nagi////
A D/nethack////
A D/nethack-lib////
A D/nethack-qt////
A D/nethack-tty////
A D/nethack-x11////
A D/netmaj////
A D/netmaze////
A D/netris////
A D/neverball////
A D/newvox////
A D/nighthawk////
A D/omega////
A D/openmortal////
A D/openttd////
A D/orbital_eunuchs_sniper////
A D/pacman////
A D/pag////
A D/pioneers////
A D/pkg////
A D/plib////
A D/polyglot////
A D/powermanga////
A D/powwow////
A D/prboom////
A D/pysol////
A D/pytraffic////
A D/qnetwalk////
A D/qonk////
A D/qstat////
A D/quake////
A D/quake2forge////
A D/quake3arena////
A D/quake3arena-demo////
A D/quake3server////
A D/quake3server-excessive////
A D/quake3server-osp////
A D/quake3server-ra3////
A D/quake3server-ut////
A D/quake6////
A D/quakedata////
A D/quakeforge////
A D/quarry////
A D/raw////
A D/rocksndiamonds////
A D/rocksndiamonds-levels////
A D/rocksndiamonds-sdl////
A D/rollemup////
A D/rtcw////
A D/sarien////
A D/scid////
A D/scummvm////
A D/scummvm-bass////
A D/scummvm-fotaq////
A D/scummvm-tools////
A D/simgear////
A D/singularity////
A D/sirius////
A D/six////
A D/sjeng////
A D/sl////
A D/spaceracer////
A D/spellcast////
A D/spider////
A D/starfighter////
A D/stella-sdl////
A D/stratagus////
A D/sudoku-cli////
A D/svb////
A D/tads////
A D/tanked////
A D/teg////
A D/tetrinetx////
A D/thew////
A D/tileworld////
A D/tscp////
A D/tuxmath////
A D/tuxracer////
A D/ularn////
A D/urban////
A D/velena////
A D/vms-empire////
A D/wesnoth////
A D/wormux////
A D/wormz////
A D/wxhugo////
A D/xarchon////
A D/xbat////
A D/xbill////
A D/xblast////
A D/xblockout////
A D/xboard////
A D/xboing////
A D/xbomb////
A D/xbomber////
A D/xbreaky////
A D/xconq////
A D/xdemineur////
A D/xdoom////
A D/xemeraldia////
A D/xephem////
A D/xevil////
A D/xfreecell////
A D/xfrisk////
A D/xgalaga////
A D/xgospel////
A D/xjewel////
A D/xjig////
A D/xjump////
A D/xkobo////
A D/xmahjongg////
A D/xmris////
A D/xnibbles////
A D/xpat2////
A D/xpilot////
A D/xpipeman////
A D/xpuyopuyo////
A D/xracer////
A D/xrick////
A D/xroach////
A D/xroads////
A D/xsc////
A D/xscavenger////
A D/xscorch////
A D/xscrabble////
A D/xskat////
A D/xsoldier////
A D/xtris////
A D/xtux////
A D/xvier////
A D/xworm////
A D/xzip////
A D/zombies////
A D/zoom////
R D/xephem////
R D/ularn////
R D/stella-sdl////
R D/rocksndiamonds-sdl////
R D/raw////
R D/quarry////
R D/pkg////
R D/pacman////
R D/marbles////
R D/maelstrom////
R D/kulki////
R D/kdetoys2////
R D/kdetoys////
R D/kdegames2////
R D/kdegames////
R D/iso-pernangband////
R D/gtkgo////
R D/gnuchess-book-small////
R D/gnuchess-book-chess////
R D/gnome2-games////
R D/gnome-chess////
R D/gnome-breakout////
R D/gnocatan////
R D/gbrainy////
R D/gate88////
R D/freedom////
R D/freeciv-client-gtk2////
R D/freeciv-client-gtk////
R D/freeciv////
R D/fillets-ng-data-cs////
R D/cube////
R D/crossfire-srv////
R D/crossfire-cli////
R D/crossfire////
R D/crafty-book-large////
R D/crafty-book-enormous////
R D/crack-attack-sounds////
R D/copter-commander////
R D/clanbomber////
R D/bomberclone-data////
R D/backgammon////
R D/amor////
R D/Teg-mixedcase////
