A D/archivers////
A D/athena////
A D/audio////
A D/benchmarks////
A D/biology////
A D/bootstrap////
A D/cad////
A D/chat////
A D/comms////
A D/converters////
A D/corba////
A D/cross////
A D/crosspkgtools////
A D/crypto////
A D/databases////
A D/devel////
A D/distfiles////
A D/doc////
A D/editors////
A D/emulators////
A D/filesystems////
A D/finance////
A D/fonts////
A D/games////
A D/geography////
A D/graphics////
A D/ham////
A D/inputmethod////
A D/japanese////
A D/lang////
A D/licenses////
A D/mail////
A D/math////
A D/mbone////
A D/meta-pkgs////
A D/misc////
A D/mk////
A D/multimedia////
A D/nessus-libraries////
A D/nessus-plugins////
A D/net////
A D/news////
A D/packages////
A D/parallel////
A D/pkgtools////
A D/plan9////
A D/print////
A D/regress////
A D/security////
A D/shells////
A D/sysutils////
A D/templates////
A D/textproc////
A D/time////
A D/wm////
A D/www////
A D/x11////
R D/plan9////
R D/nessus-plugins////
R D/nessus-libraries////
R D/japanese////
R D/crypto////
R D/corba////
R D/athena////
