A D/abook////
A D/acid////
A D/adodb////
A D/bdb-xml////
A D/cdb////
A D/cstore////
A D/db////
A D/db3////
A D/db4////
A D/dbh////
A D/dbxml////
A D/edb////
A D/freetds////
A D/gdbm////
A D/gdbm_primitive////
A D/geneweb////
A D/gnats////
A D/gnats4////
A D/gnome-db////
A D/gnome-mime-data////
A D/gnome-mime-types////
A D/gourmet////
A D/gq////
A D/gramps////
A D/gramps2////
A D/gtksql////
A D/gtranscript////
A D/guile-pg////
A D/iodbc////
A D/ipa_sdb////
A D/java-db3////
A D/java-qdbm////
A D/jdb////
A D/jdbc-postgresql////
A D/jdbc-postgresql73////
A D/jdbc-postgresql74////
A D/jdbc-postgresql80////
A D/jdbc-postgresql81////
A D/jdbc-postgresql82////
A D/kmysqladmin////
A D/kpsql////
A D/krecipes////
A D/lbdb////
A D/ldapvi////
A D/libgda////
A D/libgda-mysql////
A D/libgda-postgres////
A D/libgda-sqlite////
A D/libgnomedb////
A D/libpqxx////
A D/libpqxx-doc////
A D/lua-sqlite////
A D/luma////
A D/mergeant////
A D/metakit-lib////
A D/myodbc////
A D/mysql////
A D/mysql-client////
A D/mysql-ruby////
A D/mysql-server////
A D/mysql3-client////
A D/mysql3-server////
A D/mysql4-client////
A D/mysql4-server////
A D/mysql5-client////
A D/mysql5-server////
A D/mysqlcc////
A D/mytop////
A D/nss_ldap////
A D/ocaml-mysql////
A D/odbc-postgresql////
A D/openldap////
A D/openldap-client////
A D/openldap-doc////
A D/openldap-server////
A D/openldap1////
A D/oraedit////
A D/p5-AddressBook////
A D/p5-Apache-DBI////
A D/p5-BerkeleyDB////
A D/p5-Class-DBI////
A D/p5-Class-DBI-AbstractSearch////
A D/p5-Class-DBI-Pg////
A D/p5-DBD-CSV////
A D/p5-DBD-Google////
A D/p5-DBD-Oracle////
A D/p5-DBD-PgPP////
A D/p5-DBD-SQLite////
A D/p5-DBD-SQLite2////
A D/p5-DBD-Sybase////
A D/p5-DBD-XBase////
A D/p5-DBD-mysql////
A D/p5-DBD-postgresql////
A D/p5-DBI////
A D/p5-DBI-Shell////
A D/p5-DBIWrapper////
A D/p5-DBIx-Abstract////
A D/p5-DBIx-ContextualFetch////
A D/p5-DBIx-DBSchema////
A D/p5-DBIx-Datasource////
A D/p5-DBIx-Schema////
A D/p5-DBIx-SearchBuilder////
A D/p5-DB_File////
A D/p5-DB_File-Lock////
A D/p5-Data-Table////
A D/p5-Ima-DBI////
A D/p5-MARC////
A D/p5-MLDBM////
A D/p5-MLDBM-Sync////
A D/p5-Net-MySQL////
A D/p5-Palm////
A D/p5-Rose-DB////
A D/p5-Rose-DB-Object////
A D/p5-SQL-Abstract////
A D/p5-SQL-ReservedWords////
A D/p5-SQL-Statement////
A D/p5-gdbm////
A D/p5-perl-ldap////
A D/p5-pgsql////
A D/p5-postgresql////
A D/p5-qdbm////
A D/p5-sybperl////
A D/palm-db-tools////
A D/pear-DB////
A D/pgaccess////
A D/pgadmin3////
A D/pgpool////
A D/pgtcl////
A D/pgtclng////
A D/php-dba////
A D/php-dbase////
A D/php-dbx////
A D/php-filepro////
A D/php-ldap////
A D/php-mssql////
A D/php-mysql////
A D/php-oci8////
A D/php-odbc////
A D/php-oracle////
A D/php-pdo////
A D/php-pdo_dblib////
A D/php-pdo_mysql////
A D/php-pdo_odbc////
A D/php-pdo_pgsql////
A D/php-pdo_sqlite////
A D/php-pgsql////
A D/php-sqlite////
A D/php3-ldap////
A D/php3-mysql////
A D/php3-pgsql////
A D/php4-bcmath////
A D/php4-dba////
A D/php4-dbase////
A D/php4-filepro////
A D/php4-ldap////
A D/php4-mssql////
A D/php4-mysql////
A D/php4-odbc////
A D/php4-pgsql////
A D/php5-mysqli////
A D/php5-sqlite////
A D/phpldapadmin////
A D/phpmyadmin////
A D/phppgadmin////
A D/pkg////
A D/postgresql////
A D/postgresql-autodoc////
A D/postgresql-client////
A D/postgresql-docs////
A D/postgresql-lib////
A D/postgresql-plperl////
A D/postgresql-pltcl////
A D/postgresql-server////
A D/postgresql73////
A D/postgresql73-client////
A D/postgresql73-docs////
A D/postgresql73-lib////
A D/postgresql73-plperl////
A D/postgresql73-pltcl////
A D/postgresql73-server////
A D/postgresql74////
A D/postgresql74-client////
A D/postgresql74-contrib////
A D/postgresql74-docs////
A D/postgresql74-lib////
A D/postgresql74-plperl////
A D/postgresql74-plpython////
A D/postgresql74-server////
A D/postgresql80////
A D/postgresql80-client////
A D/postgresql80-docs////
A D/postgresql80-jdbc////
A D/postgresql80-lib////
A D/postgresql80-plperl////
A D/postgresql80-plpython////
A D/postgresql80-pltcl////
A D/postgresql80-server////
A D/postgresql81////
A D/postgresql81-client////
A D/postgresql81-jdbc////
A D/postgresql81-plperl////
A D/postgresql81-plpython////
A D/postgresql81-pltcl////
A D/postgresql81-server////
A D/postgresql81-tsearch2////
A D/postgresql82////
A D/postgresql82-adminpack////
A D/postgresql82-client////
A D/postgresql82-plperl////
A D/postgresql82-plpython////
A D/postgresql82-pltcl////
A D/postgresql82-server////
A D/postgresql82-tsearch2////
A D/postgresql83////
A D/postgresql83-adminpack////
A D/postgresql83-client////
A D/postgresql83-plperl////
A D/postgresql83-plpython////
A D/postgresql83-pltcl////
A D/postgresql83-server////
A D/pxtools////
A D/py-IndexedCatalog////
A D/py-PgSQL////
A D/py-ZODB////
A D/py-bdb-xml////
A D/py-bsddb3////
A D/py-dbxml////
A D/py-gdbm////
A D/py-ldap////
A D/py-metakit////
A D/py-mssql////
A D/py-mysql////
A D/py-mysqldb////
A D/py-pgnotify////
A D/py-postgresql////
A D/py-postgresql73////
A D/py-psycopg////
A D/py-psycopg2////
A D/py-qdbm////
A D/py-sqlite////
A D/py-sqlite2////
A D/py-sybase////
A D/py-table////
A D/qdbm////
A D/qdbm-cgi////
A D/qdbm-plus////
A D/quicklist////
A D/rdb////
A D/rrdtool////
A D/ruby-DBD-mysql////
A D/ruby-DBD-postgresql////
A D/ruby-DBD-sqlite////
A D/ruby-DBI////
A D/ruby-activerecord////
A D/ruby-activerecord-odbc////
A D/ruby-acts-as-versioned////
A D/ruby-datamapper////
A D/ruby-dbm////
A D/ruby-gdbm////
A D/ruby-mysql////
A D/ruby-odbc////
A D/ruby-postgres-pr////
A D/ruby-postgresql////
A D/ruby-qdbm////
A D/ruby-sequel////
A D/ruby-sequel-core////
A D/ruby-sequel-model////
A D/ruby-sqlite3////
A D/ruby-vapor////
A D/sdbm////
A D/shared-mime-info////
A D/slony1////
A D/sqlite////
A D/sqlite3////
A D/sqlite3-tcl////
A D/sqlitemanager////
A D/sqlrelay////
A D/sqsh////
A D/sqsh-motif////
A D/sqsh-x11////
A D/tcl-fbsql////
A D/tcl-gdbm////
A D/tcl-postgresql////
A D/tcl-postgresql73////
A D/tcl-postgresql74////
A D/tdb////
A D/tinycdb////
A D/tk-postgresql////
A D/tk-postgresql73////
A D/unixodbc////
A D/unixodbc-DataManager////
A D/unixodbc-ODBCConfig////
A D/xmysql////
A D/xmysqladmin////
A D/xsqlmenu////
A D/yap2lc////
A D/yasql////
A D/zope-mysql////
R D/zope-mysql////
R D/xmysqladmin////
R D/xmysql////
R D/tk-postgresql73////
R D/tk-postgresql////
R D/tcl-postgresql74////
R D/tcl-postgresql73////
R D/tcl-postgresql////
R D/ruby-sequel-model////
R D/ruby-sequel-core////
R D/ruby-sequel////
R D/ruby-postgres-pr////
R D/ruby-odbc////
R D/ruby-dbm////
R D/ruby-datamapper////
R D/ruby-acts-as-versioned////
R D/ruby-activerecord-odbc////
R D/py-qdbm////
R D/py-postgresql73////
R D/py-mysql////
R D/py-dbxml////
R D/postgresql83-server////
R D/postgresql83-pltcl////
R D/postgresql83-plpython////
R D/postgresql83-plperl////
R D/postgresql83-client////
R D/postgresql83-adminpack////
R D/postgresql83////
R D/postgresql81-jdbc////
R D/postgresql80-lib////
R D/postgresql80-jdbc////
R D/postgresql80-docs////
R D/postgresql74-server////
R D/postgresql74-plpython////
R D/postgresql74-plperl////
R D/postgresql74-lib////
R D/postgresql74-docs////
R D/postgresql74-contrib////
R D/postgresql74-client////
R D/postgresql74////
R D/postgresql73-server////
R D/postgresql73-pltcl////
R D/postgresql73-plperl////
R D/postgresql73-lib////
R D/postgresql73-docs////
R D/postgresql73-client////
R D/postgresql73////
R D/postgresql-server////
R D/postgresql-pltcl////
R D/postgresql-plperl////
R D/postgresql-lib////
R D/postgresql-docs////
R D/postgresql-client////
R D/postgresql-autodoc////
R D/postgresql////
R D/pkg////
R D/php5-sqlite////
R D/php4-pgsql////
R D/php4-odbc////
R D/php4-mysql////
R D/php4-mssql////
R D/php4-ldap////
R D/php4-filepro////
R D/php4-dbase////
R D/php4-dba////
R D/php4-bcmath////
R D/php3-pgsql////
R D/php3-mysql////
R D/php3-ldap////
R D/pgaccess////
R D/p5-pgsql////
R D/p5-Class-DBI-Pg////
R D/openldap1////
R D/mysql3-server////
R D/mysql3-client////
R D/mysql-server////
R D/mysql-ruby////
R D/mysql-client////
R D/mysql////
R D/libgda-sqlite////
R D/kpsql////
R D/jdbc-postgresql74////
R D/jdbc-postgresql73////
R D/jdbc-postgresql////
R D/gtranscript////
R D/gnome-mime-types////
R D/gnome-db////
R D/gnats4////
R D/dbxml////
R D/acid////
