A D/3DKit////
A D/CRWInfo////
A D/Cenon////
A D/Coin////
A D/CompuPic////
A D/GLXKit////
A D/GMT////
A D/GUIlib////
A D/GeometryKit////
A D/GlutKit////
A D/GraphicsMagick////
A D/ImageMagick////
A D/ImageViewer////
A D/Mesa////
A D/Mesa-glx////
A D/MesaDemos////
A D/MesaLib////
A D/Ngraph////
A D/OpenRM////
A D/PanoTools////
A D/RenderKit////
A D/SDL-image////
A D/SDLKit////
A D/SDL_image////
A D/TiffIO////
A D/aalib////
A D/aalib-x11////
A D/alevt////
A D/apla////
A D/aqsis////
A D/artist////
A D/autotrace////
A D/avi-xmms////
A D/avidemux////
A D/aview////
A D/aview-x11////
A D/avifile////
A D/avifile-devel////
A D/barcode////
A D/bktr2jpeg////
A D/blender////
A D/blender-doc////
A D/blinkenthemes////
A D/blinkentools////
A D/cairo////
A D/cairomm////
A D/cal3d////
A D/cal3d-examples////
A D/cambevao////
A D/camediaplay////
A D/camlimages////
A D/cdlabelgen////
A D/cinepaint////
A D/clanlib////
A D/claraocr////
A D/cnxtview////
A D/comix////
A D/compface////
A D/cpia2view////
A D/cqcam////
A D/dcraw////
A D/denemo////
A D/dia////
A D/dia-python////
A D/digikam////
A D/digikam-doc////
A D/digikamimageplugins////
A D/digikamplugins////
A D/divx4linux////
A D/divxplayer////
A D/djview4////
A D/djvulibre-lib////
A D/djvulibre-tools////
A D/dumpmpeg////
A D/dvdbackup////
A D/dvdview////
A D/dx////
A D/dxsamples////
A D/ee////
A D/eog////
A D/eog2////
A D/epeg////
A D/ewipe////
A D/exif////
A D/exifprobe////
A D/exiftags////
A D/exiftool////
A D/exiv2////
A D/f4l////
A D/fbm////
A D/feh////
A D/ffmpeg////
A D/filmgimp////
A D/flashplayer////
A D/flphoto////
A D/fly////
A D/fnlib////
A D/fotox////
A D/freeglut////
A D/freetype////
A D/freetype-lib////
A D/freetype-utils////
A D/freetype2////
A D/fujiplay////
A D/fxtv////
A D/g2////
A D/g3d////
A D/gd////
A D/gdchart////
A D/gdk-pixbuf////
A D/gdk-pixbuf-gnome////
A D/geomview////
A D/get_ds7////
A D/gfract////
A D/gif2png////
A D/gif320////
A D/giflib////
A D/gifsicle////
A D/giftrans////
A D/gimageview////
A D/gimp////
A D/gimp-base////
A D/gimp-color-manager////
A D/gimp-current////
A D/gimp-data////
A D/gimp-docs////
A D/gimp-fix-ca////
A D/gimp-helpbrowser////
A D/gimp-liquid-rescale////
A D/gimp-rawphoto////
A D/gimp-refocus-it////
A D/gimp-ufraw////
A D/gimp-warp-sharp////
A D/gimp-wideangle////
A D/gimp1////
A D/gimp1-base////
A D/gimp1-data////
A D/gimp1-wideangle////
A D/gimp2-wideangle////
A D/gimp24////
A D/giram////
A D/gle////
A D/glew////
A D/glitz////
A D/gliv////
A D/glu////
A D/glut////
A D/glx-utils////
A D/gmencoder////
A D/gmngview////
A D/gmplayer////
A D/gnome-backgrounds////
A D/gnome-icon-theme////
A D/gnome-iconedit////
A D/gnome-pixmaps////
A D/gnome2-pixmaps////
A D/gnuplot////
A D/gnuplot-nox11////
A D/gocr////
A D/gpaint////
A D/gphoto////
A D/gphoto2////
A D/gqview////
A D/gqview-devel////
A D/gqview-gtk1////
A D/grap////
A D/graphviz////
A D/gri////
A D/gst-plugins-opengl////
A D/gst-plugins-png////
A D/gst-plugins0.10-cairo////
A D/gst-plugins0.10-png////
A D/gst-plugins0.8-opengl////
A D/gst-plugins0.8-png////
A D/gthumb////
A D/gtkam////
A D/gtkglext////
A D/gtksee////
A D/guile-cairo////
A D/guppi////
A D/gwenview////
A D/gwenview-i18n////
A D/gxine////
A D/h5utils////
A D/hermes////
A D/hicolor-icon-theme////
A D/hp2xx////
A D/iGMT////
A D/icon-naming-utils////
A D/ilmbase////
A D/imlib////
A D/imlib2////
A D/impress////
A D/inkscape////
A D/ivtools////
A D/jasper////
A D/jhead////
A D/jpeg////
A D/jpeg2ps////
A D/jpeg_ls////
A D/jpeginfo////
A D/jpegoptim////
A D/jpegpixi////
A D/kbarcode////
A D/kdegraphics////
A D/kdegraphics2////
A D/kdegraphics3////
A D/kimdaba////
A D/kipi-plugins////
A D/kipi-plugins-calendar////
A D/kmplayer////
A D/koverartist////
A D/kphotoalbum////
A D/kphotobook////
A D/kphotools////
A D/lcms////
A D/lib3ds////
A D/libart////
A D/libart2////
A D/libcaca////
A D/libdvbpsi////
A D/libexif////
A D/libexif-gtk////
A D/libflash////
A D/libgdgeda////
A D/libgdiplus////
A D/libggi////
A D/libggigcp////
A D/libggimisc////
A D/libggiwmh////
A D/libgii////
A D/libgiigic////
A D/libgnomecanvas////
A D/libgnomecanvasmm////
A D/libgnomecanvasmm20////
A D/libgnomecanvasmm26////
A D/libkdcraw////
A D/libkexif////
A D/libkexiv2////
A D/libkipi////
A D/liblqr////
A D/libmpeg2////
A D/libotf////
A D/libpixman////
A D/librsvg////
A D/librsvg2////
A D/librsvg2-gtk2////
A D/libscigraphica////
A D/libungif////
A D/libvideogfx////
A D/libwmf////
A D/ljpeg////
A D/lprof////
A D/magicpoint////
A D/mayavi////
A D/mencoder////
A D/metacam////
A D/mgl////
A D/mgls////
A D/ming////
A D/mjpegtools////
A D/mng////
A D/moz-bin-flash////
A D/moz-flash////
A D/moz-mplayer////
A D/mpeg-lib////
A D/mpeg2codec////
A D/mpeg_encode////
A D/mpeg_play////
A D/mpgtx////
A D/mplayer////
A D/mplayer-share////
A D/mplex////
A D/mtv////
A D/ncview////
A D/netpbm////
A D/ns-cult3d////
A D/ns-flash////
A D/nvtv////
A D/nvtv-gtk2////
A D/ocrad////
A D/ogle////
A D/ogle_gui////
A D/ogmtools////
A D/opencv////
A D/opendis////
A D/openexr////
A D/openexr-exrdisplay////
A D/openptc////
A D/openquicktime////
A D/optipng////
A D/ov519view////
A D/p5-Chart////
A D/p5-Chart-ThreeD////
A D/p5-GD////
A D/p5-GD-Graph-sparklines////
A D/p5-GD-SVG////
A D/p5-GDGraph////
A D/p5-GDGraph3d////
A D/p5-GDTextUtil////
A D/p5-GIFgraph////
A D/p5-Gdk-Imlib////
A D/p5-Gdk-Pixbuf////
A D/p5-Gnome////
A D/p5-GraphViz////
A D/p5-Image-ExifTool////
A D/p5-Image-Imlib2////
A D/p5-Image-Info////
A D/p5-Image-Size////
A D/p5-PerlMagick////
A D/p5-RRDTool-OO////
A D/p5-SVG////
A D/p5-SWF-File////
A D/p5-Template-GD////
A D/p5-cairo////
A D/pdiff////
A D/pear-Image_Canvas////
A D/pear-Image_Color////
A D/pear-Image_Graph////
A D/pgraf////
A D/photopc////
A D/php-exif////
A D/php-gd////
A D/php-jpgraph////
A D/php3-gd////
A D/php4-exif////
A D/php4-gd////
A D/phpsview////
A D/pixieplus////
A D/pixmap////
A D/pkg////
A D/plasma////
A D/ploticus////
A D/ploticus-examples////
A D/plotmtv////
A D/plotutils////
A D/plotutils-nox11////
A D/plplot////
A D/png////
A D/png2html////
A D/pngcheck////
A D/pngcrush////
A D/pornview////
A D/pornview-gtk2////
A D/potrace////
A D/povray////
A D/ppmtoxvpic////
A D/prag////
A D/ps2eps////
A D/pstoedit////
A D/py-OpenGL////
A D/py-biggles////
A D/py-cairo////
A D/py-gd////
A D/py-gdchart////
A D/py-gimp////
A D/py-gnuplot////
A D/py-gtkglext////
A D/py-imaging////
A D/py-imagingtk////
A D/py-matplotlib////
A D/py-matplotlib-gtk2////
A D/py-piddle////
A D/qcamview////
A D/qiv////
A D/qvplay////
A D/rabbit////
A D/radiance////
A D/rayshade////
A D/rcairo////
A D/realplayer-codecs////
A D/refocus-it////
A D/resize_image////
A D/ruby-RMagick////
A D/ruby-color////
A D/ruby-gd////
A D/ruby-gl////
A D/ruby-gnome2-gdkpixbuf////
A D/ruby-gnome2-gnomecanvas////
A D/ruby-gnome2-libart////
A D/ruby-gnome2-rsvg////
A D/ruby-gnuplot////
A D/ruby-imlib2////
A D/ruby-opengl////
A D/ruby-rcairo////
A D/s10sh////
A D/sane////
A D/sane-backends////
A D/sane-frontends////
A D/scigraphica////
A D/scrot////
A D/showimg////
A D/simage////
A D/skencil////
A D/sketch////
A D/smpeg-xmms////
A D/snx101view////
A D/sodipodi////
A D/spcaview////
A D/sq905view////
A D/swfdec////
A D/swfdec-gtk2////
A D/tcm////
A D/tesseract////
A D/tgif////
A D/tiff////
A D/tkpiechart////
A D/transcode////
A D/tuxpaint////
A D/tuxpaint-config////
A D/tuxpaint-stamps////
A D/urt////
A D/vcg////
A D/veusz////
A D/vid////
A D/viewfax////
A D/vnc2swf////
A D/vp////
A D/vtk////
A D/vtk-data////
A D/vtk-docs////
A D/vtk-python////
A D/water////
A D/win32-codecs////
A D/wmphoto////
A D/wxsvg////
A D/x11rec////
A D/xanim////
A D/xart////
A D/xawtv////
A D/xbmbrowser////
A D/xdvipresent////
A D/xfce4-artwork////
A D/xfce4-icon-theme////
A D/xfce4-iconbox////
A D/xfig////
A D/xgraph////
A D/xine-lib////
A D/xine-ui////
A D/xli////
A D/xmbdfed////
A D/xmorph////
A D/xmountains////
A D/xpaint////
A D/xpdf////
A D/xpdf-crypto////
A D/xplot////
A D/xplot-devel////
A D/xpm////
A D/xsane////
A D/xv////
A D/xvidcore////
A D/xzgv////
A D/yplot////
A D/zphoto////
R D/yplot////
R D/xvidcore////
R D/xpdf-crypto////
R D/xpdf////
R D/xmountains////
R D/xmbdfed////
R D/xine-ui////
R D/xine-lib////
R D/xfce4-iconbox////
R D/xfce4-artwork////
R D/xawtv////
R D/win32-codecs////
R D/water////
R D/transcode////
R D/tcm////
R D/swfdec-gtk2////
R D/swfdec////
R D/sq905view////
R D/smpeg-xmms////
R D/sketch////
R D/sane////
R D/ruby-gl////
R D/ruby-color////
R D/realplayer-codecs////
R D/rcairo////
R D/py-gimp////
R D/pornview-gtk2////
R D/plplot////
R D/plasma////
R D/pkg////
R D/php4-gd////
R D/php4-exif////
R D/php3-gd////
R D/p5-Gnome////
R D/openquicktime////
R D/openptc////
R D/openexr-exrdisplay////
R D/ogmtools////
R D/ogle_gui////
R D/ogle////
R D/ns-flash////
R D/mtv////
R D/mplex////
R D/mplayer-share////
R D/mplayer////
R D/mpeg_play////
R D/mpeg_encode////
R D/mpeg-lib////
R D/moz-mplayer////
R D/moz-flash////
R D/moz-bin-flash////
R D/mjpegtools////
R D/ming////
R D/mgls////
R D/mencoder////
R D/librsvg2-gtk2////
R D/librsvg2////
R D/libpixman////
R D/libotf////
R D/libmpeg2////
R D/liblqr////
R D/libgnomecanvasmm26////
R D/libgnomecanvasmm20////
R D/libgdgeda////
R D/libflash////
R D/libdvbpsi////
R D/libart2////
R D/kmplayer////
R D/kipi-plugins-calendar////
R D/kimdaba////
R D/kdegraphics2////
R D/kdegraphics////
R D/gxine////
R D/guppi////
R D/gst-plugins-png////
R D/gst-plugins-opengl////
R D/gpaint////
R D/gnome2-pixmaps////
R D/gnome-pixmaps////
R D/gnome-iconedit////
R D/gmplayer////
R D/gmencoder////
R D/gimp24////
R D/gimp-wideangle////
R D/gimp-helpbrowser////
R D/gimp-data////
R D/gimp-current////
R D/gimp-base////
R D/giflib////
R D/gdk-pixbuf-gnome////
R D/fxtv////
R D/flashplayer////
R D/filmgimp////
R D/ffmpeg////
R D/exiftool////
R D/ewipe////
R D/eog2////
R D/ee////
R D/dvdview////
R D/dvdbackup////
R D/dumpmpeg////
R D/divxplayer////
R D/divx4linux////
R D/digikamplugins////
R D/digikamimageplugins////
R D/clanlib////
R D/avifile-devel////
R D/avifile////
R D/aview-x11////
R D/avidemux////
R D/avi-xmms////
R D/apla////
R D/alevt////
R D/aalib-x11////
R D/SDL-image////
R D/Mesa-glx////
R D/CompuPic////
