A D/emma////
A D/gkrellm-stock////
A D/gkrellm1-stock////
A D/gnofin////
A D/gnucash////
A D/gnucash-current////
A D/gnucash-devel////
A D/gnucash-docs////
A D/gnucash-gtk1////
A D/kmymoney2////
A D/libofx////
A D/p5-Finance-Quote////
A D/p5-finance-quote////
A D/pkg////
A D/ruby-activemerchant////
A D/tclticker////
A D/xfinans////
A D/xinvest////
A D/xquote////
R D/ruby-activemerchant////
R D/pkg////
R D/p5-finance-quote////
R D/gnucash-gtk1////
R D/gnucash-devel////
R D/gnucash-current////
R D/gnofin////
R D/gkrellm1-stock////
R D/emma////
