A D/R////
A D/R-CGIwithR////
A D/R-DAAG////
A D/R-GRASS////
A D/R-ISwR////
A D/R-KernSmooth////
A D/R-Matrix////
A D/R-PHYLOGR////
A D/R-R2HTML////
A D/R-RArcInfo////
A D/R-Rcmdr////
A D/R-VR////
A D/R-abind////
A D/R-akima////
A D/R-boot////
A D/R-chron////
A D/R-clim.pact////
A D/R-cluster////
A D/R-combinat////
A D/R-date////
A D/R-foreign////
A D/R-gdata////
A D/R-genetics////
A D/R-geoR////
A D/R-grid////
A D/R-gstat////
A D/R-gtools////
A D/R-httpRequest////
A D/R-hwde////
A D/R-lattice////
A D/R-lmm////
A D/R-mapproj////
A D/R-maps////
A D/R-mgcv////
A D/R-mvtnorm////
A D/R-ncdf////
A D/R-nlme////
A D/R-pixmap////
A D/R-recommended////
A D/R-rpart////
A D/R-sgeostat////
A D/R-shapefiles////
A D/R-statmod////
A D/R-survival////
A D/R-wle////
A D/abacus////
A D/abs////
A D/admesh////
A D/algae////
A D/antixls////
A D/aribas////
A D/bc////
A D/blas////
A D/blitz++////
A D/calc////
A D/calcoo////
A D/capc-calc////
A D/cassowary////
A D/cln////
A D/coq////
A D/dbell-calc////
A D/dcdflib.c////
A D/dcdflib.f////
A D/dfftpack////
A D/dieharder////
A D/djbfft////
A D/eispack////
A D/ess////
A D/eukleides////
A D/euler////
A D/fftpack////
A D/fftw////
A D/fftw2////
A D/fftwf////
A D/fgmp////
A D/galculator////
A D/gap////
A D/gcalctool////
A D/geg////
A D/genius////
A D/glpk////
A D/gmp////
A D/gnumeric////
A D/gnumeric-current////
A D/gnumeric0////
A D/gnumeric14////
A D/goffice////
A D/gp-autpgrp////
A D/gp-factint////
A D/gp-fplsa////
A D/gp-grape////
A D/gp-grpconst////
A D/gp-lag////
A D/grace////
A D/graphopt////
A D/grpn////
A D/gsl////
A D/gtklife////
A D/guppi////
A D/lapack////
A D/libffm////
A D/libmatheval////
A D/linpack////
A D/ltm////
A D/mapm////
A D/mathomatic////
A D/maxima////
A D/mcsim////
A D/meschach////
A D/metis////
A D/minpack////
A D/mpfr////
A D/mtl////
A D/newmat////
A D/nickle////
A D/ntl////
A D/octave////
A D/octave-current////
A D/octave-forge////
A D/odepack////
A D/orpie////
A D/otter////
A D/p5-BigInteger////
A D/p5-Interpolate////
A D/p5-Math-Base85////
A D/p5-Math-Bezier////
A D/p5-Math-BigInteger////
A D/p5-Math-FFT////
A D/p5-Math-GMP////
A D/p5-Math-Interpolate////
A D/p5-Math-MatrixReal////
A D/p5-Math-Pari////
A D/p5-Math-Random////
A D/p5-MatrixReal////
A D/p5-Number-Compare////
A D/p5-Number-Latin////
A D/p5-Set-Crontab////
A D/p5-Set-Infinite////
A D/p5-Spreadsheet-ParseExcel////
A D/p5-Spreadsheet-WriteExcel////
A D/pari////
A D/pari-galdata////
A D/pear-Numbers_Roman////
A D/pear-Numbers_Words////
A D/php-bcmath////
A D/php4-bcmath////
A D/pkg////
A D/pspp////
A D/py-Numeric////
A D/py-Scientific////
A D/py-Scientific-doc////
A D/py-ephem////
A D/py-fpconst////
A D/py-numarray////
A D/py-pytables////
A D/py-rpy////
A D/qalculate////
A D/qalculate-bases////
A D/qalculate-currency////
A D/qalculate-gtk////
A D/qalculate-kde////
A D/qalculate-units////
A D/qhull////
A D/quadpack////
A D/randlib////
A D/rlab////
A D/ruby-bigfloat////
A D/ruby-bitvector////
A D/ruby-gsl////
A D/ruby-rb-gsl////
A D/sc////
A D/scilab////
A D/slatec////
A D/snns////
A D/statist////
A D/superlu////
A D/tasp-vsipl////
A D/tela////
A D/tochnog////
A D/udunits////
A D/units////
A D/vista////
A D/xeukleides////
A D/xfractint////
A D/xgap////
A D/xldlas////
A D/xlife////
A D/xlispstat////
A D/xmgr////
A D/yacas////
A D/yorick////
R D/tela////
R D/ruby-bitvector////
R D/ruby-bigfloat////
R D/rlab////
R D/pkg////
R D/php4-bcmath////
R D/p5-MatrixReal////
R D/p5-Interpolate////
R D/p5-BigInteger////
R D/guppi////
R D/goffice////
R D/gnumeric14////
R D/gnumeric0////
R D/gmp////
R D/dbell-calc////
R D/coq////
R D/cassowary////
R D/abacus////
R D/R-survival////
R D/R-rpart////
R D/R-recommended////
R D/R-nlme////
R D/R-mgcv////
R D/R-lattice////
R D/R-grid////
R D/R-foreign////
R D/R-cluster////
R D/R-boot////
R D/R-VR////
R D/R-KernSmooth////
