A D/7plus////
A D/cwtext////
A D/dpbox////
A D/fl_logbook////
A D/gmfsk////
A D/gnuradio-audio-jack////
A D/gnuradio-audio-oss////
A D/gnuradio-audio-portaudio////
A D/gnuradio-core////
A D/gnuradio-core-docs////
A D/gnuradio-examples////
A D/gnuradio-gsm////
A D/gnuradio-howto////
A D/gnuradio-radio-astronomy////
A D/gnuradio-trellis////
A D/gnuradio-usrp////
A D/gnuradio-video-sdl////
A D/gnuradio-wxgui////
A D/gpredict////
A D/grig////
A D/hamlib////
A D/linpsk////
A D/locator////
A D/pkg////
A D/tfkiss////
A D/tlf////
A D/tnt////
A D/usrp////
A D/usrp-docs////
A D/wwl////
A D/xdx////
A D/xlog////
A D/yaesu////
R D/pkg////
