A D/9term////
A D/Terminal////
A D/XF86Setup////
A D/XFree86-clients////
A D/XFree86-imake////
A D/XFree86-libs////
A D/XFree86-server////
A D/XaoS////
A D/Xaw-Xpm////
A D/Xaw3d////
A D/Xbae////
A D/Xcomposite////
A D/Xfixes////
A D/XmHTML////
A D/Xrandr-mixedcase////
A D/Xrender////
A D/acidlaunch////
A D/afterstep////
A D/afterstep-current////
A D/alacarte////
A D/amiwm////
A D/antiright////
A D/appres////
A D/asclock////
A D/asclock-gtk////
A D/asclock-xlib////
A D/ascp////
A D/asnap////
A D/aterm////
A D/awesome////
A D/bbapm////
A D/beforelight////
A D/bigreqsproto////
A D/bitmap////
A D/blackbox////
A D/blt////
A D/bwidget////
A D/catclock////
A D/clearlooks-metacity////
A D/compositeext////
A D/compositeproto////
A D/control-center////
A D/controlcenter////
A D/crxvt////
A D/ctwm////
A D/damageproto////
A D/dclock////
A D/desklaunch////
A D/deskmenu////
A D/devilspie////
A D/dfm////
A D/dmenu////
A D/dtx11session////
A D/dxpc////
A D/ebuilder////
A D/econf////
A D/ede////
A D/editres////
A D/efltk////
A D/egtk////
A D/emiclock////
A D/enlightenment////
A D/eterm////
A D/ethemes////
A D/evieext////
A D/fast-user-switch-applet////
A D/fbdesk////
A D/filerunner////
A D/fixesext////
A D/fixesproto////
A D/fltk////
A D/flwm////
A D/fontcacheproto////
A D/fontsproto////
A D/fox////
A D/fspanel////
A D/fvwm-wharf////
A D/fvwm1////
A D/fvwm2////
A D/fvwm95////
A D/gdkxft////
A D/gdm////
A D/gdm1////
A D/ggiterm////
A D/glclock////
A D/glproto////
A D/gnome////
A D/gnome--////
A D/gnome-applets////
A D/gnome-control-center////
A D/gnome-core////
A D/gnome-desktop////
A D/gnome-gkrellm////
A D/gnome-libs////
A D/gnome-mag////
A D/gnome-panel////
A D/gnome-python////
A D/gnome-screensaver////
A D/gnome-session////
A D/gnome-sharp////
A D/gnome-terminal////
A D/gnome-themes////
A D/gnome-themes-extra////
A D/gnome-themes-extras////
A D/gnome-users-guide////
A D/gnome1-panel////
A D/gnome1-session////
A D/gnome2-applets////
A D/gnome2-control-center////
A D/gnome2-terminal////
A D/gnopernicus////
A D/gnustep-back////
A D/gnustep-gui////
A D/gnustep-preferences////
A D/grandr_applet////
A D/gromit////
A D/gst-plugins0.10-x11////
A D/gtk////
A D/gtk+extra////
A D/gtk--////
A D/gtk-engines////
A D/gtk-sharp////
A D/gtk-thinice-engine////
A D/gtk10////
A D/gtk2////
A D/gtk2+extra////
A D/gtk2-chtheme////
A D/gtk2-engines////
A D/gtk2-engines-bluecurve////
A D/gtk2-engines-clearlooks////
A D/gtk2-engines-industrial////
A D/gtk2-sharp////
A D/gtk2-theme-switch////
A D/gtkglarea////
A D/gtkglarea2////
A D/gtkmm////
A D/gtkmm24////
A D/gtksourceview////
A D/gtksourceview-sharp////
A D/gtksourceview-sharp2////
A D/gtksourceview2////
A D/gtkstep////
A D/gtkterm2////
A D/gtoolkit////
A D/hanterm////
A D/hot-babe////
A D/hsetroot////
A D/iceauth////
A D/icewm////
A D/icewm-gnome////
A D/ico////
A D/imake////
A D/imwheel////
A D/inputproto////
A D/intlfonts////
A D/ion-dock////
A D/jisx0208fonts////
A D/jisx0212fonts////
A D/jisx0213fonts////
A D/jmk-fonts////
A D/kbproto////
A D/kde////
A D/kde2////
A D/kde3////
A D/kde3-i18n-af////
A D/kde3-i18n-ar////
A D/kde3-i18n-az////
A D/kde3-i18n-bg////
A D/kde3-i18n-bn////
A D/kde3-i18n-br////
A D/kde3-i18n-bs////
A D/kde3-i18n-ca////
A D/kde3-i18n-cs////
A D/kde3-i18n-cy////
A D/kde3-i18n-da////
A D/kde3-i18n-de////
A D/kde3-i18n-el////
A D/kde3-i18n-en_GB////
A D/kde3-i18n-eo////
A D/kde3-i18n-es////
A D/kde3-i18n-et////
A D/kde3-i18n-eu////
A D/kde3-i18n-fa////
A D/kde3-i18n-fi////
A D/kde3-i18n-fr////
A D/kde3-i18n-fy////
A D/kde3-i18n-ga////
A D/kde3-i18n-gl////
A D/kde3-i18n-he////
A D/kde3-i18n-hi////
A D/kde3-i18n-hr////
A D/kde3-i18n-hsb////
A D/kde3-i18n-hu////
A D/kde3-i18n-is////
A D/kde3-i18n-it////
A D/kde3-i18n-ja////
A D/kde3-i18n-kk////
A D/kde3-i18n-km////
A D/kde3-i18n-ko////
A D/kde3-i18n-lt////
A D/kde3-i18n-lv////
A D/kde3-i18n-mk////
A D/kde3-i18n-mn////
A D/kde3-i18n-ms////
A D/kde3-i18n-mt////
A D/kde3-i18n-nb////
A D/kde3-i18n-nds////
A D/kde3-i18n-nl////
A D/kde3-i18n-nn////
A D/kde3-i18n-nso////
A D/kde3-i18n-pa////
A D/kde3-i18n-pl////
A D/kde3-i18n-pt////
A D/kde3-i18n-pt_BR////
A D/kde3-i18n-ro////
A D/kde3-i18n-ru////
A D/kde3-i18n-rw////
A D/kde3-i18n-se////
A D/kde3-i18n-sk////
A D/kde3-i18n-sl////
A D/kde3-i18n-sr////
A D/kde3-i18n-sr_Latn////
A D/kde3-i18n-ss////
A D/kde3-i18n-sv////
A D/kde3-i18n-ta////
A D/kde3-i18n-tg////
A D/kde3-i18n-th////
A D/kde3-i18n-tr////
A D/kde3-i18n-uk////
A D/kde3-i18n-uz////
A D/kde3-i18n-ven////
A D/kde3-i18n-vi////
A D/kde3-i18n-xh////
A D/kde3-i18n-zh_CN////
A D/kde3-i18n-zh_TW////
A D/kde3-i18n-zu////
A D/kdebase////
A D/kdebase2////
A D/kdebase3////
A D/kdebindings-ruby////
A D/kdelibdocs////
A D/kdelibdocs2////
A D/kdelibdocs3////
A D/kdelibs////
A D/kdelibs2////
A D/kdelibs3////
A D/keylaunch////
A D/khostchooser////
A D/kkbswitch////
A D/kmessage////
A D/korganizer////
A D/kterm////
A D/kworldwatch////
A D/lablgtk////
A D/lablgtk1////
A D/lablgtk2////
A D/labltk////
A D/lbxproxy////
A D/lesstif////
A D/lesstif-current////
A D/lesstif12////
A D/libFS////
A D/libICE////
A D/libSM////
A D/libX11////
A D/libXScrnSaver////
A D/libXTrap////
A D/libXau////
A D/libXaw////
A D/libXcomposite////
A D/libXcursor////
A D/libXdamage////
A D/libXdmcp////
A D/libXevie////
A D/libXext////
A D/libXfixes////
A D/libXfont////
A D/libXft////
A D/libXi////
A D/libXinerama////
A D/libXmu////
A D/libXp////
A D/libXpm////
A D/libXprintUtil////
A D/libXrandr////
A D/libXrender////
A D/libXres////
A D/libXt////
A D/libXtst////
A D/libXv////
A D/libXvMC////
A D/libXxf86dga////
A D/libXxf86misc////
A D/libXxf86vm////
A D/libdrm////
A D/libexo////
A D/libgnomekbd////
A D/liblbxutil////
A D/liboldXrandr////
A D/libxbui////
A D/libxfce4gui////
A D/libxfce4mcs////
A D/libxfce4util////
A D/libxkbfile////
A D/libxkbui////
A D/libxklavier////
A D/libzvt////
A D/listres////
A D/llnlxdir////
A D/luit////
A D/lwm////
A D/matchbox-common////
A D/matchbox-desktop////
A D/matchbox-nest////
A D/matchbox-panel////
A D/matchbox-panel-manager////
A D/matchbox-themes-extra////
A D/mlterm////
A D/modeline////
A D/modular-xorg-server////
A D/mowitz////
A D/mrxvt////
A D/multi-aterm////
A D/multi-gnome-terminal////
A D/mxterm////
A D/neXtaw////
A D/nucleo////
A D/numlockx////
A D/ocaml-graphics////
A D/olvwm////
A D/oneko////
A D/openmotif////
A D/p5-Gtk2-Ex-FormFactory////
A D/p5-Tk////
A D/p5-X11-Protocol////
A D/p5-gtk////
A D/p5-gtk2////
A D/paragui////
A D/pixman////
A D/pkg////
A D/plan////
A D/polclock////
A D/printproto////
A D/py-Pmw////
A D/py-Tk////
A D/py-Xlib////
A D/py-gnome2////
A D/py-gnome2-desktop////
A D/py-gnome2-extras////
A D/py-gtk////
A D/py-gtk2////
A D/py-qt2////
A D/py-qt2-sip////
A D/py-qt3-base////
A D/py-qt3-modules////
A D/py-qt3-qscintilla////
A D/py-qt3-sip////
A D/py-wxWidgets////
A D/py-wxWindows////
A D/pygtk////
A D/qt////
A D/qt1////
A D/qt2////
A D/qt2-designer////
A D/qt2-designer-kde////
A D/qt2-docs////
A D/qt2-examples////
A D/qt2-libs////
A D/qt21////
A D/qt3////
A D/qt3-docs////
A D/qt3-libs////
A D/qt3-mysql////
A D/qt3-pgsql////
A D/qt3-psql////
A D/qt3-qscintilla////
A D/qt3-tools////
A D/qt4////
A D/qt4-docs////
A D/qt4-libs////
A D/qt4-pgsql////
A D/qt4-psql////
A D/qt4-qdbus////
A D/qt4-sqlite3////
A D/qt4-tiff////
A D/qt4-tools////
A D/qtarch////
A D/qwspritefield////
A D/qwt////
A D/randrext////
A D/randrproto////
A D/ratmen////
A D/rclock////
A D/recordproto////
A D/render////
A D/renderext////
A D/renderproto////
A D/rep-gtk////
A D/rep-gtk2////
A D/resourceproto////
A D/rgb////
A D/rox-session////
A D/rox-wallpaper////
A D/ruby-Tk-mixedcase////
A D/ruby-fox////
A D/ruby-gnome2-gnome////
A D/ruby-gnome2-gtk////
A D/ruby-gnome2-panelapplet////
A D/ruby-gtk////
A D/ruby-tcltklib////
A D/ruby-tk////
A D/ruby14-tk////
A D/ruby16-tcltklib////
A D/ruby16-tk////
A D/rxvt////
A D/rxvt-unicode////
A D/sawfish////
A D/sawfish-replibs////
A D/scrnsaverproto////
A D/scwm////
A D/sessreg////
A D/setxkbmap////
A D/slock////
A D/speyes////
A D/ssystem////
A D/stalonetray////
A D/startup-notification////
A D/sunclock////
A D/swing////
A D/swisswatch////
A D/tile////
A D/titrax////
A D/tix////
A D/tk////
A D/tk-BWidget////
A D/tk-Tix////
A D/tk80////
A D/tk83////
A D/tkcron////
A D/tkicb////
A D/tkinfo////
A D/tkirc////
A D/tkman////
A D/transset-df////
A D/trapproto////
A D/ttmkfdir////
A D/tvtwm////
A D/type1inst////
A D/tzosdclock////
A D/unclutter////
A D/uwm////
A D/videoproto////
A D/vte////
A D/wdm////
A D/windowmaker////
A D/wm-themes////
A D/wm2////
A D/wmakerconf////
A D/wmavgload////
A D/wmcalclock////
A D/wmessage////
A D/wmextra////
A D/wmfire////
A D/wmfishtime////
A D/wmfstatus////
A D/wmmoonclock////
A D/wmthemes////
A D/wmtime////
A D/wmweather////
A D/wmx////
A D/worker////
A D/wterm////
A D/wx1Motif////
A D/wxGTK////
A D/wxGTK-contrib////
A D/wxGTK24////
A D/wxWindows-docs////
A D/wxhaskell////
A D/x11perf////
A D/x11vnc////
A D/x2x////
A D/x3270////
A D/xaniroc////
A D/xauth////
A D/xautolock////
A D/xbacklight////
A D/xbanner////
A D/xbattbar////
A D/xbeats////
A D/xbindkeys////
A D/xbindkeys-config////
A D/xbindkeys-tk////
A D/xbitmaps////
A D/xbproto////
A D/xcal////
A D/xcalc////
A D/xcb////
A D/xclip////
A D/xclock////
A D/xcmiscproto////
A D/xcolors////
A D/xcolorsel////
A D/xcompmgr////
A D/xconsole////
A D/xcruise////
A D/xcursor////
A D/xcursorgen////
A D/xdaemon////
A D/xdaemon2////
A D/xdaliclock////
A D/xdesktopwaves////
A D/xdialog////
A D/xdm////
A D/xdm3d////
A D/xdpyinfo////
A D/xearth////
A D/xephem////
A D/xev////
A D/xextensions////
A D/xextproto////
A D/xeyes////
A D/xf86-input-keyboard////
A D/xf86-input-mouse////
A D/xf86-input-void////
A D/xf86-video-apm////
A D/xf86-video-ark////
A D/xf86-video-ast////
A D/xf86-video-ati////
A D/xf86-video-chips////
A D/xf86-video-cirrus////
A D/xf86-video-cyrix////
A D/xf86-video-glint////
A D/xf86-video-i128////
A D/xf86-video-i740////
A D/xf86-video-i810////
A D/xf86-video-imstt////
A D/xf86-video-intel////
A D/xf86-video-mga////
A D/xf86-video-neomagic////
A D/xf86-video-nsc////
A D/xf86-video-nv////
A D/xf86-video-nvxbox////
A D/xf86-video-radeonhd////
A D/xf86-video-rendition////
A D/xf86-video-s3////
A D/xf86-video-s3virge////
A D/xf86-video-savage////
A D/xf86-video-siliconmotion////
A D/xf86-video-sis////
A D/xf86-video-tdfx////
A D/xf86-video-tga////
A D/xf86-video-trident////
A D/xf86-video-tseng////
A D/xf86-video-vesa////
A D/xf86-video-vga////
A D/xf86-video-via////
A D/xf86-video-vmware////
A D/xf86-video-wsfb////
A D/xf86bigfontproto////
A D/xf86dgaproto////
A D/xf86driproto////
A D/xf86miscproto////
A D/xf86vidmodeproto////
A D/xfce////
A D/xfce3////
A D/xfce4-clipman-plugin////
A D/xfce4-desktop////
A D/xfce4-exo////
A D/xfce4-eyes-plugin////
A D/xfce4-gtk2-engine////
A D/xfce4-gtk2-engines////
A D/xfce4-mcs-manager////
A D/xfce4-mcs-plugins////
A D/xfce4-menueditor////
A D/xfce4-notes-plugin////
A D/xfce4-panel////
A D/xfce4-places-plugin////
A D/xfce4-screenshooter-plugin////
A D/xfce4-session////
A D/xfce4-taskbar-plugin////
A D/xfce4-terminal////
A D/xfce4-themes////
A D/xfce4-toys////
A D/xfce4-trigger-launcher////
A D/xfce4-utils////
A D/xfce4-windowlist-plugin////
A D/xfinans////
A D/xfishtank////
A D/xflame////
A D/xfontsel////
A D/xforms////
A D/xfstt////
A D/xgamma////
A D/xgas////
A D/xglobe////
A D/xgrk////
A D/xhangglider////
A D/xhost////
A D/xineramaproto////
A D/xinit////
A D/xinput////
A D/xinvest////
A D/xjman////
A D/xkbcomp////
A D/xkbd////
A D/xkbdata////
A D/xkbset////
A D/xkeyboard-config////
A D/xkeycaps////
A D/xkill////
A D/xless////
A D/xload////
A D/xlockmore////
A D/xlockmore-lite////
A D/xlogo////
A D/xlogout////
A D/xlsclients////
A D/xlupe////
A D/xmag////
A D/xman////
A D/xmascot////
A D/xmessage////
A D/xmeter////
A D/xmindpath////
A D/xmms-osd////
A D/xmodmap////
A D/xmon////
A D/xmore////
A D/xmountains////
A D/xmove////
A D/xmx////
A D/xneko////
A D/xnodecor////
A D/xorg-cf-files////
A D/xorg-clients////
A D/xorg-imake////
A D/xorg-libs////
A D/xorg-server////
A D/xosd////
A D/xp////
A D/xpad////
A D/xpaint////
A D/xpaste////
A D/xpenguins////
A D/xphoon////
A D/xpkgwedge////
A D/xplanet////
A D/xplot////
A D/xplsprinters////
A D/xpmicons////
A D/xpmroot////
A D/xpns////
A D/xpostit////
A D/xprehashprinterlist////
A D/xprop////
A D/xproto////
A D/xproxymanagementprotocol////
A D/xquote////
A D/xrandr////
A D/xrdb////
A D/xrefresh////
A D/xrestop////
A D/xrolodex////
A D/xscreensaver////
A D/xscreensaver-demo////
A D/xscreensaver-gnome////
A D/xscribble////
A D/xscript////
A D/xsel////
A D/xservers////
A D/xset////
A D/xsetmode////
A D/xsetpointer////
A D/xsetroot////
A D/xsm////
A D/xsnow////
A D/xteddy////
A D/xteddy2////
A D/xterm////
A D/xtermset////
A D/xtimer////
A D/xtoolwait////
A D/xtrans////
A D/xvattr////
A D/xvidcap////
A D/xvidcap-gtk2////
A D/xview////
A D/xview-clients////
A D/xview-config////
A D/xview-lib////
A D/xvinfo////
A D/xwatchwin////
A D/xwd////
A D/xwininfo////
A D/xwit////
A D/xworld////
A D/xwrits////
A D/xwud////
A D/xxkb////
A D/zenity////
R D/xtimer////
R D/xsel////
R D/xscreensaver-gnome////
R D/xrolodex////
R D/xquote////
R D/xplot////
R D/xpkgwedge////
R D/xpaint////
R D/xorg-server////
R D/xorg-libs////
R D/xorg-imake////
R D/xorg-clients////
R D/xmeter////
R D/xinvest////
R D/xinput////
R D/xfinans////
R D/xfce4-windowlist-plugin////
R D/xfce4-trigger-launcher////
R D/xfce4-toys////
R D/xfce4-themes////
R D/xfce4-taskbar-plugin////
R D/xfce4-menueditor////
R D/xfce4-gtk2-engines////
R D/xfce////
R D/xextensions////
R D/xdaliclock////
R D/xcal////
R D/xbproto////
R D/xbindkeys-config////
R D/xbeats////
R D/xbattbar////
R D/xbacklight////
R D/wx1Motif////
R D/wmx////
R D/wmtime////
R D/wmthemes////
R D/wmmoonclock////
R D/wmfishtime////
R D/wmextra////
R D/wmessage////
R D/wmcalclock////
R D/wmakerconf////
R D/wm2////
R D/wm-themes////
R D/windowmaker////
R D/uwm////
R D/type1inst////
R D/tvtwm////
R D/ttmkfdir////
R D/tkirc////
R D/tkicb////
R D/tkcron////
R D/tk80////
R D/tix////
R D/titrax////
R D/swisswatch////
R D/sunclock////
R D/slock////
R D/scwm////
R D/sawfish-replibs////
R D/sawfish////
R D/ruby16-tk////
R D/ruby16-tcltklib////
R D/ruby14-tk////
R D/ruby-tcltklib////
R D/ruby-fox////
R D/ruby-Tk-mixedcase////
R D/rep-gtk////
R D/renderext////
R D/render////
R D/rclock////
R D/randrext////
R D/qt4-psql////
R D/qt3-psql////
R D/qt21////
R D/qt2-designer-kde////
R D/qt////
R D/pygtk////
R D/py-wxWindows////
R D/py-gtk////
R D/polclock////
R D/plan////
R D/pkg////
R D/olvwm////
R D/multi-gnome-terminal////
R D/lwm////
R D/llnlxdir////
R D/libxbui////
R D/libexo////
R D/lesstif12////
R D/lesstif-current////
R D/lablgtk2////
R D/kworldwatch////
R D/korganizer////
R D/khostchooser////
R D/kdelibs2////
R D/kdelibs////
R D/kdelibdocs2////
R D/kdelibdocs////
R D/kdebase2////
R D/kdebase////
R D/kde3-i18n-zu////
R D/kde3-i18n-xh////
R D/kde3-i18n-ven////
R D/kde3-i18n-th////
R D/kde3-i18n-nso////
R D/kde3-i18n-mt////
R D/kde3-i18n-hsb////
R D/kde3////
R D/kde2////
R D/kde////
R D/jmk-fonts////
R D/jisx0213fonts////
R D/jisx0212fonts////
R D/jisx0208fonts////
R D/ion-dock////
R D/intlfonts////
R D/imake////
R D/icewm-gnome////
R D/icewm////
R D/gtoolkit////
R D/gtksourceview-sharp2////
R D/gtksourceview-sharp////
R D/gtkmm24////
R D/gtkglarea2////
R D/gtk2-engines-industrial////
R D/gtk2-engines-clearlooks////
R D/gtk10////
R D/gtk-thinice-engine////
R D/gtk-sharp////
R D/gtk--////
R D/gnome2-terminal////
R D/gnome2-control-center////
R D/gnome2-applets////
R D/gnome1-session////
R D/gnome1-panel////
R D/gnome-users-guide////
R D/gnome-themes-extra////
R D/gnome-sharp////
R D/gnome-python////
R D/gnome-libs////
R D/gnome-gkrellm////
R D/gnome-core////
R D/gnome--////
R D/gnome////
R D/glclock////
R D/gdm1////
R D/gdkxft////
R D/fvwm95////
R D/fvwm2////
R D/fvwm1////
R D/flwm////
R D/fixesext////
R D/ethemes////
R D/enlightenment////
R D/emiclock////
R D/econf////
R D/dmenu////
R D/dclock////
R D/ctwm////
R D/crxvt////
R D/controlcenter////
R D/control-center////
R D/compositeext////
R D/clearlooks-metacity////
R D/catclock////
R D/blackbox////
R D/awesome////
R D/ascp////
R D/asclock-xlib////
R D/asclock-gtk////
R D/asclock////
R D/amiwm////
R D/afterstep-current////
R D/afterstep////
R D/Xrandr-mixedcase////
R D/XFree86-server////
R D/XFree86-libs////
R D/XFree86-imake////
R D/XFree86-clients////
R D/XF86Setup////
R D/Terminal////
