A D/XFree86////
A D/boost////
A D/courier////
A D/edesktop////
A D/fxtv-capture////
A D/gnome////
A D/gnome-accessibility////
A D/gnome-base////
A D/gnome-devel////
A D/gnome-extras////
A D/gnome-platform////
A D/gnome1////
A D/gnome2////
A D/gnuradio////
A D/gnustep////
A D/gtk2-extras////
A D/kde3////
A D/matchbox////
A D/modular-xorg-apps////
A D/modular-xorg-drivers////
A D/modular-xorg-fonts////
A D/modular-xorg-libs////
A D/netbsd-doc////
A D/netbsd-doc-print////
A D/netbsd-www////
A D/php4-extensions////
A D/php5-extensions////
A D/pkg////
A D/pkg_developer////
A D/pkgsrc-guide-tools////
A D/ruby-gnome2////
A D/suse100////
A D/suse9////
A D/web-server////
A D/windowmaker-desktop////
A D/xfce4////
A D/xfce4-extras////
A D/xorg////
R D/xorg////
R D/pkg////
R D/gnome2////
R D/gnome1////
R D/gnome-platform////
R D/gnome-extras////
R D/gnome-accessibility////
R D/edesktop////
R D/XFree86////
