A D/GNUMail////
A D/Pantomime////
A D/YoSucker////
A D/alpine////
A D/amavisd-new////
A D/anomy-sanitizer////
A D/archivemail////
A D/autorespond////
A D/avenger////
A D/balsa////
A D/balsa2////
A D/bbmail////
A D/bmf////
A D/bogofilter////
A D/bulk_mailer////
A D/clamav////
A D/clamsmtp////
A D/clamsmtpd////
A D/claws-mail////
A D/claws-mail-attachwarner////
A D/claws-mail-attremover////
A D/claws-mail-bogofilter////
A D/claws-mail-cachesaver////
A D/claws-mail-clamav////
A D/claws-mail-dillo-viewer////
A D/claws-mail-fetchinfo////
A D/claws-mail-gtkhtml////
A D/claws-mail-mailmbox////
A D/claws-mail-newmail////
A D/claws-mail-notification////
A D/claws-mail-pdf_viewer////
A D/claws-mail-pgp////
A D/claws-mail-pgpcore////
A D/claws-mail-pgpinline////
A D/claws-mail-pgpmime////
A D/claws-mail-rssyl////
A D/claws-mail-smime////
A D/claws-mail-spamassassin////
A D/claws-mail-spamreport////
A D/claws-mail-synce////
A D/claws-mail-tnef////
A D/claws-mail-trayicon////
A D/claws-mail-vcalendar////
A D/clawsker////
A D/columba////
A D/cone////
A D/coolmail////
A D/courier-analog////
A D/courier-auth////
A D/courier-authldap////
A D/courier-authmysql////
A D/courier-authpgsql////
A D/courier-imap////
A D/courier-imap-ldap////
A D/courier-maildir////
A D/courier-maildirmake////
A D/courier-mta////
A D/cucipop////
A D/cue////
A D/cyrus////
A D/cyrus-imapd////
A D/cyrus-imapd21////
A D/cyrus-imapd22////
A D/cyrus-sasl////
A D/dbmail////
A D/deliver////
A D/demime////
A D/distribute////
A D/dk-milter////
A D/dkim-milter////
A D/dot-forward////
A D/dovecot////
A D/dovecot-devel////
A D/dovecot-sieve////
A D/drac////
A D/dspam////
A D/elm////
A D/elm-me////
A D/elmo////
A D/esmtp////
A D/etach////
A D/etpan////
A D/evolution////
A D/evolution-data-server////
A D/evolution-exchange////
A D/evolution12////
A D/evolution14////
A D/exim////
A D/exim-exiscan////
A D/exim-html////
A D/exim-user////
A D/exim3////
A D/exmh////
A D/ezmlm////
A D/ezmlm-idx////
A D/faces////
A D/fastforward////
A D/fetchmail////
A D/fetchmailconf////
A D/fetchyahoo////
A D/fix-mime-charset////
A D/flim////
A D/freepops////
A D/fromto////
A D/getmail////
A D/gld////
A D/gmime////
A D/gnus////
A D/gotmail////
A D/greetdelay////
A D/grepmail////
A D/hypermail////
A D/ifile////
A D/ifile-procmail////
A D/im////
A D/imap-uw////
A D/imap-uw-utils////
A D/imapfilter////
A D/imapproxy////
A D/imapsync////
A D/imp////
A D/imp4////
A D/incm////
A D/ingo////
A D/isync////
A D/ja-mh////
A D/ja-squirrelmail////
A D/jchkmail////
A D/kbiff////
A D/libesmtp////
A D/libetpan////
A D/libmilter////
A D/libmilter812////
A D/libsieve////
A D/libsnert////
A D/libspf-alt////
A D/libspf2////
A D/libsylph////
A D/libytnef////
A D/mail-notification////
A D/mailagent////
A D/mailcrypt////
A D/maildrop////
A D/mailfront////
A D/mailgraph////
A D/mailman////
A D/mailscanner////
A D/mailserv////
A D/mailsync////
A D/mailwrapper////
A D/mairix////
A D/majordomo////
A D/mb2md////
A D/mdfrm////
A D/mess822////
A D/metamail////
A D/mew////
A D/mew-xemacs////
A D/mew3////
A D/mhonarc////
A D/milter-greylist////
A D/milter-regex////
A D/milter-sender////
A D/milter-spamc////
A D/mimedefang////
A D/mini_sendmail////
A D/mpop////
A D/msmtp////
A D/mush////
A D/mutt////
A D/mutt-current////
A D/mutt-devel////
A D/mutt-unstable////
A D/nail////
A D/netbiff////
A D/netqmail////
A D/newmail////
A D/newspipe////
A D/nmh////
A D/nullmailer////
A D/oe2mbx////
A D/offlineimap////
A D/p5-Email-Abstract////
A D/p5-Email-Address////
A D/p5-Email-Date////
A D/p5-Email-MIME////
A D/p5-Email-MIME-Attachment-Stripper////
A D/p5-Email-MIME-ContentType////
A D/p5-Email-MIME-Creator////
A D/p5-Email-MIME-Encodings////
A D/p5-Email-MIME-Modifier////
A D/p5-Email-MessageID////
A D/p5-Email-Reply////
A D/p5-Email-Send////
A D/p5-Email-Simple////
A D/p5-Email-Simple-Creator////
A D/p5-Email-Valid////
A D/p5-GMail-IMAPD////
A D/p5-IMAP-Admin////
A D/p5-IMAP-Client////
A D/p5-MIME-Lite////
A D/p5-MIME-Lite-HTML////
A D/p5-MIME-Types////
A D/p5-MIME-tools////
A D/p5-Mail-Audit////
A D/p5-Mail-Box////
A D/p5-Mail-ClamAV////
A D/p5-Mail-DKIM////
A D/p5-Mail-Ezmlm////
A D/p5-Mail-IMAPClient////
A D/p5-Mail-ListDetector////
A D/p5-Mail-Mbox-MessageParser////
A D/p5-Mail-Milter////
A D/p5-Mail-SPF-Query////
A D/p5-Mail-SRS////
A D/p5-Mail-Sender////
A D/p5-Mail-Sender-Easy////
A D/p5-Mail-Sendmail////
A D/p5-Mail-SpamAssassin////
A D/p5-Mail-Webmail-Gmail////
A D/p5-MailTools////
A D/p5-Net-LMTP////
A D/p5-Net-SMTP_auth////
A D/p5-Sendmail-AccessDB////
A D/p5-Sendmail-PMilter////
A D/p5-Simple-Creator////
A D/p5-URI-imap////
A D/p5-User-Identity////
A D/p5-razor-agents////
A D/pear-Mail////
A D/pear-Mail_Mime////
A D/perdition////
A D/perdition-bdb////
A D/perdition-gdbm////
A D/perdition-ldap////
A D/perdition-mysql////
A D/perdition-odbc////
A D/perdition-postgresql////
A D/petidomo////
A D/pfqueue////
A D/php-imap////
A D/php4-imap////
A D/pine////
A D/pine-pgp-filters////
A D/pkg////
A D/policyd////
A D/policyd-weight////
A D/popa3d////
A D/poppassd////
A D/popper////
A D/poppy////
A D/postfix////
A D/postfix-current////
A D/postgrey////
A D/prayer////
A D/procmail////
A D/proxsmtp////
A D/pulsar////
A D/py-libgmail////
A D/pymsgauth////
A D/qcheck////
A D/qgreylist////
A D/qmHandle////
A D/qmail////
A D/qmail-conf////
A D/qmail-lint////
A D/qmail-qfilter////
A D/qmail-run////
A D/qmail-users////
A D/qmailanalog////
A D/qmqtool////
A D/qpopper////
A D/qtools////
A D/queue-fix////
A D/queue-repair////
A D/queue_repair////
A D/rblcheck////
A D/relay-ctrl////
A D/ripmime////
A D/rmail-mime////
A D/roundcube////
A D/rss2email////
A D/ruby-actionmailer////
A D/ruby-mailfactory////
A D/ruby-mime-types////
A D/ruby-tmail////
A D/safecat////
A D/semi////
A D/sendmail////
A D/sendmail-current////
A D/sendmail811////
A D/sendmail812////
A D/sendmail813////
A D/sendmail88////
A D/sendymail////
A D/serialmail////
A D/sigrot////
A D/sma////
A D/smtpfeed////
A D/solid-pop3d////
A D/spamass-milter////
A D/spamassassin////
A D/spamd////
A D/spamdyke////
A D/spamprobe////
A D/spruce////
A D/sq-attachment-handlers////
A D/sq-squirrelspell////
A D/sqlgrey////
A D/squirrelmail////
A D/squirrelmail-decode////
A D/squirrelmail-locales////
A D/sqwebmail////
A D/ssmtp////
A D/sylpheed////
A D/sylpheed-claws////
A D/sylpheed-claws-dillo-viewer////
A D/sylpheed-claws-ghostscript-viewer////
A D/sylpheed-claws-image-viewer////
A D/sylpheed-claws-trayicon////
A D/sylpheed-devel////
A D/sylpheed-gtk2////
A D/sympa////
A D/t-prot////
A D/teapop////
A D/thunderbird////
A D/thunderbird-bin////
A D/thunderbird-bin-nightly////
A D/thunderbird-gtk1////
A D/thunderbird-gtk2////
A D/thunderbird15////
A D/thunderbird15-gtk1////
A D/tmda////
A D/tnef////
A D/tnef2txt////
A D/turba////
A D/up-imapproxy////
A D/vm////
A D/wl////
A D/wmbiff////
A D/wmmail////
A D/xbiff////
A D/xbuffy////
A D/xfmail////
A D/ximian-connector////
A D/xmailbox////
A D/xmailwatcher////
A D/yatsvrs////
A D/yatsvrs5////
R D/yatsvrs5////
R D/ximian-connector////
R D/thunderbird-gtk2////
R D/thunderbird-bin////
R D/sylpheed-gtk2////
R D/sylpheed-claws-trayicon////
R D/sylpheed-claws-image-viewer////
R D/sylpheed-claws-ghostscript-viewer////
R D/sylpheed-claws-dillo-viewer////
R D/sylpheed-claws////
R D/sq-squirrelspell////
R D/sq-attachment-handlers////
R D/spruce////
R D/sendmail88////
R D/sendmail812////
R D/sendmail811////
R D/sendmail-current////
R D/semi////
R D/ruby-mime-types////
R D/ruby-mailfactory////
R D/queue_repair////
R D/qmail-users////
R D/popper////
R D/pkg////
R D/php4-imap////
R D/petidomo////
R D/p5-Simple-Creator////
R D/p5-Mail-SpamAssassin////
R D/netqmail////
R D/mutt-unstable////
R D/mutt-current////
R D/milter-spamc////
R D/milter-sender////
R D/mew3////
R D/mew-xemacs////
R D/libytnef////
R D/libspf2////
R D/libsnert////
R D/libmilter812////
R D/ja-squirrelmail////
R D/imp4////
R D/im////
R D/gotmail////
R D/flim////
R D/exim-user////
R D/exim-exiscan////
R D/evolution14////
R D/evolution12////
R D/dovecot-devel////
R D/cyrus-sasl////
R D/cyrus-imapd22////
R D/courier-maildirmake////
R D/courier-imap-ldap////
R D/courier-authpgsql////
R D/courier-authmysql////
R D/courier-authldap////
R D/courier-auth////
R D/clawsker////
R D/claws-mail-tnef////
R D/clamsmtpd////
R D/balsa2////
R D/amavisd-new////
