A D/MyHDL-gplcver////
A D/MyHDL-iverilog////
A D/acs////
A D/adms////
A D/atlc////
A D/boolean////
A D/cascade////
A D/cgi-wcalc////
A D/covered////
A D/covered-current////
A D/dinotrace////
A D/dinotrace-mode////
A D/eagle////
A D/electric////
A D/fastcap////
A D/fasthenry////
A D/felt////
A D/gattrib////
A D/gdsreader////
A D/geda////
A D/geda-docs////
A D/geda-examples////
A D/geda-symbols////
A D/geda-utils////
A D/gerbv////
A D/gnetlist////
A D/gnetman////
A D/gnucap////
A D/gplcver////
A D/gschem////
A D/gsmc////
A D/gsymcheck////
A D/gtk1-wcalc////
A D/gtk2-wcalc////
A D/gtkwave////
A D/gwave////
A D/ipal-current////
A D/lc////
A D/libgeda////
A D/libwcalc////
A D/magic////
A D/mcalc////
A D/mex-wcalc////
A D/mpac////
A D/nelma////
A D/ng-spice////
A D/ntesla////
A D/oct-wcalc////
A D/oregano////
A D/pcb////
A D/pcb-current////
A D/pkg////
A D/py-MyHDL////
A D/py-simpy////
A D/qcad////
A D/qcad-manual-cs////
A D/qcad-manual-de////
A D/qcad-manual-en////
A D/qcad-manual-hu////
A D/qcad-partlibrary////
A D/sci-wcalc////
A D/simian////
A D/simian-docs////
A D/spice////
A D/spiceprm////
A D/stdio-wcalc////
A D/tkgate////
A D/tnt////
A D/tnt-mmtl////
A D/transcalc////
A D/verilog////
A D/verilog-current////
A D/verilog-mode////
A D/vipec////
A D/wcalc////
A D/wcalc-docs////
A D/xchiplogo////
A D/xcircuit////
R D/tnt////
R D/pkg////
R D/pcb-current////
R D/oregano////
R D/acs////
