A D/XFree86-fonts100dpi////
A D/XFree86-fonts75dpi////
A D/XFree86-fontsCyrillic////
A D/XFree86-fontsEncodings////
A D/XFree86-fontsMisc////
A D/XFree86-fontsScalable////
A D/XFree86-fontserver////
A D/Xft2////
A D/Xg////
A D/acroread-chsfont////
A D/acroread-chtfont////
A D/acroread-font-share////
A D/acroread-jpnfont////
A D/acroread-korfont////
A D/acroread5-chsfont////
A D/acroread5-chtfont////
A D/acroread5-font-share////
A D/acroread5-jpnfont////
A D/acroread5-korfont////
A D/acroread7-chsfont////
A D/acroread7-chtfont////
A D/acroread7-font-share////
A D/acroread7-jpnfont////
A D/acroread7-korfont////
A D/adobe-cidfonts////
A D/adobe-cmaps////
A D/alee-ttf////
A D/arphic-ttf////
A D/arphicttf////
A D/artwiz-fonts////
A D/baekmuk-ttf////
A D/bakoma-fonts////
A D/bdftopcf////
A D/biznet-iso8859-2////
A D/biznet-iso8859_2////
A D/chkfontpath////
A D/cyberbase-ttf////
A D/cyberbit-ttf////
A D/cyr-rfx-bulgarian-mik////
A D/cyr-rfx-ibm-cp866////
A D/cyr-rfx-iso10646-0400////
A D/cyr-rfx-iso10646_0400////
A D/cyr-rfx-iso8859-15////
A D/cyr-rfx-iso8859-5////
A D/cyr-rfx-iso8859_15////
A D/cyr-rfx-iso8859_5////
A D/cyr-rfx-koi8-1////
A D/cyr-rfx-koi8-o////
A D/cyr-rfx-koi8-ru////
A D/cyr-rfx-koi8-ub////
A D/cyr-rfx-koi8_1////
A D/cyr-rfx-mac-cyrillic////
A D/cyr-rfx-share////
A D/cyr-rfx-windows-1251////
A D/cyr-rfx-windows_1251////
A D/cyr-rfx-winlatin-1////
A D/cyr-rfx-winlatin_1////
A D/dbz-ttf////
A D/dejavu-ttf////
A D/ec-fonts-mftraced////
A D/efont-unicode////
A D/encodings////
A D/font-adobe-100dpi////
A D/font-adobe-75dpi////
A D/font-adobe-utopia-100dpi////
A D/font-adobe-utopia-75dpi////
A D/font-adobe-utopia-type1////
A D/font-alias////
A D/font-bh-100dpi////
A D/font-bh-75dpi////
A D/font-bh-lucidatypewriter-100dpi////
A D/font-bh-lucidatypewriter-75dpi////
A D/font-bh-ttf////
A D/font-bh-type1////
A D/font-bitstream-100dpi////
A D/font-bitstream-75dpi////
A D/font-bitstream-type1////
A D/font-cursor-misc////
A D/font-daewoo-misc////
A D/font-dec-misc////
A D/font-ibm-type1////
A D/font-isas-misc////
A D/font-jis-misc////
A D/font-misc-misc////
A D/font-mutt-misc////
A D/font-sony-misc////
A D/font-util////
A D/fontconfig////
A D/fontforge////
A D/freefont-ttf////
A D/freefonts////
A D/gentium-ttf////
A D/geoslab703-ttf////
A D/ghostscript-cidfonts////
A D/ghostscript-cmaps////
A D/ghostscript-fonts////
A D/gucharmap////
A D/inconsolata////
A D/inconsolata-ttf////
A D/intlfonts////
A D/ja-elisat////
A D/ja-elisau////
A D/ja-kaname////
A D/ja-kappa20////
A D/ja-naga10////
A D/ja-sazanami-ttf////
A D/ja-shinonome////
A D/jisx0208fonts////
A D/jisx0212fonts////
A D/jisx0213fonts////
A D/jmk-fonts////
A D/kcfonts////
A D/ko-baekmuk////
A D/ko-hanyang////
A D/ko-kaist////
A D/ko-mizi////
A D/ko-x11fonts////
A D/kochi-cidfonts////
A D/kochi-otf////
A D/kochi-ttf////
A D/ksc5601fonts////
A D/latex-ttf-fonts////
A D/liberation-ttf////
A D/libfontenc////
A D/linux-libertine-ttf////
A D/mftrace////
A D/mglfonts////
A D/mkcfm////
A D/mkfontalias////
A D/mkfontdir////
A D/mkfontscale////
A D/mkttfdir////
A D/mminstance////
A D/monafonts////
A D/monafonts-ttf////
A D/mozilla-fonts////
A D/mplayer-fonts////
A D/ms-ttf////
A D/oto////
A D/p5-Font-AFM////
A D/p5-Font-TTF////
A D/p5-Font-TTFMetrics////
A D/pcf2bdf////
A D/pfaedit////
A D/pkg////
A D/profont////
A D/py-TTFQuery////
A D/py-fonttools////
A D/sgi-fonts////
A D/t1lib////
A D/t1utils////
A D/terminus-font////
A D/tex-uhc-fonts-base////
A D/tex-uhc-fonts-extra////
A D/tex-unttf////
A D/thaixfonts////
A D/ttf2pk////
A D/ttf2pt1////
A D/ttftot42////
A D/ttmkfdir////
A D/ttmkfdir2////
A D/type1inst////
A D/un-core-ttf////
A D/un-extra-ttf////
A D/un-ttf////
A D/urwfonts////
A D/vera-ttf////
A D/vfontcap-kochi////
A D/vlgothic-ttf////
A D/watanabe_vfont////
A D/xmbdfed////
A D/xorg-fonts100dpi////
A D/xorg-fonts75dpi////
A D/xorg-fontsCyrillic////
A D/xorg-fontsEncodings////
A D/xorg-fontsMisc////
A D/xorg-fontsTruetype////
A D/xorg-fontsType1////
A D/xorg-fontserver////
R D/xorg-fontserver////
R D/xorg-fontsType1////
R D/xorg-fontsTruetype////
R D/xorg-fontsMisc////
R D/xorg-fontsEncodings////
R D/xorg-fontsCyrillic////
R D/xorg-fonts75dpi////
R D/xorg-fonts100dpi////
R D/urwfonts////
R D/un-ttf////
R D/ttmkfdir////
R D/pkg////
R D/pfaedit////
R D/mkttfdir////
R D/mkcfm////
R D/latex-ttf-fonts////
R D/ksc5601fonts////
R D/kochi-otf////
R D/kochi-cidfonts////
R D/inconsolata////
R D/cyr-rfx-winlatin-1////
R D/cyr-rfx-windows-1251////
R D/cyr-rfx-koi8-1////
R D/cyr-rfx-iso8859-5////
R D/cyr-rfx-iso8859-15////
R D/cyr-rfx-iso10646-0400////
R D/biznet-iso8859-2////
R D/arphicttf////
R D/XFree86-fontserver////
R D/XFree86-fontsScalable////
R D/XFree86-fontsMisc////
R D/XFree86-fontsEncodings////
R D/XFree86-fontsCyrillic////
R D/XFree86-fonts75dpi////
R D/XFree86-fonts100dpi////
