A D/AiCA////
A D/AiSSLtelnet////
A D/Bastille////
A D/CSP////
A D/CoolKey////
A D/EasyPG////
A D/MyPasswordSafe////
A D/PAM////
A D/aide////
A D/aide06////
A D/amap////
A D/amavis////
A D/amavis-perl////
A D/amavisd-new////
A D/antonym////
A D/ap-modsecurity////
A D/ap-modsecurity2////
A D/apg////
A D/arirang////
A D/audit-packages////
A D/avcheck////
A D/base////
A D/bcrypt////
A D/beecrypt////
A D/bitstir////
A D/botan////
A D/caff////
A D/ccid////
A D/cfs////
A D/chkrootkit////
A D/corkscrew////
A D/courier-authlib////
A D/crack////
A D/crypto++////
A D/cvm////
A D/cy-login////
A D/cy2-anonymous////
A D/cy2-crammd5////
A D/cy2-digestmd5////
A D/cy2-gssapi////
A D/cy2-ldapdb////
A D/cy2-login////
A D/cy2-ntlm////
A D/cy2-otp////
A D/cy2-plain////
A D/cy2-sql////
A D/cyrus-sasl////
A D/cyrus-sasl2////
A D/cyrus-saslauthd////
A D/ddos-scan////
A D/destroy////
A D/dirb////
A D/dirmngr////
A D/dropbear////
A D/dsniff////
A D/dsniff-nox11////
A D/egd////
A D/epg////
A D/flawfinder////
A D/fortify////
A D/fp-netbsd-ws////
A D/fprot-workstation-bin////
A D/fragroute////
A D/fressh////
A D/fsh////
A D/fwbuilder////
A D/fwbuilder21////
A D/gnome-keyring////
A D/gnome-keyring-manager////
A D/gnu-crypto////
A D/gnupg////
A D/gnupg-devel////
A D/gnupg2////
A D/gnustep-ssl////
A D/gnutls////
A D/gpa////
A D/gpass////
A D/gpg2dot////
A D/gpgme////
A D/gpgme03////
A D/gsasl////
A D/gss////
A D/gtk-systrace////
A D/hackbot////
A D/hashcash////
A D/heimdal////
A D/honeyd////
A D/honeyd-arpd////
A D/hydan////
A D/hydra////
A D/ike-scan////
A D/ipsec-tools////
A D/isakmpd////
A D/jessie////
A D/john////
A D/keepassx////
A D/keychain////
A D/kssh////
A D/kth-krb4////
A D/libassuan////
A D/libbf////
A D/libcrack////
A D/libdes////
A D/libfwbuilder////
A D/libfwbuilder21////
A D/libgcrypt////
A D/libgpg-error////
A D/libidea////
A D/libident////
A D/libksba////
A D/libksba04////
A D/libmcrypt////
A D/libmcrypt22////
A D/libnasl////
A D/libprelude////
A D/libpreludedb////
A D/libssh////
A D/libssh2////
A D/libtasn1////
A D/libtcpa////
A D/logcheck////
A D/lsh////
A D/lsh2////
A D/mcrypt////
A D/md4-collision////
A D/md5-collision////
A D/mhash////
A D/mirrordir////
A D/mit-krb5////
A D/mixminion////
A D/mozilla-rootcerts////
A D/msf////
A D/msu////
A D/msudir////
A D/nessus////
A D/nessus-core////
A D/nessus-libraries////
A D/nessus-plugins////
A D/netramet////
A D/nfsbug////
A D/nikto////
A D/ocaml-ssl////
A D/opencdk////
A D/openpam////
A D/openssh////
A D/openssh+gssapi////
A D/openssl////
A D/otpCalc////
A D/otpcalc////
A D/p0f////
A D/p5-Authen-PAM////
A D/p5-Authen-SASL////
A D/p5-Authen-SASL-Cyrus////
A D/p5-Crypt-Blowfish////
A D/p5-Crypt-CAST5_PP////
A D/p5-Crypt-CBC////
A D/p5-Crypt-CipherSaber////
A D/p5-Crypt-DES////
A D/p5-Crypt-DES_EDE3////
A D/p5-Crypt-DH////
A D/p5-Crypt-DSA////
A D/p5-Crypt-GeneratePassword////
A D/p5-Crypt-IDEA////
A D/p5-Crypt-OpenPGP////
A D/p5-Crypt-OpenSSL-Bignum////
A D/p5-Crypt-OpenSSL-DSA////
A D/p5-Crypt-OpenSSL-RSA////
A D/p5-Crypt-OpenSSL-Random////
A D/p5-Crypt-PasswdMD5////
A D/p5-Crypt-Primes////
A D/p5-Crypt-RC4////
A D/p5-Crypt-RIPEMD160////
A D/p5-Crypt-RSA////
A D/p5-Crypt-RandPasswd////
A D/p5-Crypt-Random////
A D/p5-Crypt-Rijndael////
A D/p5-Crypt-SSLeay////
A D/p5-Crypt-SmbHash////
A D/p5-Crypt-Twofish////
A D/p5-Data-SimplePassword////
A D/p5-Digest////
A D/p5-Digest-BubbleBabble////
A D/p5-Digest-CRC////
A D/p5-Digest-HMAC////
A D/p5-Digest-Hashcash////
A D/p5-Digest-MD2////
A D/p5-Digest-MD4////
A D/p5-Digest-MD5////
A D/p5-Digest-Nilsimsa////
A D/p5-Digest-SHA////
A D/p5-Digest-SHA1////
A D/p5-GSSAPI////
A D/p5-GnuPG-Interface////
A D/p5-IO-Socket-SSL////
A D/p5-MD5////
A D/p5-Module-Signature////
A D/p5-Net-DNS-SEC////
A D/p5-Net-SSH////
A D/p5-Net-SSLeay////
A D/p5-SHA////
A D/p5-SSLeay////
A D/p5-String-Random////
A D/p5-Tie-EncryptedHash////
A D/p5-pcsc////
A D/pakemon////
A D/pam-af////
A D/pam-dbm////
A D/pam-ldap////
A D/pam-mysql////
A D/pam-pwauth_suid////
A D/pam-radius////
A D/pam-smbpass////
A D/pam_dbm////
A D/pcsc-lite////
A D/pcsc-tools////
A D/pflkm////
A D/pgp2////
A D/pgp5////
A D/pgpdump////
A D/pgpenvelope////
A D/php-mcrypt////
A D/php-mhash////
A D/php-openssl////
A D/php4-mcrypt////
A D/php4-mhash////
A D/php4-openssl////
A D/pinentry////
A D/pinepgp////
A D/pkg////
A D/pks////
A D/portsentry////
A D/prelude-lml////
A D/prelude-manager////
A D/prelude-pflogger////
A D/priv////
A D/prngd////
A D/pscan////
A D/putty////
A D/pwsafe////
A D/py-OpenSSL////
A D/py-SSLCrypto////
A D/py-amkCrypto////
A D/py-crack////
A D/py-cryptkit////
A D/py-crypto////
A D/py-denyhosts////
A D/py-gnupg////
A D/py-gnutls////
A D/py-m2crypto////
A D/py-mcrypt////
A D/py-paramiko////
A D/py-prewikka////
A D/py-tlslite////
A D/pyca////
A D/qca////
A D/qca-ossl////
A D/qca-tls////
A D/qca2////
A D/qca2-ossl////
A D/qident////
A D/racoon////
A D/rainbowcrack////
A D/rats////
A D/rc5des////
A D/rid////
A D/rsaref////
A D/ruby-acl////
A D/ruby-digest////
A D/ruby-md5////
A D/ruby-net-sftp////
A D/ruby-net-ssh////
A D/ruby-openssl////
A D/ruby-ossl////
A D/ruby-password////
A D/ruby-sha1////
A D/ruby-ssl////
A D/ruby-tcpwrap////
A D/ruby16-digest////
A D/ruby16-openssl////
A D/sbd////
A D/scanssh////
A D/seahorse////
A D/seahorse-gedit////
A D/seahorse-nautilus////
A D/secpanel////
A D/sfs////
A D/sign////
A D/skey////
A D/smimemsg////
A D/smtpd////
A D/sniff////
A D/snortsnarf////
A D/snow////
A D/srm////
A D/srp_client////
A D/ssh////
A D/ssh-askpass////
A D/ssh-ip-tunnel////
A D/ssh2////
A D/ssh2-nox11////
A D/ssh6////
A D/ssldump////
A D/ssleay////
A D/sslwrap////
A D/starttls////
A D/steghide////
A D/stunnel////
A D/sudo////
A D/systrace-policies////
A D/tacshell////
A D/tcl-tls////
A D/tcp_wrappers////
A D/tct////
A D/tinyca////
A D/tkpasman////
A D/tls////
A D/tripwire////
A D/uvscan////
A D/uvscan-dat////
A D/vpn////
A D/winbind////
A D/xdm-krb4////
A D/xmlsec1////
A D/yafic////
A D/zebedee////
R D/xdm-krb4////
R D/winbind////
R D/vpn////
R D/uvscan-dat////
R D/tls////
R D/tinyca////
R D/ssleay////
R D/ssh6////
R D/ssh2-nox11////
R D/ssh////
R D/ruby16-openssl////
R D/ruby16-digest////
R D/ruby-ssl////
R D/ruby-sha1////
R D/ruby-ossl////
R D/ruby-openssl////
R D/ruby-net-ssh////
R D/ruby-net-sftp////
R D/ruby-md5////
R D/ruby-digest////
R D/ruby-acl////
R D/racoon////
R D/qca-ossl////
R D/py-crypto////
R D/pkg////
R D/php4-openssl////
R D/php4-mhash////
R D/php4-mcrypt////
R D/php-openssl////
R D/pcsc-tools////
R D/pcsc-lite////
R D/pam_dbm////
R D/pam-smbpass////
R D/p5-pcsc////
R D/p5-SSLeay////
R D/p5-MD5////
R D/otpcalc////
R D/lsh2////
R D/libssh2////
R D/libmcrypt22////
R D/gnustep-ssl////
R D/gnupg-devel////
R D/fressh////
R D/fp-netbsd-ws////
R D/fortify////
R D/epg////
R D/cyrus-sasl2////
R D/cy-login////
R D/corkscrew////
R D/ccid////
R D/amavis////
R D/CoolKey////
