A D/BasiliskII////
A D/Cygne-SDL////
A D/DatLib////
A D/DatUtil////
A D/MAMEDiff////
A D/NeoPop-SDL////
A D/ROMBuild////
A D/ROMInfo////
A D/ZIPIdent////
A D/aliados////
A D/applyppf////
A D/aranym////
A D/arcem////
A D/arnold////
A D/atari800////
A D/blinkensim////
A D/bochs////
A D/ckmame////
A D/compat11////
A D/compat12////
A D/compat13////
A D/compat14////
A D/compat14-crypto////
A D/compat15////
A D/compat15-extras////
A D/compat16////
A D/compat16-extras////
A D/compat20////
A D/compat20-extras////
A D/compat30////
A D/compat30-extras////
A D/compat40////
A D/compat40-extras////
A D/compat_netbsd////
A D/cygwin_esound////
A D/cygwin_lib////
A D/darcnes////
A D/darwin_lib////
A D/dega////
A D/dgen////
A D/dosbox////
A D/doscmd////
A D/dynamips////
A D/e-uae////
A D/fceu////
A D/fmsx////
A D/freebsd_lib////
A D/fuse////
A D/fuse-utils////
A D/gcube////
A D/generator////
A D/generator-cbiere////
A D/gens////
A D/gnuboy////
A D/gnuboy-sdl////
A D/gpsim////
A D/gpsim-devel////
A D/gpsim-oscilloscope////
A D/gpsim-ptyusart////
A D/gxemul////
A D/hatari////
A D/hercules////
A D/hercules-images////
A D/ia64sim////
A D/kenigma////
A D/libspectrum////
A D/linux-locale////
A D/linux_SuSE////
A D/linux_lib////
A D/linuxppc_lib////
A D/lrmi////
A D/m1////
A D/makeppf////
A D/mednafen////
A D/minivmac////
A D/mips64emul////
A D/mmix////
A D/netbsd32_compat14////
A D/netbsd32_compat15////
A D/netbsd32_compat15-extras////
A D/netbsd32_compat16////
A D/netbsd32_compat16-extras////
A D/netbsd32_compat20////
A D/netbsd32_compat20-extras////
A D/netbsd32_compat30////
A D/netbsd32_compat30-extras////
A D/netbsd32_compat40////
A D/netbsd32_compat40-extras////
A D/openmsx////
A D/or1ksim////
A D/osf1_lib////
A D/p11////
A D/palmosemulator////
A D/pcemu////
A D/peace////
A D/pearpc////
A D/pkg////
A D/plex86////
A D/qemu////
A D/raine////
A D/rewind////
A D/simh////
A D/simulavr////
A D/ski////
A D/sms_sdl////
A D/snes9x////
A D/spim////
A D/stella////
A D/stella-sdl////
A D/suse100_32_alsa////
A D/suse100_32_aspell////
A D/suse100_32_base////
A D/suse100_32_compat////
A D/suse100_32_expat////
A D/suse100_32_fontconfig////
A D/suse100_32_freetype2////
A D/suse100_32_gdk-pixbuf////
A D/suse100_32_glx////
A D/suse100_32_gtk////
A D/suse100_32_gtk2////
A D/suse100_32_krb5////
A D/suse100_32_libcups////
A D/suse100_32_libjpeg////
A D/suse100_32_libpng////
A D/suse100_32_libsigc++2////
A D/suse100_32_libtiff////
A D/suse100_32_libxml2////
A D/suse100_32_locale////
A D/suse100_32_openmotif////
A D/suse100_32_openssl////
A D/suse100_32_resmgr////
A D/suse100_32_slang////
A D/suse100_32_vmware////
A D/suse100_32_x11////
A D/suse100_alsa////
A D/suse100_aspell////
A D/suse100_base////
A D/suse100_compat////
A D/suse100_expat////
A D/suse100_fontconfig////
A D/suse100_freetype2////
A D/suse100_gdk-pixbuf////
A D/suse100_glx////
A D/suse100_gtk////
A D/suse100_gtk2////
A D/suse100_krb5////
A D/suse100_libcups////
A D/suse100_libjpeg////
A D/suse100_libpng////
A D/suse100_libsigc++2////
A D/suse100_libtiff////
A D/suse100_libxml2////
A D/suse100_linux////
A D/suse100_locale////
A D/suse100_openmotif////
A D/suse100_openssl////
A D/suse100_resmgr////
A D/suse100_slang////
A D/suse100_vmware////
A D/suse100_x11////
A D/suse64_audio////
A D/suse64_base////
A D/suse64_compat////
A D/suse64_devel////
A D/suse64_glx////
A D/suse64_gtk////
A D/suse64_libc5////
A D/suse64_libjpeg////
A D/suse64_libpng////
A D/suse64_linux////
A D/suse64_vmware////
A D/suse64_x11////
A D/suse64_xforms////
A D/suse91_32_aspell////
A D/suse91_32_base////
A D/suse91_32_compat////
A D/suse91_32_expat////
A D/suse91_32_fontconfig////
A D/suse91_32_freetype2////
A D/suse91_32_gdk-pixbuf////
A D/suse91_32_glx////
A D/suse91_32_gtk////
A D/suse91_32_gtk2////
A D/suse91_32_libjpeg////
A D/suse91_32_libpng////
A D/suse91_32_libtiff////
A D/suse91_32_locale////
A D/suse91_32_openmotif////
A D/suse91_32_slang////
A D/suse91_32_vmware////
A D/suse91_32_x11////
A D/suse91_aspell////
A D/suse91_base////
A D/suse91_compat////
A D/suse91_expat////
A D/suse91_fontconfig////
A D/suse91_freetype2////
A D/suse91_gdk-pixbuf////
A D/suse91_glx////
A D/suse91_gtk////
A D/suse91_gtk2////
A D/suse91_libjpeg////
A D/suse91_libpng////
A D/suse91_libtiff////
A D/suse91_linux////
A D/suse91_locale////
A D/suse91_openmotif////
A D/suse91_slang////
A D/suse91_vmware////
A D/suse91_x11////
A D/suse_audio////
A D/suse_base////
A D/suse_compat////
A D/suse_devel////
A D/suse_fileutils////
A D/suse_freetype2////
A D/suse_glx////
A D/suse_gtk////
A D/suse_libc5////
A D/suse_libjpeg////
A D/suse_libpng////
A D/suse_libtiff////
A D/suse_linux////
A D/suse_openmotif////
A D/suse_slang////
A D/suse_vmware////
A D/suse_x11////
A D/suse_xforms////
A D/swarm////
A D/tme////
A D/tuxnes////
A D/twin////
A D/uae////
A D/ucon64////
A D/uips////
A D/vba////
A D/vice////
A D/vmips////
A D/vmware////
A D/vmware-module////
A D/vmware-module3////
A D/vmware3////
A D/wine////
A D/wine-current////
A D/winelib////
A D/x48////
A D/xbeeb////
A D/xcopilot////
A D/xm7////
A D/xmame////
A D/xmess////
A D/xtrs////
A D/xyame////
A D/yabause////
A D/z26////
A D/zsnes////
R D/yabause////
R D/winelib////
R D/wine-current////
R D/suse_xforms////
R D/suse_x11////
R D/suse_vmware////
R D/suse_slang////
R D/suse_openmotif////
R D/suse_linux////
R D/suse_libtiff////
R D/suse_libpng////
R D/suse_libjpeg////
R D/suse_libc5////
R D/suse_gtk////
R D/suse_glx////
R D/suse_freetype2////
R D/suse_fileutils////
R D/suse_devel////
R D/suse_compat////
R D/suse_base////
R D/suse_audio////
R D/suse64_xforms////
R D/suse64_x11////
R D/suse64_vmware////
R D/suse64_linux////
R D/suse64_libpng////
R D/suse64_libjpeg////
R D/suse64_libc5////
R D/suse64_gtk////
R D/suse64_glx////
R D/suse64_devel////
R D/suse64_compat////
R D/suse64_base////
R D/suse64_audio////
R D/suse100_krb5////
R D/suse100_32_krb5////
R D/stella-sdl////
R D/rewind////
R D/plex86////
R D/pkg////
R D/netbsd32_compat14////
R D/mips64emul////
R D/linux_lib////
R D/linux_SuSE////
R D/linux-locale////
R D/dynamips////
R D/compat14-crypto////
R D/compat11////
