A D/SDL-arts////
A D/SDL-esound////
A D/SDL-mixer////
A D/SDL-nas////
A D/SDL_mixer////
A D/SDL_sound////
A D/Speex-mixedcase////
A D/abcde////
A D/abcmidi////
A D/ac3dec////
A D/adplug////
A D/amaroc////
A D/amarok////
A D/amp////
A D/applerecords////
A D/arts////
A D/audacity////
A D/aumix////
A D/aumix-gtk////
A D/bladeenc////
A D/bmp////
A D/bmp-esound////
A D/bmp-mac////
A D/bmp-musepack////
A D/bmpx////
A D/cam////
A D/cd-discid////
A D/cdd////
A D/cddb-bundle////
A D/cddbd////
A D/cdparanoia////
A D/cdplayer////
A D/cheesetracker////
A D/cmp3////
A D/cmus////
A D/cplay////
A D/cripple////
A D/cs4235////
A D/csound////
A D/csound-bath////
A D/csound-dev////
A D/csound-manual////
A D/csound4////
A D/csound4-manual////
A D/csound5////
A D/csound5-manual////
A D/daapd////
A D/dap////
A D/darkice////
A D/disc-cover////
A D/distmp3////
A D/easyh10////
A D/easytag////
A D/easytag-current////
A D/easytag-devel////
A D/eawpatches////
A D/emixer////
A D/esound////
A D/espeak////
A D/exaile////
A D/faac////
A D/faad2////
A D/festdoc////
A D/festival////
A D/festival-doc////
A D/festlex-cmu////
A D/festlex-oald////
A D/festlex-ogi////
A D/festlex-poslex////
A D/festogi-spanish////
A D/festvox-abc////
A D/festvox-aec////
A D/festvox-don////
A D/festvox-el11////
A D/festvox-en1////
A D/festvox-hvs////
A D/festvox-jph////
A D/festvox-kal16////
A D/festvox-kal8////
A D/festvox-ked16////
A D/festvox-ked8////
A D/festvox-mbrola////
A D/festvox-mwm////
A D/festvox-ogirab////
A D/festvox-rab16////
A D/festvox-rab8////
A D/festvox-tll////
A D/festvox-us1////
A D/festvox-us2////
A D/festvox-us3////
A D/flac////
A D/flac-xmms////
A D/flac123////
A D/flac2mp3////
A D/flite////
A D/fluidsynth////
A D/freealut////
A D/freepats////
A D/freezetag////
A D/gdcd////
A D/gkrellm-volume////
A D/gkrellm-xmms////
A D/gkrellm1-volume////
A D/gkrellm1-xmms////
A D/glurp////
A D/gmodplay////
A D/gmp3info////
A D/gmpc////
A D/gnome-audio////
A D/gnome-media////
A D/gnome-speech////
A D/gnome-speech-espeak////
A D/gnome-vfs-cdda////
A D/gnome-vfs2-cdda////
A D/gnome2-media////
A D/gogo////
A D/goom////
A D/gqmpeg////
A D/gqmpeg-devel////
A D/gqmpeg-skins////
A D/gramofile////
A D/gsm////
A D/gst-plugins-artsd////
A D/gst-plugins-cdparanoia////
A D/gst-plugins-esound////
A D/gst-plugins-faad////
A D/gst-plugins-flac////
A D/gst-plugins-lame////
A D/gst-plugins-mad////
A D/gst-plugins-ogg////
A D/gst-plugins-oss////
A D/gst-plugins-vorbis////
A D/gst-plugins0.10-a52////
A D/gst-plugins0.10-cairo////
A D/gst-plugins0.10-cdparanoia////
A D/gst-plugins0.10-dts////
A D/gst-plugins0.10-esound////
A D/gst-plugins0.10-faad////
A D/gst-plugins0.10-flac////
A D/gst-plugins0.10-fluendo-mp3////
A D/gst-plugins0.10-libvisual////
A D/gst-plugins0.10-mad////
A D/gst-plugins0.10-musepack////
A D/gst-plugins0.10-oss////
A D/gst-plugins0.10-pango////
A D/gst-plugins0.10-sid////
A D/gst-plugins0.10-spc////
A D/gst-plugins0.10-speex////
A D/gst-plugins0.10-vorbis////
A D/gst-plugins0.10-wavpack////
A D/gst-plugins0.8-artsd////
A D/gst-plugins0.8-cdparanoia////
A D/gst-plugins0.8-esound////
A D/gst-plugins0.8-faad////
A D/gst-plugins0.8-flac////
A D/gst-plugins0.8-lame////
A D/gst-plugins0.8-mad////
A D/gst-plugins0.8-oss////
A D/gst-plugins0.8-vorbis////
A D/gtick////
A D/gtkmserv////
A D/gtkpod////
A D/guspatches////
A D/herrie////
A D/hydrogen////
A D/icecast////
A D/icecast1////
A D/icecast2////
A D/ices-mp3////
A D/id3////
A D/id3ed////
A D/id3lib////
A D/id3v2////
A D/ifp-line////
A D/jack////
A D/jack-devel////
A D/juke////
A D/kdemultimedia////
A D/kdemultimedia2////
A D/kdemultimedia3////
A D/kid3////
A D/kmp////
A D/krio////
A D/ladspa////
A D/lame////
A D/lame-gui////
A D/liba52////
A D/libac3////
A D/libao////
A D/libao-arts////
A D/libao-esound////
A D/libao-macosx////
A D/libao-oss////
A D/libao-sun////
A D/libaudiofile////
A D/libcdaudio////
A D/libcddb////
A D/libdca////
A D/libdiscid////
A D/libdts////
A D/libgpod////
A D/libhydrogen////
A D/libid3tag////
A D/libmad////
A D/libmikmod////
A D/libmodplug////
A D/libmp3splt////
A D/libmpcdec////
A D/libmpd////
A D/libmusepack////
A D/libmusicbrainz////
A D/libofa////
A D/libogg////
A D/libopendaap////
A D/libopenspc////
A D/libsamplerate////
A D/libshout////
A D/libsidplay////
A D/libsidplay2////
A D/libsndfile////
A D/libspiff////
A D/libtunepimp////
A D/libtunepimp0.4////
A D/libvisual////
A D/libvisual-bmp////
A D/libvisual-gforce////
A D/libvisual-nebulus////
A D/libvisual-plugins////
A D/libvisual-xmms////
A D/libvisual0.2////
A D/libvisual0.2-plugins////
A D/libvorbis////
A D/liteamp////
A D/liveice////
A D/lmms////
A D/mac////
A D/mad////
A D/mad123////
A D/madman////
A D/madplay////
A D/malint////
A D/maplay////
A D/mbrola////
A D/mbrola-linux////
A D/mbrolavox-en1////
A D/mbrolavox-us1////
A D/mbrolavox-us2////
A D/mbrolavox-us3////
A D/mikmod////
A D/mixer.app////
A D/mkcdtoc////
A D/moc////
A D/moc-devel////
A D/moss////
A D/mp32ogg////
A D/mp3_check////
A D/mp3asm////
A D/mp3blaster////
A D/mp3check////
A D/mp3cut////
A D/mp3info////
A D/mp3splt////
A D/mp3splt-devel////
A D/mp3to////
A D/mpc////
A D/mpegaudio////
A D/mpg123////
A D/mpg123-esound////
A D/mpg123-nas////
A D/mpg321////
A D/mppenc////
A D/mserv////
A D/mserv-devel////
A D/mserv_irman////
A D/mstream////
A D/mt-daapd////
A D/muse////
A D/musicbox////
A D/musicbrainz////
A D/musicpd////
A D/mxv////
A D/nas////
A D/nas-auscope////
A D/nbc-vbi////
A D/ncmpc////
A D/normalize////
A D/nosefart////
A D/nspmod////
A D/oggasm////
A D/openal////
A D/oss////
A D/p5-Audio-CD////
A D/p5-Audio-CD-disc-cover////
A D/p5-Audio-Wav////
A D/p5-CDDB////
A D/p5-CDDB-File////
A D/p5-CDDB_get////
A D/p5-MP3-Info////
A D/p5-MP3-Tag////
A D/p5-MPEG-Audio-Frame////
A D/p5-MusicBrainz-Client////
A D/p5-MusicBrainz-Queries////
A D/pkg////
A D/portaudio////
A D/portaudio-devel////
A D/py-ao////
A D/py-cddb////
A D/py-daap////
A D/py-karaoke////
A D/py-mad////
A D/py-musicbrainz////
A D/py-musique////
A D/py-mutagen////
A D/py-ogg////
A D/py-vorbis////
A D/py-xmms////
A D/qsynth////
A D/qtplay////
A D/realplayer////
A D/realplayer7////
A D/realplayerG2////
A D/rexima////
A D/rhythmbox////
A D/rio////
A D/rio500////
A D/rioutil////
A D/rip////
A D/rosegarden////
A D/rplay////
A D/rsynth////
A D/rtunes////
A D/rvplayer////
A D/shntool////
A D/shorten////
A D/sidplay////
A D/sidplay2////
A D/snd////
A D/solfege////
A D/sonata////
A D/sound-juicer////
A D/sox////
A D/speex////
A D/spiralloops////
A D/spiralsynth////
A D/splay////
A D/streamripper////
A D/streamtuner////
A D/streamtuner-live365////
A D/streamtuner-local////
A D/sweep////
A D/taglib////
A D/tcd////
A D/tcl-snack////
A D/terminatorx////
A D/tfmxplay////
A D/timidity////
A D/toolame////
A D/tosha////
A D/tracker////
A D/tremor////
A D/tremor-tools////
A D/trm////
A D/trplayer////
A D/tunepimp////
A D/tunesbrowser////
A D/twolame////
A D/ubs////
A D/vorbis////
A D/vorbis-tools////
A D/vorbisgain////
A D/wavesurfer////
A D/wavpack////
A D/wmmixer////
A D/wmmp////
A D/wmmp3////
A D/wmsmixer////
A D/wmsound////
A D/wmusic////
A D/workman////
A D/wsoundprefs////
A D/wsoundserver////
A D/x11amp////
A D/xamp////
A D/xanalyser////
A D/xcd////
A D/xcdplayer////
A D/xfce4-mixer////
A D/xfce4-xmms-plugin////
A D/xhippo////
A D/xine-arts////
A D/xine-esound////
A D/xmcd////
A D/xmix////
A D/xmmix////
A D/xmms////
A D/xmms-alarm////
A D/xmms-arts////
A D/xmms-bezier////
A D/xmms-blursk////
A D/xmms-bump-scope////
A D/xmms-crossfade////
A D/xmms-dflowers////
A D/xmms-dscope////
A D/xmms-dspectogram////
A D/xmms-dspectral////
A D/xmms-dspectralizer////
A D/xmms-esound////
A D/xmms-faad////
A D/xmms-flac////
A D/xmms-fmradio////
A D/xmms-funtimedancer////
A D/xmms-gdancer////
A D/xmms-infinity////
A D/xmms-iris////
A D/xmms-jakdaw////
A D/xmms-jess////
A D/xmms-liveice////
A D/xmms-mac////
A D/xmms-mad////
A D/xmms-madspin////
A D/xmms-meta-csound////
A D/xmms-meta-input////
A D/xmms-meta-timidity////
A D/xmms-modplug////
A D/xmms-musepack////
A D/xmms-neato////
A D/xmms-nebulus////
A D/xmms-osx////
A D/xmms-paranormal////
A D/xmms-sid////
A D/xmms-synaesthesia////
A D/xmms-tv-scope////
A D/xmms-vismsa////
A D/xmms-wma////
A D/xmmsctrl////
A D/xmp////
A D/xmradio////
A D/xsidplay////
A D/xwave////
A D/yamt////
R D/yamt////
R D/xmms-meta-csound////
R D/xmms-dspectralizer////
R D/xcd////
R D/x11amp////
R D/workman////
R D/wmsound////
R D/vorbis////
R D/tunepimp////
R D/trplayer////
R D/streamtuner-local////
R D/streamtuner-live365////
R D/sonata////
R D/rvplayer////
R D/realplayerG2////
R D/realplayer7////
R D/realplayer////
R D/pkg////
R D/p5-Audio-CD-disc-cover////
R D/oss////
R D/nbc-vbi////
R D/mxv////
R D/mp3splt-devel////
R D/moc-devel////
R D/mbrola-linux////
R D/libvisual-nebulus////
R D/libvisual-gforce////
R D/libtunepimp0.4////
R D/libogg////
R D/libmp3splt////
R D/libdts////
R D/libac3////
R D/lame-gui////
R D/krio////
R D/kdemultimedia3////
R D/kdemultimedia2////
R D/kdemultimedia////
R D/jack-devel////
R D/icecast2////
R D/gst-plugins0.8-flac////
R D/gst-plugins0.10-pango////
R D/gst-plugins0.10-cairo////
R D/gst-plugins-vorbis////
R D/gst-plugins-oss////
R D/gst-plugins-ogg////
R D/gst-plugins-mad////
R D/gst-plugins-lame////
R D/gst-plugins-flac////
R D/gst-plugins-faad////
R D/gst-plugins-esound////
R D/gst-plugins-cdparanoia////
R D/gst-plugins-artsd////
R D/gnome2-media////
R D/gnome-vfs2-cdda////
R D/gnome-media////
R D/gmodplay////
R D/gkrellm1-xmms////
R D/gkrellm1-volume////
R D/gdcd////
R D/flac-xmms////
R D/festvox-mbrola////
R D/festdoc////
R D/easytag-devel////
R D/csound-manual////
R D/csound-dev////
R D/csound-bath////
R D/csound////
R D/cheesetracker////
R D/ac3dec////
R D/Speex-mixedcase////
R D/SDL-nas////
R D/SDL-mixer////
R D/SDL-esound////
R D/SDL-arts////
