A D/cm2gpx////
A D/cmconvert////
A D/epsg////
A D/epsg-docs////
A D/garmin-utils////
A D/gdal-lib////
A D/geos////
A D/gpsbabel////
A D/gpsd////
A D/gpsdrive////
A D/gpspoint////
A D/gpsutils////
A D/libdrg////
A D/mapserver////
A D/p5-Geo-Distance////
A D/postgresql81-postgis////
A D/proj-swig////
A D/py-proj////
A D/shapelib////
A D/vis5d+////
A D/xrmap////
A D/xrmap-anthems////
A D/xrmap-base////
A D/xrmap-data////
A D/xrmap-factbook_html////
A D/xrmap-factbook_text////
A D/xrmap-flags////
A D/xrmap-hymns////
A D/xrmap-pdfmaps////
R D/p5-Geo-Distance////
R D/cmconvert////
R D/cm2gpx////
