A D/anacron////
A D/asclock////
A D/asclock-gtk////
A D/asclock-xlib////
A D/bbdate////
A D/cairo-clock////
A D/cal////
A D/cardboard-schedule////
A D/catclock////
A D/dclock////
A D/devtodo////
A D/emiclock////
A D/evolution-webcal////
A D/gcal////
A D/gchore////
A D/gdeskcal////
A D/glclock////
A D/globe////
A D/gnotime////
A D/gnutime////
A D/gnyaclock////
A D/grdc////
A D/gtodo////
A D/gtodo-applet////
A D/ical////
A D/jday////
A D/korganizer////
A D/kronolith////
A D/kworldwatch////
A D/lmclock////
A D/logtime////
A D/p5-Calendar-Simple////
A D/p5-Data-ICal////
A D/p5-Data-ICal-DateTime////
A D/p5-DateTime////
A D/p5-DateTime-Calendar-Discordian////
A D/p5-DateTime-Event-Cron////
A D/p5-DateTime-Event-ICal////
A D/p5-DateTime-Event-Recurrence////
A D/p5-DateTime-Format-Builder////
A D/p5-DateTime-Format-Epoch////
A D/p5-DateTime-Format-ICal////
A D/p5-DateTime-Format-ISO8601////
A D/p5-DateTime-Format-Mail////
A D/p5-DateTime-Format-MySQL////
A D/p5-DateTime-Format-Pg////
A D/p5-DateTime-Format-Strptime////
A D/p5-DateTime-Format-W3CDTF////
A D/p5-DateTime-Locale////
A D/p5-DateTime-Set////
A D/p5-DateTime-TimeZone////
A D/p5-Rose-DateTime////
A D/p5-Schedule-Cron-Events////
A D/p5-Time////
A D/p5-Time-Clock////
A D/p5-Time-Duration////
A D/p5-Time-Format////
A D/p5-Time-HiRes////
A D/p5-Time-Interval////
A D/p5-Time-Local////
A D/p5-Time-Period////
A D/p5-Time-Piece////
A D/p5-Time-TAI64////
A D/p5-TimeDate////
A D/pcal////
A D/pclock////
A D/pear-Date////
A D/phoon////
A D/pkg////
A D/plan////
A D/planner////
A D/polclock////
A D/projclock////
A D/ptimetracker////
A D/py-dateutil////
A D/py-mxDateTime////
A D/rclock////
A D/remind////
A D/rsibreak////
A D/ruby-tzinfo////
A D/saytime////
A D/sunbird////
A D/sunclock////
A D/swisswatch////
A D/titrax////
A D/vixie-cron////
A D/wmcalclock////
A D/wmclockmon////
A D/wmfishtime////
A D/wmmoonclock////
A D/wmtime////
A D/wxRemind////
A D/wyrd////
A D/xalarm////
A D/xbeats////
A D/xcal////
A D/xchrono////
A D/xdaliclock////
A D/xdkcal////
A D/xfce4-calendar////
A D/xfce4-datetime-plugin////
A D/xfce4-orage////
A D/xfce4-timer-plugin////
A D/xonclock////
A D/xtimer////
A D/xtu////
A D/zonetab////
R D/xfce4-calendar////
R D/vixie-cron////
R D/pkg////
R D/p5-Calendar-Simple////
R D/kworldwatch////
R D/korganizer////
