A D/RealPlayerGold////
A D/acidrip////
A D/alevt////
A D/apla////
A D/avidemux////
A D/avifile////
A D/avifile-devel////
A D/bsdav////
A D/dirac////
A D/divxplayer////
A D/dumpmpeg////
A D/dvd-slideshow////
A D/dvdauthor////
A D/dvdbackup////
A D/dvdrip////
A D/dvdstyler////
A D/dvdview////
A D/ffmpeg////
A D/ffmpeg-devel////
A D/flashplayer////
A D/fxtv////
A D/ggrab////
A D/gmencoder////
A D/gmplayer////
A D/gnash////
A D/gnome-media////
A D/gnome2-media////
A D/goggles////
A D/gopchop////
A D/gst-player////
A D/gst-plugins////
A D/gst-plugins-0.10-xvid////
A D/gst-plugins-dvdnav////
A D/gst-plugins-dvdread////
A D/gst-plugins-mad////
A D/gst-plugins-mpeg2dec////
A D/gst-plugins-ogg////
A D/gst-plugins-theora////
A D/gst-plugins-xvid////
A D/gst-plugins0.10-bad////
A D/gst-plugins0.10-base////
A D/gst-plugins0.10-dvdread////
A D/gst-plugins0.10-ffmpeg////
A D/gst-plugins0.10-gnonlin////
A D/gst-plugins0.10-good////
A D/gst-plugins0.10-mpeg2dec////
A D/gst-plugins0.10-ogg////
A D/gst-plugins0.10-theora////
A D/gst-plugins0.10-ugly////
A D/gst-plugins0.10-x264////
A D/gst-plugins0.10-xvid////
A D/gst-plugins0.8////
A D/gst-plugins0.8-dvdnav////
A D/gst-plugins0.8-dvdread////
A D/gst-plugins0.8-mpeg2dec////
A D/gst-plugins0.8-ogg////
A D/gst-plugins0.8-theora////
A D/gst-plugins0.8-xvid////
A D/gstreamer////
A D/gstreamer0.10////
A D/gstreamer0.8////
A D/gtranscode////
A D/gxine////
A D/kaffeine////
A D/kdemultimedia2////
A D/kdemultimedia3////
A D/kmplayer////
A D/libassetml////
A D/libdv////
A D/libdv-tools////
A D/libdvbpsi////
A D/libdvdcss////
A D/libdvdnav////
A D/libdvdplay////
A D/libdvdread////
A D/libflash////
A D/libflashsupport////
A D/libmatroska////
A D/libmp4v2////
A D/libmpeg2////
A D/libmpeg3////
A D/libnms////
A D/libogg////
A D/libtheora////
A D/lsdvd////
A D/mencoder////
A D/ming////
A D/mjpegtools////
A D/mkvtoolnix////
A D/mmg////
A D/moz-bin-flash////
A D/moz-flash////
A D/moz-mplayer////
A D/mpeg-lib////
A D/mpeg4ip////
A D/mpeg_encode////
A D/mpeg_play////
A D/mplayer////
A D/mplayer-plugin-firefox////
A D/mplayer-plugin-firefox-gtk1////
A D/mplayer-plugin-firefox-gtk2////
A D/mplayer-plugin-mozilla////
A D/mplayer-plugin-mozilla-gtk2////
A D/mplayer-plugin-seamonkey////
A D/mplayer-plugin-seamonkey-gtk1////
A D/mplayer-share////
A D/mplex////
A D/nautilus-media////
A D/ns-flash////
A D/ogle////
A D/ogle_gui////
A D/ogmtools////
A D/openquicktime////
A D/p5-xmltv////
A D/php-ming////
A D/py-gstreamer0.10////
A D/py-ming////
A D/realplayer////
A D/realplayer-codecs////
A D/regionset////
A D/replex////
A D/ruby-ming////
A D/smpeg////
A D/smpeg-xmms////
A D/subtitleeditor////
A D/swfdec////
A D/swfdec-gtk2////
A D/totem////
A D/totem-xine////
A D/transcode////
A D/trplayer////
A D/vlc////
A D/vlc07////
A D/vlc08////
A D/vls////
A D/win32-codecs////
A D/x264-devel////
A D/xanim////
A D/xawtv////
A D/xfce4-mpc-plugin////
A D/xfce4-radio-plugin////
A D/xfmedia////
A D/xine-lib////
A D/xine-ui////
A D/xvid4conf////
A D/xvidcore////
R D/xfce4-radio-plugin////
R D/vlc08////
R D/trplayer////
R D/realplayer////
R D/nautilus-media////
R D/mplex////
R D/mplayer-plugin-mozilla-gtk2////
R D/mplayer-plugin-mozilla////
R D/mplayer-plugin-firefox-gtk2////
R D/moz-mplayer////
R D/moz-flash////
R D/moz-bin-flash////
R D/kdemultimedia2////
R D/gstreamer////
R D/gst-plugins0.10-x264////
R D/gst-plugins-xvid////
R D/gst-plugins-theora////
R D/gst-plugins-ogg////
R D/gst-plugins-mpeg2dec////
R D/gst-plugins-mad////
R D/gst-plugins-dvdread////
R D/gst-plugins-dvdnav////
R D/gst-plugins-0.10-xvid////
R D/gst-plugins////
R D/gst-player////
R D/goggles////
R D/gnome2-media////
R D/ffmpeg-devel////
R D/bsdav////
R D/avifile-devel////
R D/avifile////
R D/apla////
