A D/3proxy////
A D/6to4////
A D/6tunnel////
A D/DarwinStreamingServer////
A D/GeoIP////
A D/Geomyidae////
A D/IglooFTP////
A D/LaBrea////
A D/ORBit////
A D/ORBit2////
A D/SDL_net////
A D/Transmission////
A D/adns////
A D/aget////
A D/agqt////
A D/aiccu////
A D/airport2basestationconfig////
A D/airportbasestationconfig////
A D/airportmodemutility////
A D/altq////
A D/amule////
A D/aoe-vblade////
A D/ap-utils////
A D/archie////
A D/argus////
A D/aria2////
A D/arla////
A D/arpd////
A D/arping////
A D/arpwatch////
A D/autonet////
A D/awhois////
A D/balance////
A D/batchftp////
A D/beroftpd////
A D/bftpd////
A D/bind4////
A D/bind8////
A D/bind9////
A D/bind9-current////
A D/bing////
A D/bitchx////
A D/bittornado////
A D/bittornado-gui////
A D/bittorrent////
A D/bittorrent-gui////
A D/bmon////
A D/boinc3-coreclient////
A D/boinc3-libs////
A D/boinc3-seti////
A D/bounce////
A D/bpalogin////
A D/bridged////
A D/bsddip////
A D/btget////
A D/btpd////
A D/bug-buddy////
A D/cdpd////
A D/cftp////
A D/chksniff////
A D/choparp////
A D/chrony////
A D/cia////
A D/cidr////
A D/cisco-mibs////
A D/citrix_ica////
A D/clive////
A D/cmu-dhcp////
A D/cmu-dhcpd////
A D/coda////
A D/coda5_client////
A D/coda5_server////
A D/coda_client////
A D/coda_doc////
A D/coda_intro////
A D/coda_server////
A D/connect////
A D/corkscrew////
A D/couriertcpd////
A D/csup////
A D/ctorrent////
A D/curl////
A D/dante////
A D/darkstat////
A D/dc_gui////
A D/dc_gui2////
A D/dctc////
A D/ddclient////
A D/delegate////
A D/dgd////
A D/dhid////
A D/dhisd////
A D/dip////
A D/djbdns////
A D/djbdns-run////
A D/dlint////
A D/dnsdoctor////
A D/dnsmasq////
A D/dnstop////
A D/dnstracer////
A D/docsis////
A D/driftnet////
A D/dtcp////
A D/dtcpclient////
A D/dynipclient////
A D/echoping////
A D/ed2k-gtk-gui////
A D/edonkey2k////
A D/eggdrop////
A D/entropy////
A D/etherape////
A D/ethereal////
A D/ettercap////
A D/ettercap-NG////
A D/ez-ipupdate////
A D/fair-identd////
A D/firewalk////
A D/firewalk-gtk////
A D/flan////
A D/flodo////
A D/flow-tools////
A D/fmirror////
A D/fpdns////
A D/fping////
A D/fping6////
A D/freenet-tools////
A D/freeradius////
A D/freewais-sf////
A D/ftplibpp////
A D/ftpproxy////
A D/gaim////
A D/gated////
A D/gethost////
A D/gftp////
A D/gftp-gtk1////
A D/gift////
A D/gift-fasttrack////
A D/gift-gnutella////
A D/gift-openft////
A D/giftcurs////
A D/gini////
A D/gkrellm-multiping////
A D/gkrellm-ping////
A D/gkrellm-snmp////
A D/gkrellm-wireless////
A D/gkrellm1-snmp////
A D/gkrellm1-wireless////
A D/gnapfetch////
A D/gnapster////
A D/gnet////
A D/gnet1////
A D/gnetcat////
A D/gnome-netstatus////
A D/gnome-vfs-smb////
A D/gnome-vfs2-smb////
A D/gnomeicu////
A D/gnubile////
A D/gnugk////
A D/gnut////
A D/gofish////
A D/gopher////
A D/gsnmp////
A D/gt-itm////
A D/gtk-gnutella////
A D/gtk_wicontrol////
A D/gtksamba////
A D/gtm////
A D/hesiod////
A D/hf6to4////
A D/hlfl////
A D/hobbitclient////
A D/hobbitmon////
A D/host////
A D/howl////
A D/hping////
A D/httping////
A D/httptunnel////
A D/icb////
A D/icqlib////
A D/icsi-finger////
A D/iftop////
A D/ip6_int////
A D/ipa////
A D/ipcalc////
A D/ipcheck////
A D/iperf////
A D/ipgrab////
A D/iplog////
A D/ipv6calc////
A D/ipw////
A D/ircII////
A D/ircu////
A D/irrd////
A D/irrtoolset-nox11////
A D/isc-dhclient////
A D/isc-dhclient4////
A D/isc-dhcp////
A D/isc-dhcp4////
A D/isc-dhcpd////
A D/isc-dhcpd4////
A D/isc-dhcrelay////
A D/isc-dhcrelay4////
A D/ish////
A D/ishell////
A D/isic////
A D/ispman////
A D/ja-samba////
A D/jftpgw////
A D/jigdo////
A D/jumpgate////
A D/jwhois////
A D/kdenetwork////
A D/kdenetwork2////
A D/kdenetwork3////
A D/kenosis////
A D/kftpgrabber////
A D/kiax////
A D/kicq////
A D/kismet////
A D/kmap////
A D/kphone////
A D/ktorrent////
A D/kxicq////
A D/lambdamoo////
A D/lambdamoo-core////
A D/lambdamoo-doc////
A D/latd////
A D/lft////
A D/lftp////
A D/libIDL////
A D/libares////
A D/libcares////
A D/libdnet////
A D/libfetch////
A D/libirc////
A D/liblive////
A D/libmms////
A D/libnet////
A D/libnids////
A D/libpcap////
A D/libradius////
A D/libsoup////
A D/libsoup-devel////
A D/libsscript////
A D/libtorrent////
A D/libtrace////
A D/libupnp////
A D/libvncserver////
A D/linc////
A D/llnlxdir////
A D/llnlxftp////
A D/lmule////
A D/logjam////
A D/lopster////
A D/lukemftp////
A D/lukemftpd////
A D/mDNSResponder////
A D/mDNSResponder-nss////
A D/maradns////
A D/mbrowse////
A D/mcast-tools////
A D/md-whois////
A D/micq////
A D/microdc2////
A D/miredo////
A D/mirror////
A D/mldonkey////
A D/mldonkey-gui////
A D/mouse-pppoe////
A D/mping////
A D/mppe-lkm////
A D/mrstat////
A D/mrt////
A D/mrtg////
A D/msdl////
A D/mtr////
A D/mtr-gtk////
A D/mydns-mysql////
A D/mydns-pgsql////
A D/nagios-base////
A D/nagios-imagepak-base////
A D/nagios-nrpe////
A D/nagios-nsca////
A D/nagios-plugin-ldap////
A D/nagios-plugin-mysql////
A D/nagios-plugin-pgsql////
A D/nagios-plugin-radius////
A D/nagios-plugin-snmp////
A D/nagios-plugin-spamd////
A D/nagios-plugins////
A D/nam////
A D/nap////
A D/napshare////
A D/nasd////
A D/nbtscan////
A D/ncftp2////
A D/ncftp3////
A D/neat////
A D/nemesis////
A D/net-snmp////
A D/net-snmp-current////
A D/net6////
A D/netatalk////
A D/netatalk-asun////
A D/netatalk-umich////
A D/netatalk1////
A D/netbsd-tap////
A D/netcat////
A D/netcat6////
A D/netdisco////
A D/netgroup////
A D/netname////
A D/netperf////
A D/netpipes////
A D/netsaint-base////
A D/netsaint-plugin-cluster////
A D/netsaint-plugin-snmp////
A D/netsaint-plugins////
A D/nettest////
A D/nfdump////
A D/ngrep////
A D/nicotine////
A D/nidentd////
A D/nipper////
A D/nload////
A D/nmap////
A D/nmapfe////
A D/nocol////
A D/nprobe////
A D/ns////
A D/nsca////
A D/nsd////
A D/nslint////
A D/nstx////
A D/ntop////
A D/ntop1////
A D/ntop2////
A D/ntp4////
A D/ocamlnet////
A D/oidentd////
A D/oinkmaster////
A D/openafs////
A D/openag////
A D/openh323////
A D/openntpd////
A D/openslp////
A D/openvmps////
A D/openvpn////
A D/openvpn-current////
A D/openwbem////
A D/overnet////
A D/p5-DBD-Google////
A D/p5-DNS-ZoneParse////
A D/p5-Geo-IP////
A D/p5-Geo-IPfree////
A D/p5-INET6////
A D/p5-IO-Interface////
A D/p5-IO-Socket-Multicast////
A D/p5-IP-Country////
A D/p5-Net////
A D/p5-Net-Amazon-S3////
A D/p5-Net-Bind////
A D/p5-Net-CIDR-Lite////
A D/p5-Net-DNS////
A D/p5-Net-DNSServer////
A D/p5-Net-Daemon////
A D/p5-Net-Dev-MIBLoadOrder////
A D/p5-Net-FTPSSL////
A D/p5-Net-Gnats////
A D/p5-Net-Google////
A D/p5-Net-IP////
A D/p5-Net-IPv4Addr////
A D/p5-Net-IPv6Addr////
A D/p5-Net-IRC////
A D/p5-Net-Ident////
A D/p5-Net-Jabber////
A D/p5-Net-LDAP////
A D/p5-Net-LDAP-Server////
A D/p5-Net-Libdnet////
A D/p5-Net-NBName////
A D/p5-Net-OpenID-Consumer////
A D/p5-Net-Packet////
A D/p5-Net-Pcap////
A D/p5-Net-RawIP////
A D/p5-Net-Rendezvous////
A D/p5-Net-SNMP////
A D/p5-Net-Server////
A D/p5-Net-TFTP////
A D/p5-Net-Telnet////
A D/p5-Net-Telnet-Cisco////
A D/p5-Net-Write////
A D/p5-Net-XWhois////
A D/p5-Net-Z3950////
A D/p5-Net-eBay////
A D/p5-NetAddr-IP////
A D/p5-NetPacket////
A D/p5-Nmap-Parser////
A D/p5-POE-Component-Client-DNS////
A D/p5-POE-Component-Client-Ident////
A D/p5-POE-Component-SNMP////
A D/p5-RADIUS////
A D/p5-RPC-XML////
A D/p5-SNMP////
A D/p5-SNMP-Info////
A D/p5-SNMP-MIB-Compiler////
A D/p5-SNMP_Session////
A D/p5-SOAP-Lite////
A D/p5-Socket6////
A D/p5-Wais////
A D/p5-X500-DN////
A D/p5-ispman////
A D/packit////
A D/partysip////
A D/pchar////
A D/pconsole////
A D/pear-DIME////
A D/pear-Net_DIME////
A D/pear-Net_SMTP////
A D/pear-Net_Sieve////
A D/pear-Net_Socket////
A D/pear-Net_URL////
A D/pear-SOAP////
A D/pen////
A D/pfnet////
A D/php-ftp////
A D/php-snmp////
A D/php-sockets////
A D/php-xmlrpc////
A D/php-yaz////
A D/php-yp////
A D/php3-snmp////
A D/php4-ftp////
A D/php4-snmp////
A D/php4-sockets////
A D/php4-yp////
A D/php5-soap////
A D/pim6dd////
A D/pim6sd////
A D/pkg////
A D/pload////
A D/poink////
A D/polsms////
A D/poptop////
A D/portmap////
A D/powerdns////
A D/powerdns-ldap////
A D/powerdns-mysql////
A D/powerdns-pgsql////
A D/powerdns-sqlite////
A D/ppp////
A D/ppp-lzs////
A D/ppp-mppe////
A D/pppd////
A D/pptp////
A D/proftpd////
A D/proxycheck////
A D/pscan////
A D/publicfile////
A D/puf////
A D/pure-ftpd////
A D/pureftpd////
A D/pxe////
A D/py-GeoIP////
A D/py-IP////
A D/py-METAR////
A D/py-ORBit////
A D/py-adns////
A D/py-boto////
A D/py-dns////
A D/py-google////
A D/py-kenosis////
A D/py-libdnet////
A D/py-libpcap////
A D/py-medusa////
A D/py-mimelib////
A D/py-soaplib////
A D/py-soappy////
A D/py-spreadmodule////
A D/py-twisted////
A D/py-twisted-docs////
A D/py-xmlrpclib////
A D/py-zsi////
A D/pygopherd////
A D/pyslsk////
A D/qadsl////
A D/quagga////
A D/quagga-devel////
A D/queryperf////
A D/ra-pna-proxy////
A D/ra-rtsp-proxy////
A D/radius////
A D/radiusclient-ng////
A D/radiusd-cistron////
A D/rbldnsd////
A D/rdesktop////
A D/rdesktop10////
A D/rdist6////
A D/rinetd////
A D/ripe-whois////
A D/ripe-whois-tools////
A D/rootprobe////
A D/rp-l2tp////
A D/rp-pppoe////
A D/rsync////
A D/rtorrent////
A D/ruby-drb////
A D/ruby-icmp////
A D/ruby-snmp////
A D/ruby-xmlrpc4r////
A D/rumba////
A D/samba////
A D/samba2////
A D/samba20////
A D/scamper////
A D/scapy////
A D/scdp////
A D/scli////
A D/scotty////
A D/sdig////
A D/sdist////
A D/sendfile////
A D/ser////
A D/sftp////
A D/sharity-light////
A D/sipcalc////
A D/sipsak////
A D/sirc////
A D/sitescooper////
A D/skype////
A D/slurm////
A D/smb2www////
A D/smokeping////
A D/sniffit////
A D/snort////
A D/snort-contrib////
A D/snort-mysql////
A D/snort-pgsql////
A D/snort-prelude////
A D/snort-rules////
A D/socat////
A D/socket++////
A D/socks4////
A D/socks5////
A D/solaris-tap////
A D/soup////
A D/speakfreely////
A D/speakfreely-crypto////
A D/speedtouch////
A D/spegla////
A D/spread////
A D/spreadlogd////
A D/srsh////
A D/ssmping////
A D/ssync////
A D/stripes////
A D/sup////
A D/synergy////
A D/synergy1.2////
A D/tacacs////
A D/tcl-scotty////
A D/tcpdmerge////
A D/tcpdpriv////
A D/tcpdstat////
A D/tcpdump////
A D/tcpflow////
A D/tcpick////
A D/tcpillust////
A D/tcpreplay////
A D/tcpslice////
A D/tcptrace////
A D/tcptraceroute////
A D/teamspeak-client////
A D/teamspeak-server////
A D/tightvnc////
A D/tightvncviewer////
A D/tinc////
A D/tinyfugue////
A D/tkicb////
A D/tkined////
A D/tkirc////
A D/tn5250////
A D/tnftp////
A D/tnftpd////
A D/tor////
A D/torrentutils////
A D/totd////
A D/traceroute-as////
A D/trafshow////
A D/trickle////
A D/tsclient////
A D/tsocks////
A D/tspc////
A D/ttcp////
A D/ttt////
A D/ucarp////
A D/ucd-snmp////
A D/ucd-snmp-current////
A D/ucspi-ssl////
A D/ucspi-tcp////
A D/udpcast////
A D/udptunnel////
A D/unfs3////
A D/unison////
A D/unison-devel////
A D/upclient////
A D/urlgfe////
A D/userppp////
A D/uucp////
A D/vcheck////
A D/vde////
A D/vino////
A D/vnc////
A D/vncviewer////
A D/vncviewer4////
A D/vpnc////
A D/vsftpd////
A D/vtun////
A D/wakeup////
A D/wap-utils////
A D/waste////
A D/wget////
A D/whatmask////
A D/whois3////
A D/whoson////
A D/wide-dhcpv6////
A D/wimon////
A D/wireshark////
A D/wistumbler////
A D/wistumbler2////
A D/wistumbler2-gtk////
A D/wmget////
A D/wminet////
A D/wmnd////
A D/wmnet////
A D/wmpload////
A D/wol////
A D/wpa_gui////
A D/wu-ftpd////
A D/wu-ftpd-vr////
A D/x2vnc////
A D/xarchie////
A D/xchat////
A D/xfce4-wavelan-plugin////
A D/xipdump////
A D/xmftp////
A D/xmule////
A D/xnap////
A D/xorp////
A D/xrmftp////
A D/xspeakfree////
A D/xtraceroute////
A D/yafc////
A D/yale-tftpd////
A D/yaz////
A D/yougrabber////
A D/youtube-dl////
A D/ytalk////
A D/ytalk-x11////
A D/ywho////
A D/zebra////
A D/zenicb////
A D/zephyr////
A D/zircon////
R D/zircon////
R D/zephyr////
R D/zenicb////
R D/zebra////
R D/ytalk-x11////
R D/yougrabber////
R D/xspeakfree////
R D/xmule////
R D/xchat////
R D/xarchie////
R D/wu-ftpd-vr////
R D/vncviewer4////
R D/unfs3////
R D/ucd-snmp-current////
R D/ucd-snmp////
R D/ttcp////
R D/tkirc////
R D/tkicb////
R D/speakfreely-crypto////
R D/speakfreely////
R D/soup////
R D/snort-prelude////
R D/snort-pgsql////
R D/snort-mysql////
R D/snort-contrib////
R D/smb2www////
R D/sirc////
R D/sftp////
R D/scotty////
R D/samba20////
R D/samba2////
R D/rumba////
R D/ruby-xmlrpc4r////
R D/ruby-snmp////
R D/ruby-drb////
R D/ripe-whois-tools////
R D/ripe-whois////
R D/rdesktop10////
R D/radius////
R D/ra-pna-proxy////
R D/pyslsk////
R D/py-xmlrpclib////
R D/py-boto////
R D/pureftpd////
R D/pscan////
R D/ppp-mppe////
R D/ppp////
R D/portmap////
R D/pkg////
R D/php4-yp////
R D/php4-sockets////
R D/php4-snmp////
R D/php4-ftp////
R D/php3-snmp////
R D/pear-DIME////
R D/p5-Wais////
R D/p5-SNMP////
R D/p5-Net-LDAP////
R D/p5-Net-Jabber////
R D/p5-DBD-Google////
R D/openvpn-current////
R D/ntop2////
R D/nettest////
R D/netperf////
R D/netatalk-umich////
R D/netatalk-asun////
R D/net-snmp-current////
R D/ncftp2////
R D/mtr-gtk////
R D/msdl////
R D/micq////
R D/lukemftpd////
R D/lukemftp////
R D/lmule////
R D/libsoup////
R D/libnet////
R D/libirc////
R D/libfetch////
R D/kxicq////
R D/kmap////
R D/kicq////
R D/kenosis////
R D/kdenetwork2////
R D/kdenetwork////
R D/ish////
R D/isc-dhcrelay4////
R D/isc-dhcpd4////
R D/isc-dhcp4////
R D/isc-dhclient4////
R D/ircu////
R D/ircII////
R D/ipa////
R D/ip6_int////
R D/icqlib////
R D/icb////
R D/gtm////
R D/gtksamba////
R D/gnut////
R D/gnubile////
R D/gnomeicu////
R D/gnome-vfs2-smb////
R D/gnapster////
R D/gkrellm1-wireless////
R D/gkrellm1-snmp////
R D/gkrellm-ping////
R D/gftp-gtk1////
R D/gftp////
R D/gaim////
R D/firewalk-gtk////
R D/ethereal////
R D/eggdrop////
R D/dip////
R D/dc_gui////
R D/curl////
R D/coda_server////
R D/coda_intro////
R D/coda_doc////
R D/coda_client////
R D/coda5_server////
R D/coda5_client////
R D/cmu-dhcp////
R D/clive////
R D/bitchx////
R D/bind9-current////
R D/bind4////
R D/beroftpd////
R D/archie////
R D/ap-utils////
R D/altq////
R D/agqt////
R D/Geomyidae////
R D/6to4////
R D/3proxy////
