A D/autoswc////
A D/binpatch////
A D/bootstrap-extras////
A D/bootstrap-mk-files////
A D/bsdpak////
A D/buildlink-x11////
A D/cdpack////
A D/createbuildlink////
A D/dfdisk////
A D/digest////
A D/distfetch////
A D/ftp////
A D/genrpm////
A D/gensolpkg////
A D/libkver////
A D/libnbcompat////
A D/lintpkgsrc////
A D/mtree////
A D/p5-pkgsrc-Dewey////
A D/pax////
A D/pbulk////
A D/perl-mk////
A D/pkg////
A D/pkg_alternatives////
A D/pkg_chk////
A D/pkg_comp////
A D/pkg_filecheck////
A D/pkg_install////
A D/pkg_install-info////
A D/pkg_notify////
A D/pkg_regress////
A D/pkg_rolling-replace////
A D/pkg_select////
A D/pkg_tarup////
A D/pkgchk////
A D/pkgclean////
A D/pkgconflict////
A D/pkgcvsupdate////
A D/pkgdep////
A D/pkgdepgraph////
A D/pkgdiff////
A D/pkgfind////
A D/pkglibtool////
A D/pkglint////
A D/pkgmanpages////
A D/pkgse////
A D/pkgsurvey////
A D/port2pkg////
A D/posix_headers////
A D/prereq-readme////
A D/python-mk////
A D/rc.subr////
A D/rcorder////
A D/rdigest////
A D/revbump////
A D/rpm2pkg////
A D/shlock////
A D/tnftp////
A D/url2pkg////
A D/verifypc////
A D/x11-links////
A D/xpkgwedge////
R D/python-mk////
R D/pkgmanpages////
R D/pkglibtool////
R D/pkgcvsupdate////
R D/pkgconflict////
R D/pkgchk////
R D/pkg////
R D/perl-mk////
R D/lintpkgsrc////
R D/ftp////
R D/distfetch////
R D/buildlink-x11////
R D/bsdpak////
