A D/9rc////
A D/ast-ksh////
A D/ast-ksh-static////
A D/bash////
A D/bash-completion////
A D/bash2////
A D/bash2-doc////
A D/bash2-static////
A D/eltclsh////
A D/es////
A D/esh////
A D/mksh////
A D/mudsh////
A D/nologinmsg////
A D/osh////
A D/pdksh////
A D/perlsh////
A D/pkg////
A D/posh////
A D/rc////
A D/rssh////
A D/scponly////
A D/scsh////
A D/standalone-tcsh////
A D/static-ast-ksh////
A D/static-bash2////
A D/static-tcsh////
A D/tcsh////
A D/tcsh-standalone////
A D/tcsh-static////
A D/xsh////
A D/zsh////
A D/zsh-current////
A D/zsh3////
A D/zsh4////
R D/zsh4////
R D/zsh3////
R D/tcsh-static////
R D/tcsh-standalone////
R D/static-bash2////
R D/pkg////
R D/bash2-static////
R D/bash-completion////
R D/ast-ksh-static////
R D/9rc////
