A D/2vcard////
A D/ack////
A D/autoconvert////
A D/base64////
A D/bbcim////
A D/bib2xml////
A D/bibtex2html////
A D/cbmconvert////
A D/chef////
A D/cn2jp////
A D/code2html////
A D/convmv////
A D/doc2html////
A D/dvi2tty////
A D/enriched2html////
A D/fondu////
A D/fribidi////
A D/hztty////
A D/ish////
A D/ja-dvi2tty////
A D/jcode-perl////
A D/kcc////
A D/kdesupport////
A D/kdesupport2////
A D/latex2rtf////
A D/libiconv////
A D/libwpd////
A D/macfork////
A D/mpack////
A D/nkf////
A D/p5-Convert-BinHex////
A D/p5-Convert-TNEF////
A D/p5-Convert-UUlib////
A D/p5-JSON////
A D/p5-JSON-Any////
A D/p5-JSON-XS////
A D/p5-Jcode////
A D/p5-MIME-Base32////
A D/p5-MIME-Base64////
A D/p5-MIME-Base64-URLSafe////
A D/p5-Text-Iconv////
A D/p5-Unicode-IMAPUtf7////
A D/p5-Unicode-Map8////
A D/p5-Unicode-String////
A D/p5-Unicode-UTF8simple////
A D/p5-chkjis////
A D/p5-jcode////
A D/p5-nkf////
A D/php-iconv////
A D/php4-iconv////
A D/pkg////
A D/psiconv////
A D/py-cjkcodecs////
A D/py-jpCodecs////
A D/py-koCodecs////
A D/py-zhCodecs////
A D/qkc////
A D/recode////
A D/rpm2cpio////
A D/rss2html////
A D/rtf2html////
A D/ru-d1489////
A D/ruby-iconv////
A D/ruby-romkan////
A D/ruby-uconv////
A D/ruby16-iconv////
A D/skf////
A D/smbchartool////
A D/t1utils////
A D/tex2rtf////
A D/ttf2pt1////
A D/txt2html////
A D/txt2man////
A D/txt2pdbdoc////
A D/unix2dos////
A D/uudeview////
A D/uulib////
A D/wv////
A D/wv2////
A D/xdeview////
A D/xlHtml-mixedcase////
A D/xlhtml////
A D/xlreader////
A D/yencode////
R D/xlHtml-mixedcase////
R D/ttf2pt1////
R D/t1utils////
R D/ruby16-iconv////
R D/ruby-iconv////
R D/py-koCodecs////
R D/pkg////
R D/php4-iconv////
R D/p5-jcode////
R D/kdesupport2////
R D/kdesupport////
