A D/TeXmacs////
A D/abiword////
A D/abiword-plugins////
A D/abiword1////
A D/abiword2////
A D/abiword2-gnome////
A D/apel////
A D/beav////
A D/beaver////
A D/biew////
A D/bvi////
A D/ce////
A D/ce-doc////
A D/ce-x11////
A D/conglomerate////
A D/cooledit////
A D/dasher////
A D/easyedit////
A D/ed////
A D/ee////
A D/elvis////
A D/elvis-x11////
A D/emacs////
A D/emacs-nox11////
A D/emacs-packages////
A D/emacs20////
A D/emacs21////
A D/emacs21-nox11////
A D/ex////
A D/fe////
A D/framemaker////
A D/gate////
A D/gbib////
A D/gconf-editor////
A D/gedit////
A D/gice////
A D/gnotepad////
A D/gnuserv////
A D/gobby////
A D/gtranslator////
A D/heme////
A D/hexedit////
A D/hnb////
A D/jave////
A D/jde////
A D/jed////
A D/joe////
A D/jove////
A D/kdissert////
A D/kile////
A D/leafpad////
A D/leim////
A D/leim20////
A D/leim21////
A D/lpe////
A D/lyx-qt////
A D/lyx-xforms////
A D/lyx15////
A D/manedit////
A D/matlab-mode////
A D/mflteco////
A D/mg2a////
A D/mined////
A D/mlview////
A D/mule////
A D/mule-ucs////
A D/nano////
A D/ne////
A D/nedit////
A D/ng////
A D/notecase////
A D/nvi////
A D/nvi-m17n////
A D/obby////
A D/pico////
A D/pkg////
A D/poedit////
A D/rox-edit////
A D/sam////
A D/speedbar////
A D/ssam////
A D/tamago////
A D/tea////
A D/ted////
A D/ted-cs////
A D/ted-da////
A D/ted-de////
A D/ted-en-gb////
A D/ted-en-us////
A D/ted-es////
A D/ted-fr////
A D/ted-it////
A D/ted-nl////
A D/ted-no////
A D/ted-pl////
A D/ted-pt////
A D/ted-sv////
A D/texmaker////
A D/treetext////
A D/uemacs////
A D/ve////
A D/vigor////
A D/vile////
A D/vilearn////
A D/vim////
A D/vim-devel////
A D/vim-gtk////
A D/vim-gtk2////
A D/vim-kde////
A D/vim-lang////
A D/vim-motif////
A D/vim-share////
A D/vim-xaw////
A D/wily////
A D/wordperfect////
A D/xcoral////
A D/xemacs////
A D/xemacs-current////
A D/xemacs-current-nox11////
A D/xemacs-nox11////
A D/xemacs-packages////
A D/xemacs20////
A D/xemacs21////
A D/xfce4-mousepad////
A D/xjed////
A D/xvile////
A D/xwpe////
A D/yudit////
A D/zile////
R D/xemacs21////
R D/xemacs20////
R D/wordperfect////
R D/vim-devel////
R D/treetext////
R D/pkg////
R D/lyx15////
R D/leim////
R D/gnotepad////
R D/gbib////
R D/framemaker////
R D/ee////
R D/apel////
R D/abiword2-gnome////
R D/abiword2////
R D/abiword1////
