A D/COMMON////
A D/alpha-netbsd13////
A D/arm-netbsd////
A D/armv2-netbsd////
A D/atasm////
A D/avr-binutils////
A D/avr-gcc////
A D/avr-gdb////
A D/avr-libc////
A D/avrdude////
A D/bfd-crunchide////
A D/bfd-mdsetimage////
A D/binutils////
A D/dasm////
A D/h8300-hms-binutils////
A D/h8300-hms-gcc////
A D/i386-cygwin32////
A D/i386-linux////
A D/i386-linuxglibc1////
A D/i386-mingw32////
A D/i386-msdosdjgpp////
A D/i386-netbsd////
A D/i386-netbsdelf////
A D/i386-netbsdpe////
A D/icdprog////
A D/m68k-netbsd////
A D/m68k-netbsdelf////
A D/m68k-sunos4////
A D/mipsEEel-netbsd////
A D/mipseb-netbsd////
A D/mipsel-netbsd////
A D/pkg////
A D/powerpc-netbsd////
A D/sh-netbsdcoff////
A D/shel-netbsdcoff////
A D/sparc-netbsdelf////
A D/sparc64-netbsd////
A D/uisp////
A D/vax-netbsd13////
A D/zoularis////
R D/zoularis////
R D/vax-netbsd13////
R D/sparc64-netbsd////
R D/sparc-netbsdelf////
R D/shel-netbsdcoff////
R D/sh-netbsdcoff////
R D/powerpc-netbsd////
R D/pkg////
R D/mipsel-netbsd////
R D/mipseb-netbsd////
R D/m68k-sunos4////
R D/m68k-netbsdelf////
R D/m68k-netbsd////
R D/i386-netbsdelf////
R D/i386-netbsd////
R D/i386-linuxglibc1////
R D/armv2-netbsd////
R D/arm-netbsd////
R D/alpha-netbsd13////
