A D/Chinput////
A D/ami////
A D/anthy////
A D/anthy-elisp////
A D/canna////
A D/canna-canuum////
A D/canna-dict////
A D/canna-lib////
A D/canna-server////
A D/canna-server-bin////
A D/canuum////
A D/ddskk////
A D/fcitx////
A D/gcin////
A D/gtk-im-libthai////
A D/iiimecf////
A D/imhangul////
A D/imhangul_status_applet////
A D/ja-freewnn-dict////
A D/ja-freewnn-lib////
A D/ja-freewnn-server////
A D/ja-freewnn-server-bin////
A D/kasumi////
A D/kinput2////
A D/libchewing////
A D/libhangul////
A D/libtabe////
A D/m17n-im-config////
A D/nabi////
A D/prime////
A D/prime-dict////
A D/prime-el////
A D/sj3-dict////
A D/sj3-lib////
A D/sj3-server////
A D/sj3-server-bin////
A D/skk////
A D/skkfep////
A D/skkinput////
A D/skkserv////
A D/tc////
A D/uim////
A D/unicon-im////
A D/xcin////
R D/prime-el////
R D/prime-dict////
R D/prime////
R D/m17n-im-config////
R D/gtk-im-libthai////
R D/ddskk////
R D/canuum////
R D/canna-server-bin////
