A D/LPRng////
A D/LPRng-core////
A D/LPRng-doc////
A D/a2ps////
A D/abc2ps////
A D/abcm2ps////
A D/acroread////
A D/acroread3////
A D/acroread5////
A D/acroread7////
A D/acroread8////
A D/adobeps-win////
A D/advi////
A D/apsfilter////
A D/auctex////
A D/bg5pdf////
A D/bg5ps////
A D/bibtool////
A D/bww2tex////
A D/cdlabelgen////
A D/chktex////
A D/cjk-lyx////
A D/cnprint////
A D/cups////
A D/cupsomatic////
A D/cupsomatic-ppds////
A D/dvidvi////
A D/dvipdfm////
A D/dvipdfmx////
A D/dvipng////
A D/enscript////
A D/epdfview////
A D/epstool////
A D/eurosym////
A D/evince////
A D/evince-nautilus////
A D/flpsed////
A D/foomatic-filters////
A D/foomatic-filters-cups////
A D/foomatic-gswrapper////
A D/foomatic-ppds////
A D/foomatic-ppds-cups////
A D/ggv////
A D/ggv2////
A D/ghostscript////
A D/ghostscript-afpl////
A D/ghostscript-esp////
A D/ghostscript-esp-nox11////
A D/ghostscript-fonts////
A D/ghostscript-gnu////
A D/ghostscript-gnu-nox11////
A D/ghostscript-gnu-x11////
A D/ghostscript-nox11////
A D/ghostscript-x11////
A D/ghostscript5////
A D/ghostscript5-x11////
A D/ghostscript6////
A D/gimp-print////
A D/gimp-print-cups////
A D/gimp-print-escputil////
A D/gimp-print-ijs////
A D/gimp-print-lib////
A D/glabels////
A D/gnome-print////
A D/gpdf////
A D/gtklp////
A D/gutenprint-lib////
A D/gutenprint51-lib////
A D/gv////
A D/hpijs////
A D/html2ps////
A D/hugelatex////
A D/hugeotp2ocp////
A D/if-psprint////
A D/ijs////
A D/img2eps////
A D/imposter////
A D/ja-a2ps////
A D/ja-dvipdfm////
A D/ja-jsclasses////
A D/ja-ptex////
A D/ja-ptex-bin////
A D/ja-ptex-share////
A D/ja-vflib////
A D/ja-vflib-lib////
A D/ja-vflib-utils////
A D/ja-vfxdvik////
A D/jadetex////
A D/jcabc2ps////
A D/kbibtex////
A D/latex-mk////
A D/lgrind////
A D/libgnomecups////
A D/libgnomeprint////
A D/libgnomeprintui////
A D/libpaper////
A D/lilypond////
A D/lyx////
A D/magicfilter////
A D/mgv////
A D/mp////
A D/mpage////
A D/p5-Font-AFM////
A D/p5-PostScript-MailLabels////
A D/papersize////
A D/pcps////
A D/pdfjam////
A D/pdflib////
A D/php-pdflib////
A D/php3-pdflib////
A D/php4-pdflib////
A D/pkg////
A D/pnm2ppa////
A D/poppler////
A D/poppler-glib////
A D/poppler-qt////
A D/poppler-qt4////
A D/poppler-utils////
A D/poster////
A D/pscal////
A D/psify////
A D/psjoin////
A D/pslib////
A D/psutils////
A D/py-pslib////
A D/py-reportlab////
A D/py-reportlab-renderPM////
A D/rlpr////
A D/rtf2latex////
A D/rtf2latex2e////
A D/ruby-gnome2-gnomeprint////
A D/ruby-gnome2-poppler////
A D/ruby-pdf-writer////
A D/scribus////
A D/scribus-doc////
A D/stylewriter////
A D/tcl-pdflib////
A D/teTeX////
A D/teTeX-bin////
A D/teTeX-share////
A D/teTeX-sharesrc////
A D/teTeX1////
A D/teTeX1-bin////
A D/teTeX1-share////
A D/teTeX1-sharesrc////
A D/teTeX2////
A D/teTeX2-bin////
A D/teTeX2-share////
A D/teTeX2-sharesrc////
A D/teTeX3-bin////
A D/teTeX3-texmf////
A D/teTeX3-texmfsrc////
A D/ted////
A D/tex-IEEEtran////
A D/tex-abc////
A D/tex-algorithm2e////
A D/tex-bagpipetex////
A D/tex-chemarrow////
A D/tex-cooking////
A D/tex-dhucs////
A D/tex-draftwatermark////
A D/tex-eurosym////
A D/tex-everypage////
A D/tex-fixme////
A D/tex-foiltex////
A D/tex-glossaries////
A D/tex-hlatex////
A D/tex-hugelatex////
A D/tex-igo////
A D/tex-jadetex////
A D/tex-memhangul-ucs////
A D/tex-memoir////
A D/tex-musixtex////
A D/tex-ocrb////
A D/tex-passivetex////
A D/tex-pgf////
A D/tex-prosper////
A D/tex-resume////
A D/tex-textpos////
A D/tex-ucs////
A D/tex-xkeyval////
A D/texfamily////
A D/texfamily-share////
A D/texmf-dirs////
A D/transfig////
A D/ttftot42////
A D/xfce4-print////
A D/xpdf////
A D/xpdf-arabic////
A D/xpdf-chinese-simplified////
A D/xpdf-chinese-traditional////
A D/xpdf-cyrillic////
A D/xpdf-greek////
A D/xpdf-hebrew////
A D/xpdf-japanese////
A D/xpdf-korean////
A D/xpdf-latin2////
A D/xpdf-thai////
A D/xpdf-turkish////
A D/xpp////
A D/yup////
R D/ttftot42////
R D/texfamily-share////
R D/texfamily////
R D/tex-textpos////
R D/tex-eurosym////
R D/ted////
R D/teTeX2-sharesrc////
R D/teTeX2-share////
R D/teTeX2-bin////
R D/teTeX2////
R D/teTeX1-sharesrc////
R D/teTeX1-share////
R D/teTeX1-bin////
R D/teTeX1////
R D/teTeX-sharesrc////
R D/teTeX-share////
R D/teTeX-bin////
R D/ruby-pdf-writer////
R D/rtf2latex2e////
R D/pkg////
R D/php4-pdflib////
R D/php3-pdflib////
R D/p5-Font-AFM////
R D/lyx////
R D/jadetex////
R D/ja-dvipdfm////
R D/hugelatex////
R D/gutenprint51-lib////
R D/gutenprint-lib////
R D/gpdf////
R D/gnome-print////
R D/ghostscript5-x11////
R D/ghostscript5////
R D/ghostscript-x11////
R D/ghostscript-nox11////
R D/ghostscript-gnu-x11////
R D/ghostscript-gnu-nox11////
R D/ghostscript-gnu////
R D/ghostscript-fonts////
R D/ghostscript-esp-nox11////
R D/ghostscript-afpl////
R D/ggv2////
R D/ggv////
R D/foomatic-gswrapper////
R D/eurosym////
R D/dvipng////
R D/dvipdfm////
R D/cupsomatic-ppds////
R D/cupsomatic////
R D/cdlabelgen////
R D/acroread8////
R D/acroread3////
