A D/build////
A D/buildlink2////
A D/buildlink3////
A D/bulk////
A D/check////
A D/checksum////
A D/cmake-Modules////
A D/compiler////
A D/configure////
A D/defaults////
A D/depends////
A D/emulator////
A D/extract////
A D/features////
A D/fetch////
A D/flavor////
A D/gnu-config////
A D/help////
A D/install////
A D/internal////
A D/misc////
A D/package////
A D/patch////
A D/pbulk////
A D/pkginstall////
A D/platform////
A D/plist////
A D/scripts////
A D/tools////
A D/wrapper////
R D/buildlink2////
