A D/9menu////
A D/Addresses////
A D/JMdict////
A D/XFree86-dirs////
A D/XFree86-docs////
A D/XFree86-man////
A D/amanda////
A D/amanda-client////
A D/amanda-common////
A D/amanda-server////
A D/ascii////
A D/asr-manpages////
A D/astrolog////
A D/autocue////
A D/basket////
A D/bbappconf////
A D/bbdb////
A D/bbweather////
A D/bidwatcher////
A D/blackbook////
A D/blccc////
A D/bottlerocket////
A D/brs////
A D/bsdiff////
A D/buffer////
A D/cal////
A D/cardboard-schedule////
A D/cdialog////
A D/celestia////
A D/celestia-gnome////
A D/celestia-gtk////
A D/celestia-kde////
A D/chipmunk////
A D/chord////
A D/cksfv////
A D/colorize////
A D/colorls////
A D/colortail////
A D/cowsay////
A D/cstream////
A D/cuecat////
A D/cuetools////
A D/deskbar-applet////
A D/dgpsip////
A D/dialog////
A D/dictd////
A D/dirdiff////
A D/dnetc////
A D/dotfile////
A D/dpkg////
A D/drwright////
A D/dsbr100////
A D/dt////
A D/dtach////
A D/dvorakng////
A D/dvtm////
A D/dync////
A D/easymenu////
A D/edict////
A D/elizatalk////
A D/elscreen////
A D/emacs-wiki////
A D/emma////
A D/esniper////
A D/fd////
A D/fep////
A D/figlet////
A D/figlet-fonts////
A D/firelib////
A D/fooseti////
A D/freewnn-common////
A D/gelemental////
A D/getopt////
A D/gettext////
A D/git////
A D/gkrellm-flynn////
A D/gkrellm-launch////
A D/gkrellm-leds////
A D/gkrellm-moon////
A D/gkrellm-weather////
A D/gkrellm1-moon////
A D/gkrellm1-weather////
A D/gkrellm2-flynn////
A D/glabels////
A D/gnofin////
A D/gnome-dirs////
A D/gnome-pim////
A D/gnome-user-docs////
A D/gnome-utils////
A D/gnome1-dirs////
A D/gnome2-dirs////
A D/gnome2-user-docs////
A D/gnome2-utils////
A D/gnucash////
A D/gnuls////
A D/goffice////
A D/goffice0.2////
A D/goffice0.5////
A D/goffice0.6////
A D/gok////
A D/gone////
A D/gperiodic////
A D/gpsd////
A D/gpsdrive////
A D/granulate////
A D/gst-plugins////
A D/gstreamer////
A D/gxmame////
A D/hanzim////
A D/heyu////
A D/hitchhiker////
A D/ibutton-pdkit////
A D/ical////
A D/ipbt////
A D/iselect////
A D/ja-less////
A D/ja-man////
A D/jhd////
A D/jitterbug////
A D/jive////
A D/kanjidic////
A D/kanjidic2////
A D/kanjipad////
A D/kchm////
A D/kchmviewer////
A D/kde3-dirs////
A D/kdeaccessibility3////
A D/kdeaddons2////
A D/kdeaddons3////
A D/kdeadmin2////
A D/kdeadmin3////
A D/kdeartwork2////
A D/kdeartwork3////
A D/kdeedu3////
A D/kdepim2////
A D/kdepim3////
A D/kdeutils////
A D/kdeutils2////
A D/kdeutils3////
A D/kdrill////
A D/kgeography////
A D/kmemaid////
A D/kodos////
A D/koffice////
A D/koffice-devel////
A D/koffice-i18n-af////
A D/koffice-i18n-bg////
A D/koffice-i18n-br////
A D/koffice-i18n-ca////
A D/koffice-i18n-cs////
A D/koffice-i18n-cy////
A D/koffice-i18n-da////
A D/koffice-i18n-de////
A D/koffice-i18n-el////
A D/koffice-i18n-en_GB////
A D/koffice-i18n-eo////
A D/koffice-i18n-es////
A D/koffice-i18n-et////
A D/koffice-i18n-fa////
A D/koffice-i18n-fi////
A D/koffice-i18n-fr////
A D/koffice-i18n-he////
A D/koffice-i18n-hsb////
A D/koffice-i18n-hu////
A D/koffice-i18n-it////
A D/koffice-i18n-ja////
A D/koffice-i18n-lo////
A D/koffice-i18n-mt////
A D/koffice-i18n-nb////
A D/koffice-i18n-nl////
A D/koffice-i18n-nn////
A D/koffice-i18n-pl////
A D/koffice-i18n-pt////
A D/koffice-i18n-pt_BR////
A D/koffice-i18n-ru////
A D/koffice-i18n-se////
A D/koffice-i18n-sk////
A D/koffice-i18n-sl////
A D/koffice-i18n-sr////
A D/koffice-i18n-sv////
A D/koffice-i18n-tg////
A D/koffice-i18n-th////
A D/koffice-i18n-tr////
A D/koffice-i18n-ven////
A D/koffice-i18n-xh////
A D/koffice-i18n-zh_CN////
A D/koffice-i18n-zh_TW////
A D/koffice-i18n-zu////
A D/koffice-l10n-da////
A D/koffice-l10n-de////
A D/koffice-l10n-en_GB////
A D/koffice-l10n-es////
A D/koffice-l10n-et////
A D/koffice-l10n-fi////
A D/koffice-l10n-fr////
A D/koffice-l10n-pl////
A D/koffice11////
A D/koffice3////
A D/kp////
A D/kstars////
A D/ktail////
A D/latin-words-bin////
A D/less////
A D/libcdio////
A D/libdvdcss////
A D/libdvdplay////
A D/libdvdread////
A D/libquantum////
A D/libutf////
A D/lile////
A D/linux-words////
A D/linuxls////
A D/loco////
A D/logsurfer////
A D/lookup////
A D/lv////
A D/m17n-contrib////
A D/m17n-db////
A D/m17n-docs////
A D/magicpoint////
A D/mc////
A D/mirmon////
A D/mmv////
A D/molden////
A D/most////
A D/mtail////
A D/multitail////
A D/nxtvepg////
A D/ooqstart////
A D/open2300////
A D/open2300-mysql////
A D/openoffice////
A D/openoffice-bin////
A D/openoffice-linux////
A D/openoffice2////
A D/openoffice2-bin////
A D/orca////
A D/oto////
A D/p5-Array-PrintCols////
A D/p5-Business-CreditCard////
A D/p5-Business-ISBN////
A D/p5-Business-ISBN-Data////
A D/p5-Business-UPS////
A D/p5-ControlX10-CM11////
A D/p5-ControlX10-CM17////
A D/p5-File-MMagic////
A D/p5-File-Tail////
A D/p5-Geo-Coordinates-UTM////
A D/p5-Geo-Weather////
A D/p5-Geography-Countries////
A D/p5-I18N-LangTags////
A D/p5-Lingua-EN-Numbers-Ordinate////
A D/p5-Lingua-Preferred////
A D/p5-Locale-Codes////
A D/p5-Locale-Maketext////
A D/p5-Locale-Maketext-Fuzzy////
A D/p5-Locale-Maketext-Lexicon////
A D/p5-Locale-Maketext-Simple////
A D/p5-Locale-libintl////
A D/p5-Mac-Macbinary////
A D/p5-Msgcat////
A D/p5-Scalar-List-Utils////
A D/p5-Search////
A D/par////
A D/parchive////
A D/pciids////
A D/pdmenu////
A D/php-calendar////
A D/php-mbstring////
A D/php4-calendar////
A D/php4-mbstring////
A D/pinfo////
A D/pkg////
A D/plan////
A D/ppower////
A D/proj////
A D/proj-doc////
A D/pty-redir////
A D/py-Tk////
A D/py-mxDateTime////
A D/py-readline////
A D/pyqt_memaid////
A D/qbrew////
A D/qterm////
A D/quicklist////
A D/reed////
A D/remind////
A D/rlwrap////
A D/root////
A D/root-tail////
A D/routeplanner-cli////
A D/rox-memo////
A D/rpm////
A D/ruby-configuration////
A D/ruby-daemons////
A D/ruby-gem_plugin////
A D/ruby-launchy////
A D/ruby-progressbar////
A D/ruby-transaction-simple////
A D/rubygems////
A D/sc////
A D/sch////
A D/sci////
A D/screen////
A D/setiathome////
A D/siag////
A D/softmaker-office-demo////
A D/splitvt////
A D/staroffice////
A D/stellarium////
A D/taskjuggler////
A D/tclticker////
A D/tds////
A D/team////
A D/theme-dirs////
A D/tkcron////
A D/tkinfo////
A D/tkman////
A D/ttyrec////
A D/udfclient////
A D/ukpostcodes////
A D/unclutter////
A D/uptimec////
A D/utftools////
A D/vera////
A D/vfu////
A D/visual-regexp////
A D/vttest////
A D/vym////
A D/watch////
A D/wdic////
A D/xchm////
A D/xdg-dirs////
A D/xdg-x11-dirs////
A D/xfce4-weather-plugin////
A D/xfinans////
A D/xgas////
A D/xinvest////
A D/xjdic////
A D/xless////
A D/xorg-dirs////
A D/xorg-docs////
A D/xpns////
A D/xrolodex////
A D/xtail////
A D/xtend////
A D/xtide////
A D/xtimer////
A D/yelp////
A D/yrolo////
A D/zorro////
R D/xtimer////
R D/xpns////
R D/xorg-docs////
R D/xorg-dirs////
R D/xless////
R D/xinvest////
R D/xgas////
R D/xfinans////
R D/unclutter////
R D/tkman////
R D/tkinfo////
R D/tkcron////
R D/tclticker////
R D/staroffice////
R D/setiathome////
R D/sc////
R D/ruby-transaction-simple////
R D/ruby-progressbar////
R D/ruby-launchy////
R D/ruby-configuration////
R D/remind////
R D/quicklist////
R D/py-readline////
R D/py-mxDateTime////
R D/py-Tk////
R D/plan////
R D/pkg////
R D/php4-mbstring////
R D/php4-calendar////
R D/par////
R D/p5-Scalar-List-Utils////
R D/p5-Lingua-Preferred////
R D/p5-Lingua-EN-Numbers-Ordinate////
R D/oto////
R D/openoffice-linux////
R D/ooqstart////
R D/mc////
R D/magicpoint////
R D/m17n-docs////
R D/m17n-db////
R D/m17n-contrib////
R D/linuxls////
R D/linux-words////
R D/libdvdread////
R D/libdvdplay////
R D/libdvdcss////
R D/ktail////
R D/kstars////
R D/koffice3////
R D/koffice11////
R D/koffice-i18n-zu////
R D/koffice-i18n-zh_TW////
R D/koffice-i18n-zh_CN////
R D/koffice-i18n-xh////
R D/koffice-i18n-ven////
R D/koffice-i18n-tr////
R D/koffice-i18n-th////
R D/koffice-i18n-tg////
R D/koffice-i18n-sv////
R D/koffice-i18n-sr////
R D/koffice-i18n-sl////
R D/koffice-i18n-sk////
R D/koffice-i18n-se////
R D/koffice-i18n-ru////
R D/koffice-i18n-pt_BR////
R D/koffice-i18n-pt////
R D/koffice-i18n-pl////
R D/koffice-i18n-nn////
R D/koffice-i18n-nl////
R D/koffice-i18n-nb////
R D/koffice-i18n-mt////
R D/koffice-i18n-lo////
R D/koffice-i18n-ja////
R D/koffice-i18n-it////
R D/koffice-i18n-hu////
R D/koffice-i18n-hsb////
R D/koffice-i18n-he////
R D/koffice-i18n-fr////
R D/koffice-i18n-fi////
R D/koffice-i18n-fa////
R D/koffice-i18n-et////
R D/koffice-i18n-es////
R D/koffice-i18n-eo////
R D/koffice-i18n-en_GB////
R D/koffice-i18n-el////
R D/koffice-i18n-de////
R D/koffice-i18n-da////
R D/koffice-i18n-cy////
R D/koffice-i18n-cs////
R D/koffice-i18n-ca////
R D/koffice-i18n-br////
R D/koffice-i18n-bg////
R D/koffice-i18n-af////
R D/koffice-devel////
R D/kgeography////
R D/kdeutils2////
R D/kdeutils////
R D/kdepim2////
R D/kdeartwork2////
R D/kdeadmin2////
R D/kdeaddons2////
R D/ical////
R D/hitchhiker////
R D/gstreamer////
R D/gst-plugins////
R D/gpsdrive////
R D/gpsd////
R D/goffice0.6////
R D/gnucash////
R D/gnome2-utils////
R D/gnome2-user-docs////
R D/gnome-pim////
R D/gnofin////
R D/glabels////
R D/gkrellm2-flynn////
R D/gkrellm1-weather////
R D/gkrellm1-moon////
R D/gettext////
R D/freewnn-common////
R D/fooseti////
R D/emma////
R D/dvtm////
R D/dsbr100////
R D/drwright////
R D/dictd////
R D/celestia-kde////
R D/celestia-gtk////
R D/celestia-gnome////
R D/cdialog////
R D/cardboard-schedule////
R D/cal////
R D/blackbook////
R D/amanda-server////
R D/amanda-common////
R D/amanda-client////
R D/amanda////
R D/XFree86-man////
R D/XFree86-docs////
R D/XFree86-dirs////
