A D/Cg-compiler////
A D/RScheme////
A D/STk////
A D/SmartEiffel////
A D/a60////
A D/awka////
A D/baci////
A D/blackdown-jdk12////
A D/blackdown-jdk13////
A D/blackdown-jre12////
A D/blackdown-jre13////
A D/brandybasic////
A D/bwbasic////
A D/caml-light////
A D/camlp4////
A D/camlp5////
A D/ccsh////
A D/cdl3////
A D/chicken////
A D/cilk////
A D/cim////
A D/cint////
A D/classpath////
A D/classpath-gui////
A D/clisp////
A D/coq////
A D/cu-prolog////
A D/drscheme////
A D/dylan-compiler////
A D/dylan-interpreter////
A D/eag////
A D/egcs////
A D/egcs-current////
A D/eieio////
A D/elisp-manual////
A D/elk////
A D/erlang////
A D/erlang-doc////
A D/erlang-man////
A D/expect////
A D/ezm3////
A D/f2c////
A D/focal////
A D/fort77////
A D/g95////
A D/gauche////
A D/gawk////
A D/gb////
A D/gcc////
A D/gcc-3.4////
A D/gcc-ssp////
A D/gcc3////
A D/gcc3-ada////
A D/gcc3-c////
A D/gcc3-c++////
A D/gcc3-f77////
A D/gcc3-java////
A D/gcc3-objc////
A D/gcc34////
A D/gcc34-ada////
A D/gccAda-3.4////
A D/gforth////
A D/ghc////
A D/gpc////
A D/gprolog////
A D/guavac////
A D/guile////
A D/guile14////
A D/guile16////
A D/gwydion-dylan////
A D/hugs////
A D/icon////
A D/inform////
A D/intercal////
A D/ja-gawk////
A D/jamvm////
A D/japhar////
A D/jasmin////
A D/java-lang-spec////
A D/java-vm-spec////
A D/java-wrapper////
A D/jbuilder-jit////
A D/jdk////
A D/jdk-openjit////
A D/jikes////
A D/jikes112////
A D/jini////
A D/joos////
A D/js////
A D/kaffe////
A D/kaffe-esound////
A D/kaffe-nox11////
A D/kaffe-x11////
A D/kali////
A D/ksi////
A D/libperl////
A D/libperl-current////
A D/librep////
A D/libstatgrab////
A D/libtcl-nothread////
A D/lua////
A D/lua4////
A D/lush////
A D/maude////
A D/mawk////
A D/mercury////
A D/minischeme////
A D/mit-scheme-bin////
A D/mono////
A D/monodoc////
A D/moscow_ml////
A D/mpd////
A D/mzscheme////
A D/nawk////
A D/nhc98////
A D/objc////
A D/ocaml////
A D/ocamlduce////
A D/onyx////
A D/oo2c////
A D/openc++////
A D/opencobol////
A D/ossp-js////
A D/otcl////
A D/p2c////
A D/parrot////
A D/pcc////
A D/pcc-current////
A D/pear////
A D/perl5////
A D/perl5-base////
A D/perl5-current////
A D/perl58////
A D/perl58-thread////
A D/pforth////
A D/pgcc////
A D/php////
A D/php5////
A D/pkg////
A D/pnet////
A D/pnetC////
A D/pnetlib////
A D/pnetlib-nox11////
A D/py-Numeric////
A D/py-basicproperty////
A D/py-extclass////
A D/py-funge////
A D/py-html-docs////
A D/py-psyco////
A D/py-pyrex////
A D/py21-html-docs////
A D/py22-html-docs////
A D/py23-html-docs////
A D/py24-html-docs////
A D/python////
A D/python15////
A D/python20////
A D/python21////
A D/python21-pth////
A D/python22////
A D/python22-pth////
A D/python23////
A D/python23-nth////
A D/python23-pth////
A D/python24////
A D/python24-pth////
A D/rexx-imc////
A D/rexx-regina////
A D/ruby////
A D/ruby-base////
A D/ruby-doc-stdlib////
A D/ruby14////
A D/ruby14-base////
A D/ruby16////
A D/ruby16-base////
A D/ruby18////
A D/ruby18-base////
A D/sablevm////
A D/sablevm-classpath////
A D/sablevm-classpath-gui////
A D/sather////
A D/sbcl////
A D/scheme48////
A D/scm////
A D/scsl-jdk15////
A D/scsl-jre15////
A D/sigscheme////
A D/siod////
A D/smalleiffel////
A D/smalltalk////
A D/smarteiffel////
A D/sml-nj////
A D/smlnj////
A D/snobol////
A D/spidermonkey////
A D/spl////
A D/squeak////
A D/sr////
A D/sr-examples////
A D/stalin////
A D/sun-jdk13////
A D/sun-jdk14////
A D/sun-jdk15////
A D/sun-jdk6////
A D/sun-jre13////
A D/sun-jre14////
A D/sun-jre15////
A D/sun-jre6////
A D/swi-prolog////
A D/swi-prolog-lite////
A D/swi-prolog-packages////
A D/tcl////
A D/tcl-expect////
A D/tcl-itcl////
A D/tcl-itcl-current////
A D/tcl-otcl////
A D/tcl-tclX////
A D/tcl80////
A D/tcl83////
A D/tclX80////
A D/tclman80////
A D/tinyscheme////
A D/tk-expect////
A D/tk-tclX////
A D/twelf////
A D/ucblogo////
A D/umb-scheme////
A D/utilisp////
A D/vast_f90////
A D/vscm////
A D/vslisp////
A D/win32-jdk////
A D/wonka////
A D/wsbasic////
A D/yabasic////
A D/yap////
R D/wonka////
R D/win32-jdk////
R D/vast_f90////
R D/tclman80////
R D/tclX80////
R D/tcl80////
R D/sml-nj////
R D/smarteiffel////
R D/sigscheme////
R D/ruby16-base////
R D/ruby16////
R D/ruby14-base////
R D/ruby14////
R D/ruby-base////
R D/python24-pth////
R D/python23-pth////
R D/python22-pth////
R D/python21-pth////
R D/py-extclass////
R D/py-Numeric////
R D/pkg////
R D/pgcc////
R D/perl58-thread////
R D/perl58////
R D/perl5-current////
R D/perl5-base////
R D/pcc-current////
R D/otcl////
R D/ossp-js////
R D/openc++////
R D/monodoc////
R D/lua4////
R D/libstatgrab////
R D/libperl-current////
R D/libperl////
R D/kaffe-nox11////
R D/jikes112////
R D/java-wrapper////
R D/guile14////
R D/guavac////
R D/gccAda-3.4////
R D/gcc-3.4////
R D/gb////
R D/expect////
R D/egcs-current////
R D/egcs////
R D/dylan-interpreter////
R D/dylan-compiler////
R D/cilk////
R D/camlp4////
R D/blackdown-jre12////
R D/blackdown-jdk12////
R D/RScheme////
