A D/GutenMark////
A D/GutenMark-words////
A D/Markdown////
A D/WordNet////
A D/aiksaurus////
A D/antiword////
A D/asciidoc////
A D/aspell////
A D/aspell-breton////
A D/aspell-catalan////
A D/aspell-czech////
A D/aspell-danish////
A D/aspell-dutch////
A D/aspell-english////
A D/aspell-esperanto////
A D/aspell-faroese////
A D/aspell-francais////
A D/aspell-gaeilge////
A D/aspell-german////
A D/aspell-greek////
A D/aspell-italian////
A D/aspell-norwegian////
A D/aspell-polish////
A D/aspell-portuguese////
A D/aspell-romanian////
A D/aspell-russian////
A D/aspell-slovak////
A D/aspell-spanish////
A D/aspell-svenska////
A D/aspell-ukrainian////
A D/aspell-welsh////
A D/astyle////
A D/awf////
A D/bgrep////
A D/bibclean////
A D/biblook////
A D/bibparse////
A D/bsdgrep////
A D/bsdgrep-devel////
A D/btparse////
A D/c2html////
A D/catdoc////
A D/catdoc-tk////
A D/cawf////
A D/cdif////
A D/chasen////
A D/chasen-base////
A D/convertlit////
A D/crimson////
A D/db2latex////
A D/dblatex////
A D/detex////
A D/dict-client////
A D/dict-dictionaries////
A D/dict-server////
A D/dictem////
A D/diction////
A D/diffsplit////
A D/diffstat////
A D/docbook////
A D/docbook-simple////
A D/docbook-website////
A D/docbook-xml////
A D/docbook-xsl////
A D/doclifter////
A D/dsssl-docbook-modular////
A D/dtdparse////
A D/dvipng////
A D/eb////
A D/eblook////
A D/ebview////
A D/emacs-dict-client////
A D/emacs-muse////
A D/enca////
A D/enchant////
A D/eperl////
A D/expat////
A D/expatobjc////
A D/ezxml////
A D/files////
A D/flyspell////
A D/fop////
A D/freepwing////
A D/gawk////
A D/gdome2////
A D/glimpse////
A D/gnome-doc-utils////
A D/gnome-spell////
A D/gocr////
A D/grep////
A D/groff////
A D/gsed////
A D/gtk-doc////
A D/gtkspell////
A D/harmony////
A D/helpdeco////
A D/hevea////
A D/highlight////
A D/hre////
A D/html////
A D/html2text////
A D/html2wml////
A D/hugs-HaXml////
A D/hunspell////
A D/hunspell-de////
A D/hunspell-en_GB////
A D/hunspell-en_US////
A D/hunspell-hu_HU////
A D/hyperestraier////
A D/icu////
A D/intltool////
A D/ipadic////
A D/isearch////
A D/iso-codes////
A D/iso12083////
A D/iso8879////
A D/ispell////
A D/ispell-base////
A D/ispell-british////
A D/ispell-catalan////
A D/ispell-emacs////
A D/ispell-francais////
A D/ispell-gaeilge////
A D/ispell-german////
A D/ispell-polski////
A D/ispell-romanian////
A D/ispell-russian////
A D/ispell-russian-io////
A D/ispell-slovak////
A D/ispell-spanish////
A D/ispell-svenska////
A D/itex2MML////
A D/ja-grep////
A D/ja-groff////
A D/ja-sed////
A D/jade////
A D/java-mecab////
A D/jdom////
A D/jing////
A D/kakasi////
A D/kbanner////
A D/kdoc////
A D/latex2html////
A D/libcroco////
A D/liblrdf////
A D/libpathan////
A D/libpspell////
A D/libunicode////
A D/libxml////
A D/libxml++////
A D/libxml++1////
A D/libxml++2////
A D/libxml2////
A D/libxslt////
A D/lout////
A D/lq-sp////
A D/lua-expat////
A D/makeztxt////
A D/mecab////
A D/mecab-base////
A D/mecab-ipadic////
A D/mecab-jumandic////
A D/metauml////
A D/migemo////
A D/migemo-elisp////
A D/mminstance////
A D/mswordview////
A D/mxml////
A D/namazu////
A D/namazu1////
A D/namazu2////
A D/nbgrep////
A D/nbsed////
A D/ndtpd////
A D/nxml-mode////
A D/o3read////
A D/openjade////
A D/opensp////
A D/p5-CAM-PDF////
A D/p5-Convert-ASCII-Armour////
A D/p5-Convert-ASN1////
A D/p5-Convert-BER////
A D/p5-Convert-PEM////
A D/p5-Cz-Cstools////
A D/p5-Data-FormValidator////
A D/p5-Encode////
A D/p5-Encode-Detect////
A D/p5-Feed-Find////
A D/p5-File-ReadBackwards////
A D/p5-Filter////
A D/p5-Lingua-EN-Inflect////
A D/p5-Lingua-EN-Numbers-Ordinate////
A D/p5-Lingua-EN-Sentence////
A D/p5-Lingua-Preferred////
A D/p5-Lingua-Stem-Snowball////
A D/p5-Net-Dict////
A D/p5-Number-Format////
A D/p5-PDF////
A D/p5-PDF-API2////
A D/p5-PDF-Create////
A D/p5-Pod-Coverage////
A D/p5-Pod-Escapes////
A D/p5-Pod-POM////
A D/p5-Pod-Simple////
A D/p5-Pod-Tests////
A D/p5-Pod-Tree////
A D/p5-Regexp-Common////
A D/p5-SGMLS////
A D/p5-String-Approx////
A D/p5-String-CRC32////
A D/p5-String-Random////
A D/p5-String-ShellQuote////
A D/p5-Template-Plugin-Number-Format////
A D/p5-Text-Autoformat////
A D/p5-Text-Balanced////
A D/p5-Text-BibTeX////
A D/p5-Text-CSV-Hash////
A D/p5-Text-CSV_XS////
A D/p5-Text-CVS_XS////
A D/p5-Text-ChaSen////
A D/p5-Text-CharWidth////
A D/p5-Text-Context-EitherSide////
A D/p5-Text-DelimMatch////
A D/p5-Text-Diff////
A D/p5-Text-Diff-HTML////
A D/p5-Text-Emoticon////
A D/p5-Text-Emoticon-MSN////
A D/p5-Text-Format////
A D/p5-Text-Glob////
A D/p5-Text-Kakasi////
A D/p5-Text-LevenshteinXS////
A D/p5-Text-Markdown////
A D/p5-Text-PDF////
A D/p5-Text-Quoted////
A D/p5-Text-Reflow////
A D/p5-Text-Reform////
A D/p5-Text-RewriteRules////
A D/p5-Text-Shellwords////
A D/p5-Text-Substitute////
A D/p5-Text-Tabs+Wrap////
A D/p5-Text-Template////
A D/p5-Text-Textile////
A D/p5-Text-Unaccent////
A D/p5-Text-WikiFormat////
A D/p5-Text-WrapI18N////
A D/p5-Text-Wrapper////
A D/p5-Text-vCard////
A D/p5-Text-vFile-asData////
A D/p5-XML-Atom////
A D/p5-XML-Atom-SimpleFeed////
A D/p5-XML-Atom-Stream////
A D/p5-XML-AutoWriter////
A D/p5-XML-Checker////
A D/p5-XML-Clean////
A D/p5-XML-DOM////
A D/p5-XML-Dumper////
A D/p5-XML-Encoding////
A D/p5-XML-Feed////
A D/p5-XML-Filter-BufferText////
A D/p5-XML-Filter-DOMFilter-LibXML////
A D/p5-XML-Filter-DetectWS////
A D/p5-XML-Filter-Reindent////
A D/p5-XML-Filter-SAXT////
A D/p5-XML-Grove////
A D/p5-XML-Handler-Trees////
A D/p5-XML-Handler-YAWriter////
A D/p5-XML-LibXML////
A D/p5-XML-LibXML-Common////
A D/p5-XML-LibXML-Iterator////
A D/p5-XML-LibXML-XPathContext////
A D/p5-XML-LibXSLT////
A D/p5-XML-NamespaceSupport////
A D/p5-XML-Node////
A D/p5-XML-NodeFilter////
A D/p5-XML-Parser////
A D/p5-XML-RAI////
A D/p5-XML-RSS////
A D/p5-XML-RSS-Parser////
A D/p5-XML-RegExp////
A D/p5-XML-SAX////
A D/p5-XML-SAX-Expat////
A D/p5-XML-SAX-Writer////
A D/p5-XML-Sablotron////
A D/p5-XML-SemanticDiff////
A D/p5-XML-Simple////
A D/p5-XML-Stream////
A D/p5-XML-Twig////
A D/p5-XML-UM////
A D/p5-XML-Writer////
A D/p5-XML-Writer-String////
A D/p5-XML-XPath////
A D/p5-XML-XQL////
A D/p5-XML-XSLT////
A D/p5-XML-XUpdate-LibXML////
A D/p5-XML-Xerces////
A D/p5-XML-YAWriter////
A D/p5-YAML////
A D/p5-YAML-Syck////
A D/p5-libxml////
A D/p5-libxml-enno////
A D/p5-mecab////
A D/p5-native-hyperestraier////
A D/par////
A D/patches////
A D/php-json////
A D/php-pspell////
A D/php-wddx////
A D/php4-domxml////
A D/php4-sablot////
A D/php4-wddx////
A D/php4-xml////
A D/php4-xslt////
A D/php5-dom////
A D/php5-xsl////
A D/pkg////
A D/po4a////
A D/postgresql-autodoc////
A D/psgml-mode////
A D/pxp////
A D/py-4suite////
A D/py-Excelerator////
A D/py-FourSuite////
A D/py-HappyDoc////
A D/py-Lupy////
A D/py-Reverend////
A D/py-SimpleParse////
A D/py-X////
A D/py-cmTemplate////
A D/py-csv////
A D/py-docutils////
A D/py-dtml////
A D/py-elementtree////
A D/py-expat////
A D/py-feedparser////
A D/py-gdick////
A D/py-gnosis-utils////
A D/py-html2text////
A D/py-libxml2////
A D/py-libxslt////
A D/py-markdown////
A D/py-mecab////
A D/py-textile////
A D/py-xml////
A D/py-xmltools////
A D/py-yaml////
A D/pyDict////
A D/pyxml////
A D/qprint////
A D/qsubst////
A D/raptor////
A D/rarian////
A D/regexx////
A D/rfcutil////
A D/rman////
A D/robodoc////
A D/rtcutil////
A D/rtf-tools////
A D/rtfm////
A D/rubber////
A D/ruby-amrita////
A D/ruby-bluecloth////
A D/ruby-builder////
A D/ruby-coderay////
A D/ruby-diff-lcs////
A D/ruby-erb////
A D/ruby-eruby////
A D/ruby-fastercsv////
A D/ruby-feed-normalizer////
A D/ruby-ferret////
A D/ruby-haml////
A D/ruby-hpricot////
A D/ruby-html-parser////
A D/ruby-htree////
A D/ruby-itex2MML////
A D/ruby-json////
A D/ruby-json-pure////
A D/ruby-libxml////
A D/ruby-markaby////
A D/ruby-maruku////
A D/ruby-mecab////
A D/ruby-native-hyperestraier////
A D/ruby-nqxml////
A D/ruby-pure-hyperestraier////
A D/ruby-rdoc////
A D/ruby-rdtool////
A D/ruby-redcloth////
A D/ruby-rexml////
A D/ruby-rison////
A D/ruby-rttool////
A D/ruby-sary////
A D/ruby-simple-rss////
A D/ruby-suikyo////
A D/ruby-syck////
A D/ruby-syntax////
A D/ruby-xmlparser////
A D/ruby-xmlscan////
A D/ruby-xslt////
A D/ruby18-libxml////
A D/sablotron////
A D/sary////
A D/saxon////
A D/scew////
A D/scrollkeeper////
A D/source-highlight////
A D/sp////
A D/stardic////
A D/subtitleripper////
A D/suikyo////
A D/suikyo-conv-table////
A D/suikyo-docs////
A D/suikyo-elisp////
A D/t1lib////
A D/t1libx////
A D/t1utils////
A D/tcl-dom////
A D/tcl-expat////
A D/tcl-xml////
A D/tcldom////
A D/tclxml////
A D/ted////
A D/ted-cs////
A D/ted-da////
A D/ted-de////
A D/ted-en-gb////
A D/ted-en-us////
A D/ted-es////
A D/ted-fr////
A D/ted-it////
A D/ted-nl////
A D/ted-no////
A D/ted-pt////
A D/ted-sv////
A D/tei////
A D/teixsl-fo////
A D/teixsl-html////
A D/tex-xmltex////
A D/tex2page////
A D/texi2html////
A D/texi2roff////
A D/textutils////
A D/trang////
A D/troffcvt////
A D/unroff////
A D/untex////
A D/uriparser////
A D/urlview////
A D/vis////
A D/wbxml2////
A D/wdiff////
A D/writer2latex////
A D/xalan-c////
A D/xalan-j////
A D/xerces-c////
A D/xerces-j////
A D/xerces-j-current////
A D/xerces-p////
A D/xfce4-dict-plugin////
A D/xhtml////
A D/xhtmldiff////
A D/xlhtml////
A D/xml-i18n-tools////
A D/xml2doc////
A D/xmlcatmgr////
A D/xmlindent////
A D/xmlrpc-c////
A D/xmlstarlet////
A D/xmlto////
A D/xmltoman////
A D/xp////
A D/xslide////
A D/xt////
A D/yodl////
R D/xmltoman////
R D/xml-i18n-tools////
R D/xlhtml////
R D/xerces-p////
R D/xerces-j-current////
R D/wbxml2////
R D/textutils////
R D/ted-sv////
R D/ted-pt////
R D/ted-no////
R D/ted-nl////
R D/ted-it////
R D/ted-fr////
R D/ted-es////
R D/ted-en-us////
R D/ted-en-gb////
R D/ted-de////
R D/ted-da////
R D/ted-cs////
R D/ted////
R D/tclxml////
R D/tcldom////
R D/t1utils////
R D/t1libx////
R D/t1lib////
R D/suikyo-elisp////
R D/suikyo-docs////
R D/suikyo-conv-table////
R D/suikyo////
R D/sp////
R D/sary////
R D/ruby18-libxml////
R D/ruby-xslt////
R D/ruby-syck////
R D/ruby-suikyo////
R D/ruby-sary////
R D/ruby-rison////
R D/ruby-rexml////
R D/ruby-rdoc////
R D/ruby-markaby////
R D/ruby-libxml////
R D/ruby-json-pure////
R D/ruby-json////
R D/ruby-haml////
R D/ruby-fastercsv////
R D/ruby-erb////
R D/ruby-diff-lcs////
R D/ruby-coderay////
R D/ruby-builder////
R D/ruby-bluecloth////
R D/rtcutil////
R D/pyxml////
R D/pyDict////
R D/py-xmltools////
R D/py-dtml////
R D/py-Lupy////
R D/py-Excelerator////
R D/py-4suite////
R D/pkg////
R D/php4-xml////
R D/php4-wddx////
R D/php4-sablot////
R D/patches////
R D/p5-libxml-enno////
R D/p5-XML-YAWriter////
R D/p5-XML-LibXML-XPathContext////
R D/p5-Text-CVS_XS////
R D/p5-String-Random////
R D/nbgrep////
R D/namazu2////
R D/namazu1////
R D/mswordview////
R D/mminstance////
R D/migemo-elisp////
R D/migemo////
R D/metauml////
R D/libxml++2////
R D/libpspell////
R D/ispell////
R D/hunspell-hu_HU////
R D/highlight////
R D/gocr////
R D/gawk////
R D/files////
R D/eperl////
R D/dvipng////
R D/bsdgrep////
R D/bgrep////
R D/astyle////
R D/WordNet////
