A D/aim////
A D/amsn////
A D/anope////
A D/bitchbot////
A D/bitchx////
A D/bitlbee////
A D/blackened////
A D/bnc////
A D/bsflite////
A D/centericq////
A D/centerim////
A D/cgiirc////
A D/climm////
A D/dccserver////
A D/dircproxy////
A D/dircproxy-devel////
A D/eggdrop////
A D/ejabberd////
A D/ekg////
A D/emech////
A D/epic4////
A D/epic4-doc////
A D/everybuddy////
A D/everybuddy-gnome////
A D/finch////
A D/fisg////
A D/fugu////
A D/gabber////
A D/gaim////
A D/gaim-encryption////
A D/gaim-gnome////
A D/gaim-gtk1////
A D/gaim-icb////
A D/gaim-otr////
A D/gale////
A D/gg2////
A D/gnomeicu////
A D/goofey////
A D/gossip////
A D/gtkyahoo////
A D/gtmess////
A D/i2cb////
A D/i2cbd////
A D/icb////
A D/icbirc////
A D/ickle////
A D/icqlib////
A D/iip////
A D/inspircd////
A D/ircII////
A D/ircd-hybrid////
A D/irchat////
A D/irchat-pj////
A D/ircservices////
A D/ircu////
A D/iroffer////
A D/irssi////
A D/irssi-icb////
A D/jabberd////
A D/jabberd2////
A D/kadu////
A D/kicq////
A D/kmess////
A D/konversation////
A D/kopete////
A D/kxicq////
A D/kyahoo////
A D/kyim////
A D/libicq2000////
A D/libirc////
A D/libotr////
A D/libpurple////
A D/libtlen////
A D/libyahoo////
A D/licq-core////
A D/licq-gui-console////
A D/licq-gui-qt////
A D/liece////
A D/lmme////
A D/loudmouth////
A D/meanwhile////
A D/micq////
A D/msnre////
A D/mu-conference////
A D/naim////
A D/navi2ch////
A D/ninja////
A D/p5-Net-AIM////
A D/p5-Net-AOLIM////
A D/p5-Net-Goofey////
A D/p5-Net-ICQ2000////
A D/p5-Net-Jabber////
A D/p5-POE-Component-IRC////
A D/p5-POE-Filter-IRCD////
A D/pidgin////
A D/pidgin-icb////
A D/pidgin-otr////
A D/pidgin-sametime////
A D/pidgin-silc////
A D/pircbot////
A D/pkg////
A D/psi////
A D/psi-ssl////
A D/quirc////
A D/riece////
A D/roxirc////
A D/scrollz////
A D/ser////
A D/silc-client////
A D/silc-client-icb////
A D/silc-server////
A D/sirc////
A D/smirk////
A D/tik////
A D/tirc////
A D/tkabber////
A D/tkicb////
A D/tkirc////
A D/tkirc2////
A D/tzc////
A D/unrealircd////
A D/vicq////
A D/weechat////
A D/xaric////
A D/xchat////
A D/xchat-gnome////
A D/xchat-perl////
A D/xchat-python////
A D/xchat-systray-integration////
A D/xchat2////
A D/ymessenger////
A D/ysm////
A D/zenicb////
A D/zenirc////
A D/zephyr////
A D/zephyr-current////
A D/zephyr-mode////
A D/zircon////
R D/zephyr-current////
R D/xchat2////
R D/xchat-gnome////
R D/tkabber////
R D/smirk////
R D/ser////
R D/psi-ssl////
R D/pkg////
R D/micq////
R D/lmme////
R D/liece////
R D/libyahoo////
R D/libicq2000////
R D/kyim////
R D/kyahoo////
R D/kxicq////
R D/kopete////
R D/kicq////
R D/irchat////
R D/ickle////
R D/gtkyahoo////
R D/gaim-gtk1////
R D/gaim-gnome////
R D/gabber////
R D/everybuddy-gnome////
R D/everybuddy////
R D/ejabberd////
