A D/3ddesktop////
A D/9wm////
A D/aewm++////
A D/afterstep////
A D/afterstep1////
A D/amaterus////
A D/amiwm////
A D/aquaified////
A D/ascp////
A D/awesome////
A D/bbconf////
A D/bbkeys////
A D/bbkeys-qt////
A D/bbkeys09////
A D/bbpager////
A D/bbpager04////
A D/bbrun////
A D/blackbox////
A D/blackbox70////
A D/bsetroot////
A D/compiz////
A D/ctwm////
A D/cwm////
A D/dwm////
A D/e16menuedit2////
A D/econf////
A D/enlightenment////
A D/ethemes////
A D/evilwm////
A D/fluxbox////
A D/fluxconf////
A D/fluxter////
A D/flwm////
A D/fvwm////
A D/fvwm-devel////
A D/fvwm-themes////
A D/fvwm1////
A D/fvwm2////
A D/fvwm2-current////
A D/fvwm2-themes////
A D/fvwm95////
A D/gnome-compiz-manager////
A D/golem////
A D/icecc////
A D/icepref////
A D/icewm////
A D/icewm-gnome////
A D/icewm-imlib////
A D/icewmconf////
A D/ion////
A D/ion-devel////
A D/ion3-devel////
A D/jwm////
A D/larswm////
A D/lwm////
A D/matchbox////
A D/matchbox-wm////
A D/menu2wm////
A D/metacity////
A D/metacity-setup////
A D/metisse////
A D/mlvwm////
A D/novawm////
A D/obconf////
A D/obpager////
A D/olvwm////
A D/openbox////
A D/openbox2////
A D/openbox3////
A D/oroborox////
A D/oroborus////
A D/pekwm////
A D/piewm////
A D/pkg////
A D/pwm////
A D/qvwm////
A D/ratpoison////
A D/sawfish////
A D/sawfish-replibs////
A D/sawfish-themes////
A D/scwm////
A D/selectwm////
A D/skippy////
A D/tvtwm////
A D/twm////
A D/uwm////
A D/vtwm////
A D/w9wm////
A D/waimea////
A D/wampager////
A D/weewm////
A D/whiteBOX////
A D/windowlab////
A D/windowmaker////
A D/wm2////
A D/wmakerconf////
A D/wmctrl////
A D/wmdrawer////
A D/wmextra////
A D/wmi////
A D/wmii////
A D/wmthemes////
A D/wmx////
A D/wmx-current////
A D/wmx-gnome////
A D/wmx-gnome-current////
A D/xfce4-wm////
A D/xfce4-wm-themes////
R D/wmx-gnome-current////
R D/wmx-current////
R D/scwm////
R D/sawfish-themes////
R D/sawfish-replibs////
R D/pkg////
R D/openbox3////
R D/openbox2////
R D/metacity-setup////
R D/menu2wm////
R D/matchbox////
R D/ion3-devel////
R D/ion-devel////
R D/icewm-gnome////
R D/icepref////
R D/fvwm95////
R D/fvwm2-themes////
R D/fvwm2-current////
R D/fvwm2////
R D/econf////
R D/bbkeys-qt////
R D/ascp////
R D/aquaified////
R D/afterstep1////
