A D/asterisk////
A D/asterisk-sounds-de-x9media////
A D/asterisk-sounds-extra////
A D/asterisk-sounds-native////
A D/binkd////
A D/birda////
A D/bthfp////
A D/conserver////
A D/conserver8////
A D/dl-ezkit////
A D/efax////
A D/efax-gtk////
A D/esms////
A D/estic////
A D/fidogate////
A D/gkermit////
A D/gnome-pilot////
A D/gscmxx////
A D/gsmlib////
A D/hylafax////
A D/ifcico-cm////
A D/jpilot////
A D/jpilot-expense////
A D/jpilot-libplugin////
A D/jpilot-syncmal////
A D/jpilot-synctime////
A D/kermit////
A D/kyopon////
A D/libmal////
A D/libopensync////
A D/libopensync-plugin-evolution2////
A D/libopensync-plugin-file////
A D/libopensync-plugin-kdepim////
A D/libopensync-plugin-syncml////
A D/libsyncml////
A D/linuxsms////
A D/lrzsz////
A D/malsync////
A D/mgetty+sendfax////
A D/minicom////
A D/modemd////
A D/msynctool////
A D/obexapp////
A D/obexftp////
A D/openobex////
A D/p5-Asterisk////
A D/p5-Device-Gsm////
A D/p5-Device-Modem////
A D/p5-Device-SerialPort////
A D/p5-pilot-link////
A D/pilot-link////
A D/pilot-link-libs////
A D/pilotmgr////
A D/pkg////
A D/plp////
A D/plptools////
A D/qpage////
A D/ruby-termios////
A D/scmxx////
A D/snooper////
A D/synce-dccm////
A D/synce-librapi2////
A D/synce-libsynce////
A D/synce-rra////
A D/synce-serial////
A D/tkhylafax////
A D/xisp////
A D/xtel////
A D/zaptel-netbsd////
R D/pkg////
R D/msynctool////
R D/libsyncml////
R D/libopensync-plugin-syncml////
R D/libopensync-plugin-kdepim////
R D/libopensync-plugin-file////
R D/libopensync-plugin-evolution2////
R D/jpilot-synctime////
R D/jpilot-libplugin////
R D/jpilot-expense////
R D/ifcico-cm////
